TimeQuest Timing Analyzer report for L1P5
Thu Sep 24 21:02:02 2020
Quartus II 64-Bit Version 13.0.1 Build 232 06/12/2013 Service Pack 1 SJ Web Edition


---------------------
; Table of Contents ;
---------------------
  1. Legal Notice
  2. TimeQuest Timing Analyzer Summary
  3. Parallel Compilation
  4. Clocks
  5. Slow Model Fmax Summary
  6. Slow Model Setup Summary
  7. Slow Model Hold Summary
  8. Slow Model Recovery Summary
  9. Slow Model Removal Summary
 10. Slow Model Minimum Pulse Width Summary
 11. Propagation Delay
 12. Minimum Propagation Delay
 13. Fast Model Setup Summary
 14. Fast Model Hold Summary
 15. Fast Model Recovery Summary
 16. Fast Model Removal Summary
 17. Fast Model Minimum Pulse Width Summary
 18. Propagation Delay
 19. Minimum Propagation Delay
 20. Multicorner Timing Analysis Summary
 21. Progagation Delay
 22. Minimum Progagation Delay
 23. Clock Transfers
 24. Report TCCS
 25. Report RSKM
 26. Unconstrained Paths
 27. TimeQuest Timing Analyzer Messages



----------------
; Legal Notice ;
----------------
Copyright (C) 1991-2013 Altera Corporation
Your use of Altera Corporation's design tools, logic functions 
and other software and tools, and its AMPP partner logic 
functions, and any output files from any of the foregoing 
(including device programming or simulation files), and any 
associated documentation or information are expressly subject 
to the terms and conditions of the Altera Program License 
Subscription Agreement, Altera MegaCore Function License 
Agreement, or other applicable license agreement, including, 
without limitation, that your use is for the sole purpose of 
programming logic devices manufactured by Altera and sold by 
Altera or its authorized distributors.  Please refer to the 
applicable agreement for further details.



+----------------------------------------------------------------------------------------+
; TimeQuest Timing Analyzer Summary                                                      ;
+--------------------+-------------------------------------------------------------------+
; Quartus II Version ; Version 13.0.1 Build 232 06/12/2013 Service Pack 1 SJ Web Edition ;
; Revision Name      ; L1P5                                                              ;
; Device Family      ; Cyclone II                                                        ;
; Device Name        ; EP2C20F484C7                                                      ;
; Timing Models      ; Final                                                             ;
; Delay Model        ; Combined                                                          ;
; Rise/Fall Delays   ; Unavailable                                                       ;
+--------------------+-------------------------------------------------------------------+


Parallel compilation was disabled, but you have multiple processors available. Enable parallel compilation to reduce compilation time.
+-------------------------------------+
; Parallel Compilation                ;
+----------------------------+--------+
; Processors                 ; Number ;
+----------------------------+--------+
; Number detected on machine ; 2      ;
; Maximum allowed            ; 1      ;
+----------------------------+--------+


----------
; Clocks ;
----------
No clocks to report.


---------------------------
; Slow Model Fmax Summary ;
---------------------------
No paths to report.


----------------------------
; Slow Model Setup Summary ;
----------------------------
No paths to report.


---------------------------
; Slow Model Hold Summary ;
---------------------------
No paths to report.


-------------------------------
; Slow Model Recovery Summary ;
-------------------------------
No paths to report.


------------------------------
; Slow Model Removal Summary ;
------------------------------
No paths to report.


------------------------------------------
; Slow Model Minimum Pulse Width Summary ;
------------------------------------------
No paths to report.


+----------------------------------------------------------+
; Propagation Delay                                        ;
+------------+-------------+-------+-------+-------+-------+
; Input Port ; Output Port ; RR    ; RF    ; FR    ; FF    ;
+------------+-------------+-------+-------+-------+-------+
; SW[0]      ; HEX0[0]     ;       ; 9.341 ; 9.341 ;       ;
; SW[0]      ; HEX0[1]     ; 9.129 ;       ;       ; 9.129 ;
; SW[0]      ; HEX0[2]     ; 9.119 ;       ;       ; 9.119 ;
; SW[0]      ; HEX0[5]     ;       ; 9.039 ; 9.039 ;       ;
; SW[0]      ; HEX1[0]     ;       ; 8.843 ; 8.843 ;       ;
; SW[0]      ; HEX1[1]     ; 7.621 ;       ;       ; 7.621 ;
; SW[0]      ; HEX1[2]     ; 7.621 ;       ;       ; 7.621 ;
; SW[0]      ; HEX1[5]     ;       ; 8.844 ; 8.844 ;       ;
; SW[0]      ; HEX2[0]     ;       ; 8.454 ; 8.454 ;       ;
; SW[0]      ; HEX2[1]     ; 8.462 ;       ;       ; 8.462 ;
; SW[0]      ; HEX2[2]     ; 8.502 ;       ;       ; 8.502 ;
; SW[0]      ; HEX2[5]     ;       ; 8.486 ; 8.486 ;       ;
; SW[1]      ; HEX0[0]     ; 8.670 ;       ;       ; 8.670 ;
; SW[1]      ; HEX0[3]     ; 8.256 ;       ;       ; 8.256 ;
; SW[1]      ; HEX0[4]     ; 8.253 ;       ;       ; 8.253 ;
; SW[1]      ; HEX0[5]     ; 8.368 ;       ;       ; 8.368 ;
; SW[1]      ; HEX0[6]     ; 8.253 ;       ;       ; 8.253 ;
; SW[1]      ; HEX1[0]     ; 8.520 ; 8.520 ; 8.520 ; 8.520 ;
; SW[1]      ; HEX1[3]     ; 7.313 ;       ;       ; 7.313 ;
; SW[1]      ; HEX1[4]     ; 7.323 ;       ;       ; 7.323 ;
; SW[1]      ; HEX1[5]     ; 8.521 ; 8.521 ; 8.521 ; 8.521 ;
; SW[1]      ; HEX1[6]     ; 7.563 ;       ;       ; 7.563 ;
; SW[1]      ; HEX2[0]     ; 8.387 ;       ;       ; 8.387 ;
; SW[1]      ; HEX2[3]     ; 8.273 ;       ;       ; 8.273 ;
; SW[1]      ; HEX2[4]     ; 8.264 ;       ;       ; 8.264 ;
; SW[1]      ; HEX2[5]     ; 8.419 ;       ;       ; 8.419 ;
; SW[1]      ; HEX2[6]     ; 8.269 ;       ;       ; 8.269 ;
; SW[2]      ; HEX0[0]     ;       ; 9.187 ; 9.187 ;       ;
; SW[2]      ; HEX0[1]     ; 8.975 ;       ;       ; 8.975 ;
; SW[2]      ; HEX0[2]     ; 8.965 ;       ;       ; 8.965 ;
; SW[2]      ; HEX0[5]     ;       ; 8.885 ; 8.885 ;       ;
; SW[2]      ; HEX1[0]     ;       ; 8.353 ; 8.353 ;       ;
; SW[2]      ; HEX1[1]     ; 7.956 ;       ;       ; 7.956 ;
; SW[2]      ; HEX1[2]     ; 7.956 ;       ;       ; 7.956 ;
; SW[2]      ; HEX1[5]     ;       ; 8.354 ; 8.354 ;       ;
; SW[2]      ; HEX2[0]     ;       ; 8.455 ; 8.455 ;       ;
; SW[2]      ; HEX2[1]     ; 7.823 ;       ;       ; 7.823 ;
; SW[2]      ; HEX2[2]     ; 7.863 ;       ;       ; 7.863 ;
; SW[2]      ; HEX2[5]     ;       ; 8.487 ; 8.487 ;       ;
; SW[3]      ; HEX0[0]     ; 8.814 ;       ;       ; 8.814 ;
; SW[3]      ; HEX0[3]     ; 8.400 ;       ;       ; 8.400 ;
; SW[3]      ; HEX0[4]     ; 8.397 ;       ;       ; 8.397 ;
; SW[3]      ; HEX0[5]     ; 8.512 ;       ;       ; 8.512 ;
; SW[3]      ; HEX0[6]     ; 8.397 ;       ;       ; 8.397 ;
; SW[3]      ; HEX1[0]     ; 8.301 ;       ;       ; 8.301 ;
; SW[3]      ; HEX1[3]     ; 7.933 ;       ;       ; 7.933 ;
; SW[3]      ; HEX1[4]     ; 7.943 ;       ;       ; 7.943 ;
; SW[3]      ; HEX1[5]     ; 8.302 ;       ;       ; 8.302 ;
; SW[3]      ; HEX1[6]     ; 8.183 ;       ;       ; 8.183 ;
; SW[3]      ; HEX2[0]     ; 8.407 ; 8.407 ; 8.407 ; 8.407 ;
; SW[3]      ; HEX2[3]     ; 7.451 ;       ;       ; 7.451 ;
; SW[3]      ; HEX2[4]     ; 7.442 ;       ;       ; 7.442 ;
; SW[3]      ; HEX2[5]     ; 8.439 ; 8.439 ; 8.439 ; 8.439 ;
; SW[3]      ; HEX2[6]     ; 7.447 ;       ;       ; 7.447 ;
; SW[4]      ; HEX0[0]     ;       ; 8.296 ; 8.296 ;       ;
; SW[4]      ; HEX0[1]     ; 7.316 ;       ;       ; 7.316 ;
; SW[4]      ; HEX0[2]     ; 7.306 ;       ;       ; 7.306 ;
; SW[4]      ; HEX0[5]     ;       ; 7.994 ; 7.994 ;       ;
; SW[4]      ; HEX1[0]     ;       ; 7.798 ; 7.798 ;       ;
; SW[4]      ; HEX1[1]     ; 7.401 ;       ;       ; 7.401 ;
; SW[4]      ; HEX1[2]     ; 7.401 ;       ;       ; 7.401 ;
; SW[4]      ; HEX1[5]     ;       ; 7.799 ; 7.799 ;       ;
; SW[4]      ; HEX2[0]     ;       ; 7.745 ; 7.745 ;       ;
; SW[4]      ; HEX2[1]     ; 7.753 ;       ;       ; 7.753 ;
; SW[4]      ; HEX2[2]     ; 7.793 ;       ;       ; 7.793 ;
; SW[4]      ; HEX2[5]     ;       ; 7.777 ; 7.777 ;       ;
; SW[5]      ; HEX0[0]     ; 8.244 ; 8.244 ; 8.244 ; 8.244 ;
; SW[5]      ; HEX0[3]     ; 7.781 ;       ;       ; 7.781 ;
; SW[5]      ; HEX0[4]     ; 7.778 ;       ;       ; 7.778 ;
; SW[5]      ; HEX0[5]     ; 7.942 ; 7.942 ; 7.942 ; 7.942 ;
; SW[5]      ; HEX0[6]     ; 7.778 ;       ;       ; 7.778 ;
; SW[5]      ; HEX1[0]     ; 8.658 ;       ;       ; 8.658 ;
; SW[5]      ; HEX1[3]     ; 8.290 ;       ;       ; 8.290 ;
; SW[5]      ; HEX1[4]     ; 8.300 ;       ;       ; 8.300 ;
; SW[5]      ; HEX1[5]     ; 8.659 ;       ;       ; 8.659 ;
; SW[5]      ; HEX1[6]     ; 8.540 ;       ;       ; 8.540 ;
; SW[5]      ; HEX2[0]     ; 8.499 ;       ;       ; 8.499 ;
; SW[5]      ; HEX2[3]     ; 8.385 ;       ;       ; 8.385 ;
; SW[5]      ; HEX2[4]     ; 8.376 ;       ;       ; 8.376 ;
; SW[5]      ; HEX2[5]     ; 8.531 ;       ;       ; 8.531 ;
; SW[5]      ; HEX2[6]     ; 8.381 ;       ;       ; 8.381 ;
; SW[8]      ; HEX0[0]     ; 7.505 ; 7.447 ; 7.447 ; 7.505 ;
; SW[8]      ; HEX0[1]     ; 6.541 ; 7.293 ; 7.293 ; 6.541 ;
; SW[8]      ; HEX0[2]     ; 6.531 ; 7.283 ; 7.283 ; 6.531 ;
; SW[8]      ; HEX0[3]     ; 6.511 ; 7.033 ; 7.033 ; 6.511 ;
; SW[8]      ; HEX0[4]     ; 6.508 ; 7.030 ; 7.030 ; 6.508 ;
; SW[8]      ; HEX0[5]     ; 7.203 ; 7.145 ; 7.145 ; 7.203 ;
; SW[8]      ; HEX0[6]     ; 6.508 ; 7.030 ; 7.030 ; 6.508 ;
; SW[8]      ; HEX1[0]     ; 7.356 ; 7.356 ; 7.356 ; 7.356 ;
; SW[8]      ; HEX1[1]     ; 6.143 ; 6.551 ; 6.551 ; 6.143 ;
; SW[8]      ; HEX1[2]     ; 6.143 ; 6.551 ; 6.551 ; 6.143 ;
; SW[8]      ; HEX1[3]     ; 6.163 ; 6.962 ; 6.962 ; 6.163 ;
; SW[8]      ; HEX1[4]     ; 6.173 ; 6.972 ; 6.972 ; 6.173 ;
; SW[8]      ; HEX1[5]     ; 7.357 ; 7.357 ; 7.357 ; 7.357 ;
; SW[8]      ; HEX1[6]     ; 6.413 ; 7.212 ; 7.212 ; 6.413 ;
; SW[8]      ; HEX2[0]     ; 7.099 ; 7.172 ; 7.172 ; 7.099 ;
; SW[8]      ; HEX2[1]     ; 6.484 ; 6.911 ; 6.911 ; 6.484 ;
; SW[8]      ; HEX2[2]     ; 6.524 ; 6.951 ; 6.951 ; 6.524 ;
; SW[8]      ; HEX2[3]     ; 6.544 ; 7.058 ; 7.058 ; 6.544 ;
; SW[8]      ; HEX2[4]     ; 6.535 ; 7.049 ; 7.049 ; 6.535 ;
; SW[8]      ; HEX2[5]     ; 7.131 ; 7.204 ; 7.204 ; 7.131 ;
; SW[8]      ; HEX2[6]     ; 6.540 ; 7.054 ; 7.054 ; 6.540 ;
; SW[9]      ; HEX0[0]     ; 7.814 ; 7.814 ; 7.814 ; 7.814 ;
; SW[9]      ; HEX0[1]     ; 7.602 ; 7.602 ; 7.602 ; 7.602 ;
; SW[9]      ; HEX0[2]     ; 7.592 ; 7.592 ; 7.592 ; 7.592 ;
; SW[9]      ; HEX0[3]     ; 6.861 ; 6.861 ; 6.861 ; 6.861 ;
; SW[9]      ; HEX0[4]     ; 6.858 ; 6.858 ; 6.858 ; 6.858 ;
; SW[9]      ; HEX0[5]     ; 7.512 ; 7.512 ; 7.512 ; 7.512 ;
; SW[9]      ; HEX0[6]     ; 6.858 ; 6.858 ; 6.858 ; 6.858 ;
; SW[9]      ; HEX1[0]     ; 7.259 ; 7.259 ; 7.259 ; 7.259 ;
; SW[9]      ; HEX1[1]     ; 6.862 ; 6.862 ; 6.862 ; 6.862 ;
; SW[9]      ; HEX1[2]     ; 6.862 ; 6.862 ; 6.862 ; 6.862 ;
; SW[9]      ; HEX1[3]     ; 6.779 ; 6.779 ; 6.779 ; 6.779 ;
; SW[9]      ; HEX1[4]     ; 6.789 ; 6.789 ; 6.789 ; 6.789 ;
; SW[9]      ; HEX1[5]     ; 7.260 ; 7.260 ; 7.260 ; 7.260 ;
; SW[9]      ; HEX1[6]     ; 7.029 ; 7.029 ; 7.029 ; 7.029 ;
; SW[9]      ; HEX2[0]     ; 6.988 ; 6.988 ; 6.988 ; 6.988 ;
; SW[9]      ; HEX2[1]     ; 6.739 ; 6.739 ; 6.739 ; 6.739 ;
; SW[9]      ; HEX2[2]     ; 6.779 ; 6.779 ; 6.779 ; 6.779 ;
; SW[9]      ; HEX2[3]     ; 6.874 ; 6.874 ; 6.874 ; 6.874 ;
; SW[9]      ; HEX2[4]     ; 6.865 ; 6.865 ; 6.865 ; 6.865 ;
; SW[9]      ; HEX2[5]     ; 7.020 ; 7.020 ; 7.020 ; 7.020 ;
; SW[9]      ; HEX2[6]     ; 6.870 ; 6.870 ; 6.870 ; 6.870 ;
+------------+-------------+-------+-------+-------+-------+


+----------------------------------------------------------+
; Minimum Propagation Delay                                ;
+------------+-------------+-------+-------+-------+-------+
; Input Port ; Output Port ; RR    ; RF    ; FR    ; FF    ;
+------------+-------------+-------+-------+-------+-------+
; SW[0]      ; HEX0[0]     ;       ; 9.341 ; 9.341 ;       ;
; SW[0]      ; HEX0[1]     ; 9.129 ;       ;       ; 9.129 ;
; SW[0]      ; HEX0[2]     ; 9.119 ;       ;       ; 9.119 ;
; SW[0]      ; HEX0[5]     ;       ; 9.039 ; 9.039 ;       ;
; SW[0]      ; HEX1[0]     ;       ; 8.843 ; 8.843 ;       ;
; SW[0]      ; HEX1[1]     ; 7.621 ;       ;       ; 7.621 ;
; SW[0]      ; HEX1[2]     ; 7.621 ;       ;       ; 7.621 ;
; SW[0]      ; HEX1[5]     ;       ; 8.844 ; 8.844 ;       ;
; SW[0]      ; HEX2[0]     ;       ; 8.454 ; 8.454 ;       ;
; SW[0]      ; HEX2[1]     ; 8.462 ;       ;       ; 8.462 ;
; SW[0]      ; HEX2[2]     ; 8.502 ;       ;       ; 8.502 ;
; SW[0]      ; HEX2[5]     ;       ; 8.486 ; 8.486 ;       ;
; SW[1]      ; HEX0[0]     ; 8.670 ;       ;       ; 8.670 ;
; SW[1]      ; HEX0[3]     ; 8.256 ;       ;       ; 8.256 ;
; SW[1]      ; HEX0[4]     ; 8.253 ;       ;       ; 8.253 ;
; SW[1]      ; HEX0[5]     ; 8.368 ;       ;       ; 8.368 ;
; SW[1]      ; HEX0[6]     ; 8.253 ;       ;       ; 8.253 ;
; SW[1]      ; HEX1[0]     ; 8.043 ; 8.520 ; 8.520 ; 8.043 ;
; SW[1]      ; HEX1[3]     ; 7.313 ;       ;       ; 7.313 ;
; SW[1]      ; HEX1[4]     ; 7.323 ;       ;       ; 7.323 ;
; SW[1]      ; HEX1[5]     ; 8.044 ; 8.521 ; 8.521 ; 8.044 ;
; SW[1]      ; HEX1[6]     ; 7.563 ;       ;       ; 7.563 ;
; SW[1]      ; HEX2[0]     ; 8.387 ;       ;       ; 8.387 ;
; SW[1]      ; HEX2[3]     ; 8.273 ;       ;       ; 8.273 ;
; SW[1]      ; HEX2[4]     ; 8.264 ;       ;       ; 8.264 ;
; SW[1]      ; HEX2[5]     ; 8.419 ;       ;       ; 8.419 ;
; SW[1]      ; HEX2[6]     ; 8.269 ;       ;       ; 8.269 ;
; SW[2]      ; HEX0[0]     ;       ; 9.187 ; 9.187 ;       ;
; SW[2]      ; HEX0[1]     ; 8.975 ;       ;       ; 8.975 ;
; SW[2]      ; HEX0[2]     ; 8.965 ;       ;       ; 8.965 ;
; SW[2]      ; HEX0[5]     ;       ; 8.885 ; 8.885 ;       ;
; SW[2]      ; HEX1[0]     ;       ; 8.353 ; 8.353 ;       ;
; SW[2]      ; HEX1[1]     ; 7.956 ;       ;       ; 7.956 ;
; SW[2]      ; HEX1[2]     ; 7.956 ;       ;       ; 7.956 ;
; SW[2]      ; HEX1[5]     ;       ; 8.354 ; 8.354 ;       ;
; SW[2]      ; HEX2[0]     ;       ; 8.455 ; 8.455 ;       ;
; SW[2]      ; HEX2[1]     ; 7.823 ;       ;       ; 7.823 ;
; SW[2]      ; HEX2[2]     ; 7.863 ;       ;       ; 7.863 ;
; SW[2]      ; HEX2[5]     ;       ; 8.487 ; 8.487 ;       ;
; SW[3]      ; HEX0[0]     ; 8.814 ;       ;       ; 8.814 ;
; SW[3]      ; HEX0[3]     ; 8.400 ;       ;       ; 8.400 ;
; SW[3]      ; HEX0[4]     ; 8.397 ;       ;       ; 8.397 ;
; SW[3]      ; HEX0[5]     ; 8.512 ;       ;       ; 8.512 ;
; SW[3]      ; HEX0[6]     ; 8.397 ;       ;       ; 8.397 ;
; SW[3]      ; HEX1[0]     ; 8.301 ;       ;       ; 8.301 ;
; SW[3]      ; HEX1[3]     ; 7.933 ;       ;       ; 7.933 ;
; SW[3]      ; HEX1[4]     ; 7.943 ;       ;       ; 7.943 ;
; SW[3]      ; HEX1[5]     ; 8.302 ;       ;       ; 8.302 ;
; SW[3]      ; HEX1[6]     ; 8.183 ;       ;       ; 8.183 ;
; SW[3]      ; HEX2[0]     ; 7.748 ; 8.407 ; 8.407 ; 7.748 ;
; SW[3]      ; HEX2[3]     ; 7.451 ;       ;       ; 7.451 ;
; SW[3]      ; HEX2[4]     ; 7.442 ;       ;       ; 7.442 ;
; SW[3]      ; HEX2[5]     ; 7.780 ; 8.439 ; 8.439 ; 7.780 ;
; SW[3]      ; HEX2[6]     ; 7.447 ;       ;       ; 7.447 ;
; SW[4]      ; HEX0[0]     ;       ; 8.296 ; 8.296 ;       ;
; SW[4]      ; HEX0[1]     ; 7.316 ;       ;       ; 7.316 ;
; SW[4]      ; HEX0[2]     ; 7.306 ;       ;       ; 7.306 ;
; SW[4]      ; HEX0[5]     ;       ; 7.994 ; 7.994 ;       ;
; SW[4]      ; HEX1[0]     ;       ; 7.798 ; 7.798 ;       ;
; SW[4]      ; HEX1[1]     ; 7.401 ;       ;       ; 7.401 ;
; SW[4]      ; HEX1[2]     ; 7.401 ;       ;       ; 7.401 ;
; SW[4]      ; HEX1[5]     ;       ; 7.799 ; 7.799 ;       ;
; SW[4]      ; HEX2[0]     ;       ; 7.745 ; 7.745 ;       ;
; SW[4]      ; HEX2[1]     ; 7.753 ;       ;       ; 7.753 ;
; SW[4]      ; HEX2[2]     ; 7.793 ;       ;       ; 7.793 ;
; SW[4]      ; HEX2[5]     ;       ; 7.777 ; 7.777 ;       ;
; SW[5]      ; HEX0[0]     ; 7.432 ; 8.244 ; 8.244 ; 7.432 ;
; SW[5]      ; HEX0[3]     ; 7.781 ;       ;       ; 7.781 ;
; SW[5]      ; HEX0[4]     ; 7.778 ;       ;       ; 7.778 ;
; SW[5]      ; HEX0[5]     ; 7.130 ; 7.942 ; 7.942 ; 7.130 ;
; SW[5]      ; HEX0[6]     ; 7.778 ;       ;       ; 7.778 ;
; SW[5]      ; HEX1[0]     ; 8.658 ;       ;       ; 8.658 ;
; SW[5]      ; HEX1[3]     ; 8.290 ;       ;       ; 8.290 ;
; SW[5]      ; HEX1[4]     ; 8.300 ;       ;       ; 8.300 ;
; SW[5]      ; HEX1[5]     ; 8.659 ;       ;       ; 8.659 ;
; SW[5]      ; HEX1[6]     ; 8.540 ;       ;       ; 8.540 ;
; SW[5]      ; HEX2[0]     ; 8.499 ;       ;       ; 8.499 ;
; SW[5]      ; HEX2[3]     ; 8.385 ;       ;       ; 8.385 ;
; SW[5]      ; HEX2[4]     ; 8.376 ;       ;       ; 8.376 ;
; SW[5]      ; HEX2[5]     ; 8.531 ;       ;       ; 8.531 ;
; SW[5]      ; HEX2[6]     ; 8.381 ;       ;       ; 8.381 ;
; SW[8]      ; HEX0[0]     ; 6.798 ; 6.798 ; 6.798 ; 6.798 ;
; SW[8]      ; HEX0[1]     ; 6.541 ; 7.293 ; 7.293 ; 6.541 ;
; SW[8]      ; HEX0[2]     ; 6.531 ; 7.283 ; 7.283 ; 6.531 ;
; SW[8]      ; HEX0[3]     ; 6.511 ; 7.033 ; 7.033 ; 6.511 ;
; SW[8]      ; HEX0[4]     ; 6.508 ; 7.030 ; 7.030 ; 6.508 ;
; SW[8]      ; HEX0[5]     ; 6.496 ; 6.496 ; 6.496 ; 6.496 ;
; SW[8]      ; HEX0[6]     ; 6.508 ; 7.030 ; 7.030 ; 6.508 ;
; SW[8]      ; HEX1[0]     ; 6.948 ; 7.330 ; 7.330 ; 6.948 ;
; SW[8]      ; HEX1[1]     ; 6.143 ; 6.551 ; 6.551 ; 6.143 ;
; SW[8]      ; HEX1[2]     ; 6.143 ; 6.551 ; 6.551 ; 6.143 ;
; SW[8]      ; HEX1[3]     ; 6.163 ; 6.962 ; 6.962 ; 6.163 ;
; SW[8]      ; HEX1[4]     ; 6.173 ; 6.972 ; 6.972 ; 6.173 ;
; SW[8]      ; HEX1[5]     ; 6.949 ; 7.331 ; 7.331 ; 6.949 ;
; SW[8]      ; HEX1[6]     ; 6.413 ; 7.212 ; 7.212 ; 6.413 ;
; SW[8]      ; HEX2[0]     ; 6.903 ; 7.099 ; 7.099 ; 6.903 ;
; SW[8]      ; HEX2[1]     ; 6.484 ; 6.911 ; 6.911 ; 6.484 ;
; SW[8]      ; HEX2[2]     ; 6.524 ; 6.951 ; 6.951 ; 6.524 ;
; SW[8]      ; HEX2[3]     ; 6.544 ; 7.058 ; 7.058 ; 6.544 ;
; SW[8]      ; HEX2[4]     ; 6.535 ; 7.049 ; 7.049 ; 6.535 ;
; SW[8]      ; HEX2[5]     ; 6.935 ; 7.131 ; 7.131 ; 6.935 ;
; SW[8]      ; HEX2[6]     ; 6.540 ; 7.054 ; 7.054 ; 6.540 ;
; SW[9]      ; HEX0[0]     ; 7.275 ; 7.275 ; 7.275 ; 7.275 ;
; SW[9]      ; HEX0[1]     ; 7.602 ; 6.289 ; 6.289 ; 7.602 ;
; SW[9]      ; HEX0[2]     ; 7.592 ; 6.279 ; 6.279 ; 7.592 ;
; SW[9]      ; HEX0[3]     ; 6.861 ; 6.633 ; 6.633 ; 6.861 ;
; SW[9]      ; HEX0[4]     ; 6.858 ; 6.630 ; 6.630 ; 6.858 ;
; SW[9]      ; HEX0[5]     ; 6.973 ; 6.973 ; 6.973 ; 6.973 ;
; SW[9]      ; HEX0[6]     ; 6.858 ; 6.630 ; 6.630 ; 6.858 ;
; SW[9]      ; HEX1[0]     ; 7.121 ; 7.121 ; 7.121 ; 7.121 ;
; SW[9]      ; HEX1[1]     ; 6.862 ; 5.893 ; 5.893 ; 6.862 ;
; SW[9]      ; HEX1[2]     ; 6.862 ; 5.893 ; 5.893 ; 6.862 ;
; SW[9]      ; HEX1[3]     ; 6.779 ; 5.912 ; 5.912 ; 6.779 ;
; SW[9]      ; HEX1[4]     ; 6.789 ; 5.922 ; 5.922 ; 6.789 ;
; SW[9]      ; HEX1[5]     ; 7.122 ; 7.122 ; 7.122 ; 7.122 ;
; SW[9]      ; HEX1[6]     ; 7.029 ; 6.162 ; 6.162 ; 7.029 ;
; SW[9]      ; HEX2[0]     ; 6.731 ; 6.731 ; 6.731 ; 6.731 ;
; SW[9]      ; HEX2[1]     ; 6.739 ; 6.730 ; 6.730 ; 6.739 ;
; SW[9]      ; HEX2[2]     ; 6.779 ; 6.770 ; 6.770 ; 6.779 ;
; SW[9]      ; HEX2[3]     ; 6.874 ; 6.812 ; 6.812 ; 6.874 ;
; SW[9]      ; HEX2[4]     ; 6.865 ; 6.803 ; 6.803 ; 6.865 ;
; SW[9]      ; HEX2[5]     ; 6.763 ; 6.763 ; 6.763 ; 6.763 ;
; SW[9]      ; HEX2[6]     ; 6.870 ; 6.808 ; 6.808 ; 6.870 ;
+------------+-------------+-------+-------+-------+-------+


----------------------------
; Fast Model Setup Summary ;
----------------------------
No paths to report.


---------------------------
; Fast Model Hold Summary ;
---------------------------
No paths to report.


-------------------------------
; Fast Model Recovery Summary ;
-------------------------------
No paths to report.


------------------------------
; Fast Model Removal Summary ;
------------------------------
No paths to report.


------------------------------------------
; Fast Model Minimum Pulse Width Summary ;
------------------------------------------
No paths to report.


+----------------------------------------------------------+
; Propagation Delay                                        ;
+------------+-------------+-------+-------+-------+-------+
; Input Port ; Output Port ; RR    ; RF    ; FR    ; FF    ;
+------------+-------------+-------+-------+-------+-------+
; SW[0]      ; HEX0[0]     ;       ; 4.157 ; 4.157 ;       ;
; SW[0]      ; HEX0[1]     ; 4.095 ;       ;       ; 4.095 ;
; SW[0]      ; HEX0[2]     ; 4.086 ;       ;       ; 4.086 ;
; SW[0]      ; HEX0[5]     ;       ; 4.065 ; 4.065 ;       ;
; SW[0]      ; HEX1[0]     ;       ; 3.989 ; 3.989 ;       ;
; SW[0]      ; HEX1[1]     ; 3.523 ;       ;       ; 3.523 ;
; SW[0]      ; HEX1[2]     ; 3.523 ;       ;       ; 3.523 ;
; SW[0]      ; HEX1[5]     ;       ; 3.990 ; 3.990 ;       ;
; SW[0]      ; HEX2[0]     ;       ; 3.826 ; 3.826 ;       ;
; SW[0]      ; HEX2[1]     ; 3.832 ;       ;       ; 3.832 ;
; SW[0]      ; HEX2[2]     ; 3.872 ;       ;       ; 3.872 ;
; SW[0]      ; HEX2[5]     ;       ; 3.858 ; 3.858 ;       ;
; SW[1]      ; HEX0[0]     ; 3.904 ;       ;       ; 3.904 ;
; SW[1]      ; HEX0[3]     ; 3.790 ;       ;       ; 3.790 ;
; SW[1]      ; HEX0[4]     ; 3.787 ;       ;       ; 3.787 ;
; SW[1]      ; HEX0[5]     ; 3.812 ;       ;       ; 3.812 ;
; SW[1]      ; HEX0[6]     ; 3.787 ;       ;       ; 3.787 ;
; SW[1]      ; HEX1[0]     ; 3.876 ; 3.876 ; 3.876 ; 3.876 ;
; SW[1]      ; HEX1[3]     ; 3.418 ;       ;       ; 3.418 ;
; SW[1]      ; HEX1[4]     ; 3.428 ;       ;       ; 3.428 ;
; SW[1]      ; HEX1[5]     ; 3.877 ; 3.877 ; 3.877 ; 3.877 ;
; SW[1]      ; HEX1[6]     ; 3.522 ;       ;       ; 3.522 ;
; SW[1]      ; HEX2[0]     ; 3.819 ;       ;       ; 3.819 ;
; SW[1]      ; HEX2[3]     ; 3.806 ;       ;       ; 3.806 ;
; SW[1]      ; HEX2[4]     ; 3.795 ;       ;       ; 3.795 ;
; SW[1]      ; HEX2[5]     ; 3.851 ;       ;       ; 3.851 ;
; SW[1]      ; HEX2[6]     ; 3.800 ;       ;       ; 3.800 ;
; SW[2]      ; HEX0[0]     ;       ; 4.107 ; 4.107 ;       ;
; SW[2]      ; HEX0[1]     ; 4.045 ;       ;       ; 4.045 ;
; SW[2]      ; HEX0[2]     ; 4.036 ;       ;       ; 4.036 ;
; SW[2]      ; HEX0[5]     ;       ; 4.015 ; 4.015 ;       ;
; SW[2]      ; HEX1[0]     ;       ; 3.825 ; 3.825 ;       ;
; SW[2]      ; HEX1[1]     ; 3.649 ;       ;       ; 3.649 ;
; SW[2]      ; HEX1[2]     ; 3.649 ;       ;       ; 3.649 ;
; SW[2]      ; HEX1[5]     ;       ; 3.826 ; 3.826 ;       ;
; SW[2]      ; HEX2[0]     ;       ; 3.831 ; 3.831 ;       ;
; SW[2]      ; HEX2[1]     ; 3.614 ;       ;       ; 3.614 ;
; SW[2]      ; HEX2[2]     ; 3.654 ;       ;       ; 3.654 ;
; SW[2]      ; HEX2[5]     ;       ; 3.863 ; 3.863 ;       ;
; SW[3]      ; HEX0[0]     ; 3.989 ;       ;       ; 3.989 ;
; SW[3]      ; HEX0[3]     ; 3.875 ;       ;       ; 3.875 ;
; SW[3]      ; HEX0[4]     ; 3.872 ;       ;       ; 3.872 ;
; SW[3]      ; HEX0[5]     ; 3.897 ;       ;       ; 3.897 ;
; SW[3]      ; HEX0[6]     ; 3.872 ;       ;       ; 3.872 ;
; SW[3]      ; HEX1[0]     ; 3.836 ;       ;       ; 3.836 ;
; SW[3]      ; HEX1[3]     ; 3.671 ;       ;       ; 3.671 ;
; SW[3]      ; HEX1[4]     ; 3.681 ;       ;       ; 3.681 ;
; SW[3]      ; HEX1[5]     ; 3.837 ;       ;       ; 3.837 ;
; SW[3]      ; HEX1[6]     ; 3.775 ;       ;       ; 3.775 ;
; SW[3]      ; HEX2[0]     ; 3.840 ; 3.840 ; 3.840 ; 3.840 ;
; SW[3]      ; HEX2[3]     ; 3.547 ;       ;       ; 3.547 ;
; SW[3]      ; HEX2[4]     ; 3.536 ;       ;       ; 3.536 ;
; SW[3]      ; HEX2[5]     ; 3.872 ; 3.872 ; 3.872 ; 3.872 ;
; SW[3]      ; HEX2[6]     ; 3.541 ;       ;       ; 3.541 ;
; SW[4]      ; HEX0[0]     ;       ; 3.742 ; 3.742 ;       ;
; SW[4]      ; HEX0[1]     ; 3.444 ;       ;       ; 3.444 ;
; SW[4]      ; HEX0[2]     ; 3.435 ;       ;       ; 3.435 ;
; SW[4]      ; HEX0[5]     ;       ; 3.650 ; 3.650 ;       ;
; SW[4]      ; HEX1[0]     ;       ; 3.613 ; 3.613 ;       ;
; SW[4]      ; HEX1[1]     ; 3.437 ;       ;       ; 3.437 ;
; SW[4]      ; HEX1[2]     ; 3.437 ;       ;       ; 3.437 ;
; SW[4]      ; HEX1[5]     ;       ; 3.614 ; 3.614 ;       ;
; SW[4]      ; HEX2[0]     ;       ; 3.567 ; 3.567 ;       ;
; SW[4]      ; HEX2[1]     ; 3.573 ;       ;       ; 3.573 ;
; SW[4]      ; HEX2[2]     ; 3.613 ;       ;       ; 3.613 ;
; SW[4]      ; HEX2[5]     ;       ; 3.599 ; 3.599 ;       ;
; SW[5]      ; HEX0[0]     ; 3.789 ; 3.789 ; 3.789 ; 3.789 ;
; SW[5]      ; HEX0[3]     ; 3.642 ;       ;       ; 3.642 ;
; SW[5]      ; HEX0[4]     ; 3.639 ;       ;       ; 3.639 ;
; SW[5]      ; HEX0[5]     ; 3.697 ; 3.697 ; 3.697 ; 3.697 ;
; SW[5]      ; HEX0[6]     ; 3.639 ;       ;       ; 3.639 ;
; SW[5]      ; HEX1[0]     ; 3.956 ;       ;       ; 3.956 ;
; SW[5]      ; HEX1[3]     ; 3.791 ;       ;       ; 3.791 ;
; SW[5]      ; HEX1[4]     ; 3.801 ;       ;       ; 3.801 ;
; SW[5]      ; HEX1[5]     ; 3.957 ;       ;       ; 3.957 ;
; SW[5]      ; HEX1[6]     ; 3.895 ;       ;       ; 3.895 ;
; SW[5]      ; HEX2[0]     ; 3.898 ;       ;       ; 3.898 ;
; SW[5]      ; HEX2[3]     ; 3.885 ;       ;       ; 3.885 ;
; SW[5]      ; HEX2[4]     ; 3.874 ;       ;       ; 3.874 ;
; SW[5]      ; HEX2[5]     ; 3.930 ;       ;       ; 3.930 ;
; SW[5]      ; HEX2[6]     ; 3.879 ;       ;       ; 3.879 ;
; SW[8]      ; HEX0[0]     ; 3.422 ; 3.404 ; 3.404 ; 3.422 ;
; SW[8]      ; HEX0[1]     ; 3.096 ; 3.360 ; 3.360 ; 3.096 ;
; SW[8]      ; HEX0[2]     ; 3.087 ; 3.351 ; 3.351 ; 3.087 ;
; SW[8]      ; HEX0[3]     ; 3.073 ; 3.290 ; 3.290 ; 3.073 ;
; SW[8]      ; HEX0[4]     ; 3.070 ; 3.287 ; 3.287 ; 3.070 ;
; SW[8]      ; HEX0[5]     ; 3.330 ; 3.312 ; 3.312 ; 3.330 ;
; SW[8]      ; HEX0[6]     ; 3.070 ; 3.287 ; 3.287 ; 3.070 ;
; SW[8]      ; HEX1[0]     ; 3.376 ; 3.385 ; 3.385 ; 3.376 ;
; SW[8]      ; HEX1[1]     ; 2.915 ; 3.085 ; 3.085 ; 2.915 ;
; SW[8]      ; HEX1[2]     ; 2.915 ; 3.085 ; 3.085 ; 2.915 ;
; SW[8]      ; HEX1[3]     ; 2.934 ; 3.220 ; 3.220 ; 2.934 ;
; SW[8]      ; HEX1[4]     ; 2.944 ; 3.230 ; 3.230 ; 2.944 ;
; SW[8]      ; HEX1[5]     ; 3.377 ; 3.386 ; 3.386 ; 3.377 ;
; SW[8]      ; HEX1[6]     ; 3.038 ; 3.324 ; 3.324 ; 3.038 ;
; SW[8]      ; HEX2[0]     ; 3.257 ; 3.327 ; 3.327 ; 3.257 ;
; SW[8]      ; HEX2[1]     ; 3.049 ; 3.219 ; 3.219 ; 3.049 ;
; SW[8]      ; HEX2[2]     ; 3.089 ; 3.259 ; 3.259 ; 3.089 ;
; SW[8]      ; HEX2[3]     ; 3.100 ; 3.314 ; 3.314 ; 3.100 ;
; SW[8]      ; HEX2[4]     ; 3.089 ; 3.303 ; 3.303 ; 3.089 ;
; SW[8]      ; HEX2[5]     ; 3.289 ; 3.359 ; 3.359 ; 3.289 ;
; SW[8]      ; HEX2[6]     ; 3.094 ; 3.308 ; 3.308 ; 3.094 ;
; SW[9]      ; HEX0[0]     ; 3.533 ; 3.533 ; 3.533 ; 3.533 ;
; SW[9]      ; HEX0[1]     ; 3.471 ; 3.471 ; 3.471 ; 3.471 ;
; SW[9]      ; HEX0[2]     ; 3.462 ; 3.462 ; 3.462 ; 3.462 ;
; SW[9]      ; HEX0[3]     ; 3.211 ; 3.211 ; 3.211 ; 3.211 ;
; SW[9]      ; HEX0[4]     ; 3.208 ; 3.208 ; 3.208 ; 3.208 ;
; SW[9]      ; HEX0[5]     ; 3.441 ; 3.441 ; 3.441 ; 3.441 ;
; SW[9]      ; HEX0[6]     ; 3.208 ; 3.208 ; 3.208 ; 3.208 ;
; SW[9]      ; HEX1[0]     ; 3.344 ; 3.344 ; 3.344 ; 3.344 ;
; SW[9]      ; HEX1[1]     ; 3.168 ; 3.168 ; 3.168 ; 3.168 ;
; SW[9]      ; HEX1[2]     ; 3.168 ; 3.168 ; 3.168 ; 3.168 ;
; SW[9]      ; HEX1[3]     ; 3.133 ; 3.133 ; 3.133 ; 3.133 ;
; SW[9]      ; HEX1[4]     ; 3.143 ; 3.143 ; 3.143 ; 3.143 ;
; SW[9]      ; HEX1[5]     ; 3.345 ; 3.345 ; 3.345 ; 3.345 ;
; SW[9]      ; HEX1[6]     ; 3.237 ; 3.237 ; 3.237 ; 3.237 ;
; SW[9]      ; HEX2[0]     ; 3.237 ; 3.237 ; 3.237 ; 3.237 ;
; SW[9]      ; HEX2[1]     ; 3.140 ; 3.140 ; 3.140 ; 3.140 ;
; SW[9]      ; HEX2[2]     ; 3.180 ; 3.180 ; 3.180 ; 3.180 ;
; SW[9]      ; HEX2[3]     ; 3.224 ; 3.224 ; 3.224 ; 3.224 ;
; SW[9]      ; HEX2[4]     ; 3.213 ; 3.213 ; 3.213 ; 3.213 ;
; SW[9]      ; HEX2[5]     ; 3.269 ; 3.269 ; 3.269 ; 3.269 ;
; SW[9]      ; HEX2[6]     ; 3.218 ; 3.218 ; 3.218 ; 3.218 ;
+------------+-------------+-------+-------+-------+-------+


+----------------------------------------------------------+
; Minimum Propagation Delay                                ;
+------------+-------------+-------+-------+-------+-------+
; Input Port ; Output Port ; RR    ; RF    ; FR    ; FF    ;
+------------+-------------+-------+-------+-------+-------+
; SW[0]      ; HEX0[0]     ;       ; 4.157 ; 4.157 ;       ;
; SW[0]      ; HEX0[1]     ; 4.095 ;       ;       ; 4.095 ;
; SW[0]      ; HEX0[2]     ; 4.086 ;       ;       ; 4.086 ;
; SW[0]      ; HEX0[5]     ;       ; 4.065 ; 4.065 ;       ;
; SW[0]      ; HEX1[0]     ;       ; 3.989 ; 3.989 ;       ;
; SW[0]      ; HEX1[1]     ; 3.523 ;       ;       ; 3.523 ;
; SW[0]      ; HEX1[2]     ; 3.523 ;       ;       ; 3.523 ;
; SW[0]      ; HEX1[5]     ;       ; 3.990 ; 3.990 ;       ;
; SW[0]      ; HEX2[0]     ;       ; 3.826 ; 3.826 ;       ;
; SW[0]      ; HEX2[1]     ; 3.832 ;       ;       ; 3.832 ;
; SW[0]      ; HEX2[2]     ; 3.872 ;       ;       ; 3.872 ;
; SW[0]      ; HEX2[5]     ;       ; 3.858 ; 3.858 ;       ;
; SW[1]      ; HEX0[0]     ; 3.904 ;       ;       ; 3.904 ;
; SW[1]      ; HEX0[3]     ; 3.790 ;       ;       ; 3.790 ;
; SW[1]      ; HEX0[4]     ; 3.787 ;       ;       ; 3.787 ;
; SW[1]      ; HEX0[5]     ; 3.812 ;       ;       ; 3.812 ;
; SW[1]      ; HEX0[6]     ; 3.787 ;       ;       ; 3.787 ;
; SW[1]      ; HEX1[0]     ; 3.714 ; 3.876 ; 3.876 ; 3.714 ;
; SW[1]      ; HEX1[3]     ; 3.418 ;       ;       ; 3.418 ;
; SW[1]      ; HEX1[4]     ; 3.428 ;       ;       ; 3.428 ;
; SW[1]      ; HEX1[5]     ; 3.715 ; 3.877 ; 3.877 ; 3.715 ;
; SW[1]      ; HEX1[6]     ; 3.522 ;       ;       ; 3.522 ;
; SW[1]      ; HEX2[0]     ; 3.819 ;       ;       ; 3.819 ;
; SW[1]      ; HEX2[3]     ; 3.806 ;       ;       ; 3.806 ;
; SW[1]      ; HEX2[4]     ; 3.795 ;       ;       ; 3.795 ;
; SW[1]      ; HEX2[5]     ; 3.851 ;       ;       ; 3.851 ;
; SW[1]      ; HEX2[6]     ; 3.800 ;       ;       ; 3.800 ;
; SW[2]      ; HEX0[0]     ;       ; 4.107 ; 4.107 ;       ;
; SW[2]      ; HEX0[1]     ; 4.045 ;       ;       ; 4.045 ;
; SW[2]      ; HEX0[2]     ; 4.036 ;       ;       ; 4.036 ;
; SW[2]      ; HEX0[5]     ;       ; 4.015 ; 4.015 ;       ;
; SW[2]      ; HEX1[0]     ;       ; 3.825 ; 3.825 ;       ;
; SW[2]      ; HEX1[1]     ; 3.649 ;       ;       ; 3.649 ;
; SW[2]      ; HEX1[2]     ; 3.649 ;       ;       ; 3.649 ;
; SW[2]      ; HEX1[5]     ;       ; 3.826 ; 3.826 ;       ;
; SW[2]      ; HEX2[0]     ;       ; 3.831 ; 3.831 ;       ;
; SW[2]      ; HEX2[1]     ; 3.614 ;       ;       ; 3.614 ;
; SW[2]      ; HEX2[2]     ; 3.654 ;       ;       ; 3.654 ;
; SW[2]      ; HEX2[5]     ;       ; 3.863 ; 3.863 ;       ;
; SW[3]      ; HEX0[0]     ; 3.989 ;       ;       ; 3.989 ;
; SW[3]      ; HEX0[3]     ; 3.875 ;       ;       ; 3.875 ;
; SW[3]      ; HEX0[4]     ; 3.872 ;       ;       ; 3.872 ;
; SW[3]      ; HEX0[5]     ; 3.897 ;       ;       ; 3.897 ;
; SW[3]      ; HEX0[6]     ; 3.872 ;       ;       ; 3.872 ;
; SW[3]      ; HEX1[0]     ; 3.836 ;       ;       ; 3.836 ;
; SW[3]      ; HEX1[3]     ; 3.671 ;       ;       ; 3.671 ;
; SW[3]      ; HEX1[4]     ; 3.681 ;       ;       ; 3.681 ;
; SW[3]      ; HEX1[5]     ; 3.837 ;       ;       ; 3.837 ;
; SW[3]      ; HEX1[6]     ; 3.775 ;       ;       ; 3.775 ;
; SW[3]      ; HEX2[0]     ; 3.619 ; 3.840 ; 3.840 ; 3.619 ;
; SW[3]      ; HEX2[3]     ; 3.547 ;       ;       ; 3.547 ;
; SW[3]      ; HEX2[4]     ; 3.536 ;       ;       ; 3.536 ;
; SW[3]      ; HEX2[5]     ; 3.651 ; 3.872 ; 3.872 ; 3.651 ;
; SW[3]      ; HEX2[6]     ; 3.541 ;       ;       ; 3.541 ;
; SW[4]      ; HEX0[0]     ;       ; 3.742 ; 3.742 ;       ;
; SW[4]      ; HEX0[1]     ; 3.444 ;       ;       ; 3.444 ;
; SW[4]      ; HEX0[2]     ; 3.435 ;       ;       ; 3.435 ;
; SW[4]      ; HEX0[5]     ;       ; 3.650 ; 3.650 ;       ;
; SW[4]      ; HEX1[0]     ;       ; 3.613 ; 3.613 ;       ;
; SW[4]      ; HEX1[1]     ; 3.437 ;       ;       ; 3.437 ;
; SW[4]      ; HEX1[2]     ; 3.437 ;       ;       ; 3.437 ;
; SW[4]      ; HEX1[5]     ;       ; 3.614 ; 3.614 ;       ;
; SW[4]      ; HEX2[0]     ;       ; 3.567 ; 3.567 ;       ;
; SW[4]      ; HEX2[1]     ; 3.573 ;       ;       ; 3.573 ;
; SW[4]      ; HEX2[2]     ; 3.613 ;       ;       ; 3.613 ;
; SW[4]      ; HEX2[5]     ;       ; 3.599 ; 3.599 ;       ;
; SW[5]      ; HEX0[0]     ; 3.507 ; 3.789 ; 3.789 ; 3.507 ;
; SW[5]      ; HEX0[3]     ; 3.642 ;       ;       ; 3.642 ;
; SW[5]      ; HEX0[4]     ; 3.639 ;       ;       ; 3.639 ;
; SW[5]      ; HEX0[5]     ; 3.415 ; 3.697 ; 3.697 ; 3.415 ;
; SW[5]      ; HEX0[6]     ; 3.639 ;       ;       ; 3.639 ;
; SW[5]      ; HEX1[0]     ; 3.956 ;       ;       ; 3.956 ;
; SW[5]      ; HEX1[3]     ; 3.791 ;       ;       ; 3.791 ;
; SW[5]      ; HEX1[4]     ; 3.801 ;       ;       ; 3.801 ;
; SW[5]      ; HEX1[5]     ; 3.957 ;       ;       ; 3.957 ;
; SW[5]      ; HEX1[6]     ; 3.895 ;       ;       ; 3.895 ;
; SW[5]      ; HEX2[0]     ; 3.898 ;       ;       ; 3.898 ;
; SW[5]      ; HEX2[3]     ; 3.885 ;       ;       ; 3.885 ;
; SW[5]      ; HEX2[4]     ; 3.874 ;       ;       ; 3.874 ;
; SW[5]      ; HEX2[5]     ; 3.930 ;       ;       ; 3.930 ;
; SW[5]      ; HEX2[6]     ; 3.879 ;       ;       ; 3.879 ;
; SW[8]      ; HEX0[0]     ; 3.124 ; 3.124 ; 3.124 ; 3.124 ;
; SW[8]      ; HEX0[1]     ; 3.096 ; 3.360 ; 3.360 ; 3.096 ;
; SW[8]      ; HEX0[2]     ; 3.087 ; 3.351 ; 3.351 ; 3.087 ;
; SW[8]      ; HEX0[3]     ; 3.073 ; 3.290 ; 3.290 ; 3.073 ;
; SW[8]      ; HEX0[4]     ; 3.070 ; 3.287 ; 3.287 ; 3.070 ;
; SW[8]      ; HEX0[5]     ; 3.032 ; 3.032 ; 3.032 ; 3.032 ;
; SW[8]      ; HEX0[6]     ; 3.070 ; 3.287 ; 3.287 ; 3.070 ;
; SW[8]      ; HEX1[0]     ; 3.261 ; 3.376 ; 3.376 ; 3.261 ;
; SW[8]      ; HEX1[1]     ; 2.915 ; 3.085 ; 3.085 ; 2.915 ;
; SW[8]      ; HEX1[2]     ; 2.915 ; 3.085 ; 3.085 ; 2.915 ;
; SW[8]      ; HEX1[3]     ; 2.934 ; 3.220 ; 3.220 ; 2.934 ;
; SW[8]      ; HEX1[4]     ; 2.944 ; 3.230 ; 3.230 ; 2.944 ;
; SW[8]      ; HEX1[5]     ; 3.262 ; 3.377 ; 3.377 ; 3.262 ;
; SW[8]      ; HEX1[6]     ; 3.038 ; 3.324 ; 3.324 ; 3.038 ;
; SW[8]      ; HEX2[0]     ; 3.213 ; 3.257 ; 3.257 ; 3.213 ;
; SW[8]      ; HEX2[1]     ; 3.049 ; 3.219 ; 3.219 ; 3.049 ;
; SW[8]      ; HEX2[2]     ; 3.089 ; 3.259 ; 3.259 ; 3.089 ;
; SW[8]      ; HEX2[3]     ; 3.100 ; 3.314 ; 3.314 ; 3.100 ;
; SW[8]      ; HEX2[4]     ; 3.089 ; 3.303 ; 3.303 ; 3.089 ;
; SW[8]      ; HEX2[5]     ; 3.245 ; 3.289 ; 3.289 ; 3.245 ;
; SW[8]      ; HEX2[6]     ; 3.094 ; 3.308 ; 3.308 ; 3.094 ;
; SW[9]      ; HEX0[0]     ; 3.325 ; 3.325 ; 3.325 ; 3.325 ;
; SW[9]      ; HEX0[1]     ; 3.471 ; 2.999 ; 2.999 ; 3.471 ;
; SW[9]      ; HEX0[2]     ; 3.462 ; 2.990 ; 2.990 ; 3.462 ;
; SW[9]      ; HEX0[3]     ; 3.211 ; 3.105 ; 3.105 ; 3.211 ;
; SW[9]      ; HEX0[4]     ; 3.208 ; 3.102 ; 3.102 ; 3.208 ;
; SW[9]      ; HEX0[5]     ; 3.233 ; 3.233 ; 3.233 ; 3.233 ;
; SW[9]      ; HEX0[6]     ; 3.208 ; 3.102 ; 3.102 ; 3.208 ;
; SW[9]      ; HEX1[0]     ; 3.297 ; 3.297 ; 3.297 ; 3.297 ;
; SW[9]      ; HEX1[1]     ; 3.168 ; 2.825 ; 2.825 ; 3.168 ;
; SW[9]      ; HEX1[2]     ; 3.168 ; 2.825 ; 2.825 ; 3.168 ;
; SW[9]      ; HEX1[3]     ; 3.133 ; 2.836 ; 2.836 ; 3.133 ;
; SW[9]      ; HEX1[4]     ; 3.143 ; 2.846 ; 2.846 ; 3.143 ;
; SW[9]      ; HEX1[5]     ; 3.298 ; 3.298 ; 3.298 ; 3.298 ;
; SW[9]      ; HEX1[6]     ; 3.237 ; 2.940 ; 2.940 ; 3.237 ;
; SW[9]      ; HEX2[0]     ; 3.134 ; 3.134 ; 3.134 ; 3.134 ;
; SW[9]      ; HEX2[1]     ; 3.140 ; 3.130 ; 3.130 ; 3.140 ;
; SW[9]      ; HEX2[2]     ; 3.180 ; 3.170 ; 3.170 ; 3.180 ;
; SW[9]      ; HEX2[3]     ; 3.224 ; 3.180 ; 3.180 ; 3.224 ;
; SW[9]      ; HEX2[4]     ; 3.213 ; 3.169 ; 3.169 ; 3.213 ;
; SW[9]      ; HEX2[5]     ; 3.166 ; 3.166 ; 3.166 ; 3.166 ;
; SW[9]      ; HEX2[6]     ; 3.218 ; 3.174 ; 3.174 ; 3.218 ;
+------------+-------------+-------+-------+-------+-------+


+----------------------------------------------------------------------------+
; Multicorner Timing Analysis Summary                                        ;
+------------------+-------+------+----------+---------+---------------------+
; Clock            ; Setup ; Hold ; Recovery ; Removal ; Minimum Pulse Width ;
+------------------+-------+------+----------+---------+---------------------+
; Worst-case Slack ; N/A   ; N/A  ; N/A      ; N/A     ; N/A                 ;
; Design-wide TNS  ; 0.0   ; 0.0  ; 0.0      ; 0.0     ; 0.0                 ;
+------------------+-------+------+----------+---------+---------------------+


+----------------------------------------------------------+
; Progagation Delay                                        ;
+------------+-------------+-------+-------+-------+-------+
; Input Port ; Output Port ; RR    ; RF    ; FR    ; FF    ;
+------------+-------------+-------+-------+-------+-------+
; SW[0]      ; HEX0[0]     ;       ; 9.341 ; 9.341 ;       ;
; SW[0]      ; HEX0[1]     ; 9.129 ;       ;       ; 9.129 ;
; SW[0]      ; HEX0[2]     ; 9.119 ;       ;       ; 9.119 ;
; SW[0]      ; HEX0[5]     ;       ; 9.039 ; 9.039 ;       ;
; SW[0]      ; HEX1[0]     ;       ; 8.843 ; 8.843 ;       ;
; SW[0]      ; HEX1[1]     ; 7.621 ;       ;       ; 7.621 ;
; SW[0]      ; HEX1[2]     ; 7.621 ;       ;       ; 7.621 ;
; SW[0]      ; HEX1[5]     ;       ; 8.844 ; 8.844 ;       ;
; SW[0]      ; HEX2[0]     ;       ; 8.454 ; 8.454 ;       ;
; SW[0]      ; HEX2[1]     ; 8.462 ;       ;       ; 8.462 ;
; SW[0]      ; HEX2[2]     ; 8.502 ;       ;       ; 8.502 ;
; SW[0]      ; HEX2[5]     ;       ; 8.486 ; 8.486 ;       ;
; SW[1]      ; HEX0[0]     ; 8.670 ;       ;       ; 8.670 ;
; SW[1]      ; HEX0[3]     ; 8.256 ;       ;       ; 8.256 ;
; SW[1]      ; HEX0[4]     ; 8.253 ;       ;       ; 8.253 ;
; SW[1]      ; HEX0[5]     ; 8.368 ;       ;       ; 8.368 ;
; SW[1]      ; HEX0[6]     ; 8.253 ;       ;       ; 8.253 ;
; SW[1]      ; HEX1[0]     ; 8.520 ; 8.520 ; 8.520 ; 8.520 ;
; SW[1]      ; HEX1[3]     ; 7.313 ;       ;       ; 7.313 ;
; SW[1]      ; HEX1[4]     ; 7.323 ;       ;       ; 7.323 ;
; SW[1]      ; HEX1[5]     ; 8.521 ; 8.521 ; 8.521 ; 8.521 ;
; SW[1]      ; HEX1[6]     ; 7.563 ;       ;       ; 7.563 ;
; SW[1]      ; HEX2[0]     ; 8.387 ;       ;       ; 8.387 ;
; SW[1]      ; HEX2[3]     ; 8.273 ;       ;       ; 8.273 ;
; SW[1]      ; HEX2[4]     ; 8.264 ;       ;       ; 8.264 ;
; SW[1]      ; HEX2[5]     ; 8.419 ;       ;       ; 8.419 ;
; SW[1]      ; HEX2[6]     ; 8.269 ;       ;       ; 8.269 ;
; SW[2]      ; HEX0[0]     ;       ; 9.187 ; 9.187 ;       ;
; SW[2]      ; HEX0[1]     ; 8.975 ;       ;       ; 8.975 ;
; SW[2]      ; HEX0[2]     ; 8.965 ;       ;       ; 8.965 ;
; SW[2]      ; HEX0[5]     ;       ; 8.885 ; 8.885 ;       ;
; SW[2]      ; HEX1[0]     ;       ; 8.353 ; 8.353 ;       ;
; SW[2]      ; HEX1[1]     ; 7.956 ;       ;       ; 7.956 ;
; SW[2]      ; HEX1[2]     ; 7.956 ;       ;       ; 7.956 ;
; SW[2]      ; HEX1[5]     ;       ; 8.354 ; 8.354 ;       ;
; SW[2]      ; HEX2[0]     ;       ; 8.455 ; 8.455 ;       ;
; SW[2]      ; HEX2[1]     ; 7.823 ;       ;       ; 7.823 ;
; SW[2]      ; HEX2[2]     ; 7.863 ;       ;       ; 7.863 ;
; SW[2]      ; HEX2[5]     ;       ; 8.487 ; 8.487 ;       ;
; SW[3]      ; HEX0[0]     ; 8.814 ;       ;       ; 8.814 ;
; SW[3]      ; HEX0[3]     ; 8.400 ;       ;       ; 8.400 ;
; SW[3]      ; HEX0[4]     ; 8.397 ;       ;       ; 8.397 ;
; SW[3]      ; HEX0[5]     ; 8.512 ;       ;       ; 8.512 ;
; SW[3]      ; HEX0[6]     ; 8.397 ;       ;       ; 8.397 ;
; SW[3]      ; HEX1[0]     ; 8.301 ;       ;       ; 8.301 ;
; SW[3]      ; HEX1[3]     ; 7.933 ;       ;       ; 7.933 ;
; SW[3]      ; HEX1[4]     ; 7.943 ;       ;       ; 7.943 ;
; SW[3]      ; HEX1[5]     ; 8.302 ;       ;       ; 8.302 ;
; SW[3]      ; HEX1[6]     ; 8.183 ;       ;       ; 8.183 ;
; SW[3]      ; HEX2[0]     ; 8.407 ; 8.407 ; 8.407 ; 8.407 ;
; SW[3]      ; HEX2[3]     ; 7.451 ;       ;       ; 7.451 ;
; SW[3]      ; HEX2[4]     ; 7.442 ;       ;       ; 7.442 ;
; SW[3]      ; HEX2[5]     ; 8.439 ; 8.439 ; 8.439 ; 8.439 ;
; SW[3]      ; HEX2[6]     ; 7.447 ;       ;       ; 7.447 ;
; SW[4]      ; HEX0[0]     ;       ; 8.296 ; 8.296 ;       ;
; SW[4]      ; HEX0[1]     ; 7.316 ;       ;       ; 7.316 ;
; SW[4]      ; HEX0[2]     ; 7.306 ;       ;       ; 7.306 ;
; SW[4]      ; HEX0[5]     ;       ; 7.994 ; 7.994 ;       ;
; SW[4]      ; HEX1[0]     ;       ; 7.798 ; 7.798 ;       ;
; SW[4]      ; HEX1[1]     ; 7.401 ;       ;       ; 7.401 ;
; SW[4]      ; HEX1[2]     ; 7.401 ;       ;       ; 7.401 ;
; SW[4]      ; HEX1[5]     ;       ; 7.799 ; 7.799 ;       ;
; SW[4]      ; HEX2[0]     ;       ; 7.745 ; 7.745 ;       ;
; SW[4]      ; HEX2[1]     ; 7.753 ;       ;       ; 7.753 ;
; SW[4]      ; HEX2[2]     ; 7.793 ;       ;       ; 7.793 ;
; SW[4]      ; HEX2[5]     ;       ; 7.777 ; 7.777 ;       ;
; SW[5]      ; HEX0[0]     ; 8.244 ; 8.244 ; 8.244 ; 8.244 ;
; SW[5]      ; HEX0[3]     ; 7.781 ;       ;       ; 7.781 ;
; SW[5]      ; HEX0[4]     ; 7.778 ;       ;       ; 7.778 ;
; SW[5]      ; HEX0[5]     ; 7.942 ; 7.942 ; 7.942 ; 7.942 ;
; SW[5]      ; HEX0[6]     ; 7.778 ;       ;       ; 7.778 ;
; SW[5]      ; HEX1[0]     ; 8.658 ;       ;       ; 8.658 ;
; SW[5]      ; HEX1[3]     ; 8.290 ;       ;       ; 8.290 ;
; SW[5]      ; HEX1[4]     ; 8.300 ;       ;       ; 8.300 ;
; SW[5]      ; HEX1[5]     ; 8.659 ;       ;       ; 8.659 ;
; SW[5]      ; HEX1[6]     ; 8.540 ;       ;       ; 8.540 ;
; SW[5]      ; HEX2[0]     ; 8.499 ;       ;       ; 8.499 ;
; SW[5]      ; HEX2[3]     ; 8.385 ;       ;       ; 8.385 ;
; SW[5]      ; HEX2[4]     ; 8.376 ;       ;       ; 8.376 ;
; SW[5]      ; HEX2[5]     ; 8.531 ;       ;       ; 8.531 ;
; SW[5]      ; HEX2[6]     ; 8.381 ;       ;       ; 8.381 ;
; SW[8]      ; HEX0[0]     ; 7.505 ; 7.447 ; 7.447 ; 7.505 ;
; SW[8]      ; HEX0[1]     ; 6.541 ; 7.293 ; 7.293 ; 6.541 ;
; SW[8]      ; HEX0[2]     ; 6.531 ; 7.283 ; 7.283 ; 6.531 ;
; SW[8]      ; HEX0[3]     ; 6.511 ; 7.033 ; 7.033 ; 6.511 ;
; SW[8]      ; HEX0[4]     ; 6.508 ; 7.030 ; 7.030 ; 6.508 ;
; SW[8]      ; HEX0[5]     ; 7.203 ; 7.145 ; 7.145 ; 7.203 ;
; SW[8]      ; HEX0[6]     ; 6.508 ; 7.030 ; 7.030 ; 6.508 ;
; SW[8]      ; HEX1[0]     ; 7.356 ; 7.356 ; 7.356 ; 7.356 ;
; SW[8]      ; HEX1[1]     ; 6.143 ; 6.551 ; 6.551 ; 6.143 ;
; SW[8]      ; HEX1[2]     ; 6.143 ; 6.551 ; 6.551 ; 6.143 ;
; SW[8]      ; HEX1[3]     ; 6.163 ; 6.962 ; 6.962 ; 6.163 ;
; SW[8]      ; HEX1[4]     ; 6.173 ; 6.972 ; 6.972 ; 6.173 ;
; SW[8]      ; HEX1[5]     ; 7.357 ; 7.357 ; 7.357 ; 7.357 ;
; SW[8]      ; HEX1[6]     ; 6.413 ; 7.212 ; 7.212 ; 6.413 ;
; SW[8]      ; HEX2[0]     ; 7.099 ; 7.172 ; 7.172 ; 7.099 ;
; SW[8]      ; HEX2[1]     ; 6.484 ; 6.911 ; 6.911 ; 6.484 ;
; SW[8]      ; HEX2[2]     ; 6.524 ; 6.951 ; 6.951 ; 6.524 ;
; SW[8]      ; HEX2[3]     ; 6.544 ; 7.058 ; 7.058 ; 6.544 ;
; SW[8]      ; HEX2[4]     ; 6.535 ; 7.049 ; 7.049 ; 6.535 ;
; SW[8]      ; HEX2[5]     ; 7.131 ; 7.204 ; 7.204 ; 7.131 ;
; SW[8]      ; HEX2[6]     ; 6.540 ; 7.054 ; 7.054 ; 6.540 ;
; SW[9]      ; HEX0[0]     ; 7.814 ; 7.814 ; 7.814 ; 7.814 ;
; SW[9]      ; HEX0[1]     ; 7.602 ; 7.602 ; 7.602 ; 7.602 ;
; SW[9]      ; HEX0[2]     ; 7.592 ; 7.592 ; 7.592 ; 7.592 ;
; SW[9]      ; HEX0[3]     ; 6.861 ; 6.861 ; 6.861 ; 6.861 ;
; SW[9]      ; HEX0[4]     ; 6.858 ; 6.858 ; 6.858 ; 6.858 ;
; SW[9]      ; HEX0[5]     ; 7.512 ; 7.512 ; 7.512 ; 7.512 ;
; SW[9]      ; HEX0[6]     ; 6.858 ; 6.858 ; 6.858 ; 6.858 ;
; SW[9]      ; HEX1[0]     ; 7.259 ; 7.259 ; 7.259 ; 7.259 ;
; SW[9]      ; HEX1[1]     ; 6.862 ; 6.862 ; 6.862 ; 6.862 ;
; SW[9]      ; HEX1[2]     ; 6.862 ; 6.862 ; 6.862 ; 6.862 ;
; SW[9]      ; HEX1[3]     ; 6.779 ; 6.779 ; 6.779 ; 6.779 ;
; SW[9]      ; HEX1[4]     ; 6.789 ; 6.789 ; 6.789 ; 6.789 ;
; SW[9]      ; HEX1[5]     ; 7.260 ; 7.260 ; 7.260 ; 7.260 ;
; SW[9]      ; HEX1[6]     ; 7.029 ; 7.029 ; 7.029 ; 7.029 ;
; SW[9]      ; HEX2[0]     ; 6.988 ; 6.988 ; 6.988 ; 6.988 ;
; SW[9]      ; HEX2[1]     ; 6.739 ; 6.739 ; 6.739 ; 6.739 ;
; SW[9]      ; HEX2[2]     ; 6.779 ; 6.779 ; 6.779 ; 6.779 ;
; SW[9]      ; HEX2[3]     ; 6.874 ; 6.874 ; 6.874 ; 6.874 ;
; SW[9]      ; HEX2[4]     ; 6.865 ; 6.865 ; 6.865 ; 6.865 ;
; SW[9]      ; HEX2[5]     ; 7.020 ; 7.020 ; 7.020 ; 7.020 ;
; SW[9]      ; HEX2[6]     ; 6.870 ; 6.870 ; 6.870 ; 6.870 ;
+------------+-------------+-------+-------+-------+-------+


+----------------------------------------------------------+
; Minimum Progagation Delay                                ;
+------------+-------------+-------+-------+-------+-------+
; Input Port ; Output Port ; RR    ; RF    ; FR    ; FF    ;
+------------+-------------+-------+-------+-------+-------+
; SW[0]      ; HEX0[0]     ;       ; 4.157 ; 4.157 ;       ;
; SW[0]      ; HEX0[1]     ; 4.095 ;       ;       ; 4.095 ;
; SW[0]      ; HEX0[2]     ; 4.086 ;       ;       ; 4.086 ;
; SW[0]      ; HEX0[5]     ;       ; 4.065 ; 4.065 ;       ;
; SW[0]      ; HEX1[0]     ;       ; 3.989 ; 3.989 ;       ;
; SW[0]      ; HEX1[1]     ; 3.523 ;       ;       ; 3.523 ;
; SW[0]      ; HEX1[2]     ; 3.523 ;       ;       ; 3.523 ;
; SW[0]      ; HEX1[5]     ;       ; 3.990 ; 3.990 ;       ;
; SW[0]      ; HEX2[0]     ;       ; 3.826 ; 3.826 ;       ;
; SW[0]      ; HEX2[1]     ; 3.832 ;       ;       ; 3.832 ;
; SW[0]      ; HEX2[2]     ; 3.872 ;       ;       ; 3.872 ;
; SW[0]      ; HEX2[5]     ;       ; 3.858 ; 3.858 ;       ;
; SW[1]      ; HEX0[0]     ; 3.904 ;       ;       ; 3.904 ;
; SW[1]      ; HEX0[3]     ; 3.790 ;       ;       ; 3.790 ;
; SW[1]      ; HEX0[4]     ; 3.787 ;       ;       ; 3.787 ;
; SW[1]      ; HEX0[5]     ; 3.812 ;       ;       ; 3.812 ;
; SW[1]      ; HEX0[6]     ; 3.787 ;       ;       ; 3.787 ;
; SW[1]      ; HEX1[0]     ; 3.714 ; 3.876 ; 3.876 ; 3.714 ;
; SW[1]      ; HEX1[3]     ; 3.418 ;       ;       ; 3.418 ;
; SW[1]      ; HEX1[4]     ; 3.428 ;       ;       ; 3.428 ;
; SW[1]      ; HEX1[5]     ; 3.715 ; 3.877 ; 3.877 ; 3.715 ;
; SW[1]      ; HEX1[6]     ; 3.522 ;       ;       ; 3.522 ;
; SW[1]      ; HEX2[0]     ; 3.819 ;       ;       ; 3.819 ;
; SW[1]      ; HEX2[3]     ; 3.806 ;       ;       ; 3.806 ;
; SW[1]      ; HEX2[4]     ; 3.795 ;       ;       ; 3.795 ;
; SW[1]      ; HEX2[5]     ; 3.851 ;       ;       ; 3.851 ;
; SW[1]      ; HEX2[6]     ; 3.800 ;       ;       ; 3.800 ;
; SW[2]      ; HEX0[0]     ;       ; 4.107 ; 4.107 ;       ;
; SW[2]      ; HEX0[1]     ; 4.045 ;       ;       ; 4.045 ;
; SW[2]      ; HEX0[2]     ; 4.036 ;       ;       ; 4.036 ;
; SW[2]      ; HEX0[5]     ;       ; 4.015 ; 4.015 ;       ;
; SW[2]      ; HEX1[0]     ;       ; 3.825 ; 3.825 ;       ;
; SW[2]      ; HEX1[1]     ; 3.649 ;       ;       ; 3.649 ;
; SW[2]      ; HEX1[2]     ; 3.649 ;       ;       ; 3.649 ;
; SW[2]      ; HEX1[5]     ;       ; 3.826 ; 3.826 ;       ;
; SW[2]      ; HEX2[0]     ;       ; 3.831 ; 3.831 ;       ;
; SW[2]      ; HEX2[1]     ; 3.614 ;       ;       ; 3.614 ;
; SW[2]      ; HEX2[2]     ; 3.654 ;       ;       ; 3.654 ;
; SW[2]      ; HEX2[5]     ;       ; 3.863 ; 3.863 ;       ;
; SW[3]      ; HEX0[0]     ; 3.989 ;       ;       ; 3.989 ;
; SW[3]      ; HEX0[3]     ; 3.875 ;       ;       ; 3.875 ;
; SW[3]      ; HEX0[4]     ; 3.872 ;       ;       ; 3.872 ;
; SW[3]      ; HEX0[5]     ; 3.897 ;       ;       ; 3.897 ;
; SW[3]      ; HEX0[6]     ; 3.872 ;       ;       ; 3.872 ;
; SW[3]      ; HEX1[0]     ; 3.836 ;       ;       ; 3.836 ;
; SW[3]      ; HEX1[3]     ; 3.671 ;       ;       ; 3.671 ;
; SW[3]      ; HEX1[4]     ; 3.681 ;       ;       ; 3.681 ;
; SW[3]      ; HEX1[5]     ; 3.837 ;       ;       ; 3.837 ;
; SW[3]      ; HEX1[6]     ; 3.775 ;       ;       ; 3.775 ;
; SW[3]      ; HEX2[0]     ; 3.619 ; 3.840 ; 3.840 ; 3.619 ;
; SW[3]      ; HEX2[3]     ; 3.547 ;       ;       ; 3.547 ;
; SW[3]      ; HEX2[4]     ; 3.536 ;       ;       ; 3.536 ;
; SW[3]      ; HEX2[5]     ; 3.651 ; 3.872 ; 3.872 ; 3.651 ;
; SW[3]      ; HEX2[6]     ; 3.541 ;       ;       ; 3.541 ;
; SW[4]      ; HEX0[0]     ;       ; 3.742 ; 3.742 ;       ;
; SW[4]      ; HEX0[1]     ; 3.444 ;       ;       ; 3.444 ;
; SW[4]      ; HEX0[2]     ; 3.435 ;       ;       ; 3.435 ;
; SW[4]      ; HEX0[5]     ;       ; 3.650 ; 3.650 ;       ;
; SW[4]      ; HEX1[0]     ;       ; 3.613 ; 3.613 ;       ;
; SW[4]      ; HEX1[1]     ; 3.437 ;       ;       ; 3.437 ;
; SW[4]      ; HEX1[2]     ; 3.437 ;       ;       ; 3.437 ;
; SW[4]      ; HEX1[5]     ;       ; 3.614 ; 3.614 ;       ;
; SW[4]      ; HEX2[0]     ;       ; 3.567 ; 3.567 ;       ;
; SW[4]      ; HEX2[1]     ; 3.573 ;       ;       ; 3.573 ;
; SW[4]      ; HEX2[2]     ; 3.613 ;       ;       ; 3.613 ;
; SW[4]      ; HEX2[5]     ;       ; 3.599 ; 3.599 ;       ;
; SW[5]      ; HEX0[0]     ; 3.507 ; 3.789 ; 3.789 ; 3.507 ;
; SW[5]      ; HEX0[3]     ; 3.642 ;       ;       ; 3.642 ;
; SW[5]      ; HEX0[4]     ; 3.639 ;       ;       ; 3.639 ;
; SW[5]      ; HEX0[5]     ; 3.415 ; 3.697 ; 3.697 ; 3.415 ;
; SW[5]      ; HEX0[6]     ; 3.639 ;       ;       ; 3.639 ;
; SW[5]      ; HEX1[0]     ; 3.956 ;       ;       ; 3.956 ;
; SW[5]      ; HEX1[3]     ; 3.791 ;       ;       ; 3.791 ;
; SW[5]      ; HEX1[4]     ; 3.801 ;       ;       ; 3.801 ;
; SW[5]      ; HEX1[5]     ; 3.957 ;       ;       ; 3.957 ;
; SW[5]      ; HEX1[6]     ; 3.895 ;       ;       ; 3.895 ;
; SW[5]      ; HEX2[0]     ; 3.898 ;       ;       ; 3.898 ;
; SW[5]      ; HEX2[3]     ; 3.885 ;       ;       ; 3.885 ;
; SW[5]      ; HEX2[4]     ; 3.874 ;       ;       ; 3.874 ;
; SW[5]      ; HEX2[5]     ; 3.930 ;       ;       ; 3.930 ;
; SW[5]      ; HEX2[6]     ; 3.879 ;       ;       ; 3.879 ;
; SW[8]      ; HEX0[0]     ; 3.124 ; 3.124 ; 3.124 ; 3.124 ;
; SW[8]      ; HEX0[1]     ; 3.096 ; 3.360 ; 3.360 ; 3.096 ;
; SW[8]      ; HEX0[2]     ; 3.087 ; 3.351 ; 3.351 ; 3.087 ;
; SW[8]      ; HEX0[3]     ; 3.073 ; 3.290 ; 3.290 ; 3.073 ;
; SW[8]      ; HEX0[4]     ; 3.070 ; 3.287 ; 3.287 ; 3.070 ;
; SW[8]      ; HEX0[5]     ; 3.032 ; 3.032 ; 3.032 ; 3.032 ;
; SW[8]      ; HEX0[6]     ; 3.070 ; 3.287 ; 3.287 ; 3.070 ;
; SW[8]      ; HEX1[0]     ; 3.261 ; 3.376 ; 3.376 ; 3.261 ;
; SW[8]      ; HEX1[1]     ; 2.915 ; 3.085 ; 3.085 ; 2.915 ;
; SW[8]      ; HEX1[2]     ; 2.915 ; 3.085 ; 3.085 ; 2.915 ;
; SW[8]      ; HEX1[3]     ; 2.934 ; 3.220 ; 3.220 ; 2.934 ;
; SW[8]      ; HEX1[4]     ; 2.944 ; 3.230 ; 3.230 ; 2.944 ;
; SW[8]      ; HEX1[5]     ; 3.262 ; 3.377 ; 3.377 ; 3.262 ;
; SW[8]      ; HEX1[6]     ; 3.038 ; 3.324 ; 3.324 ; 3.038 ;
; SW[8]      ; HEX2[0]     ; 3.213 ; 3.257 ; 3.257 ; 3.213 ;
; SW[8]      ; HEX2[1]     ; 3.049 ; 3.219 ; 3.219 ; 3.049 ;
; SW[8]      ; HEX2[2]     ; 3.089 ; 3.259 ; 3.259 ; 3.089 ;
; SW[8]      ; HEX2[3]     ; 3.100 ; 3.314 ; 3.314 ; 3.100 ;
; SW[8]      ; HEX2[4]     ; 3.089 ; 3.303 ; 3.303 ; 3.089 ;
; SW[8]      ; HEX2[5]     ; 3.245 ; 3.289 ; 3.289 ; 3.245 ;
; SW[8]      ; HEX2[6]     ; 3.094 ; 3.308 ; 3.308 ; 3.094 ;
; SW[9]      ; HEX0[0]     ; 3.325 ; 3.325 ; 3.325 ; 3.325 ;
; SW[9]      ; HEX0[1]     ; 3.471 ; 2.999 ; 2.999 ; 3.471 ;
; SW[9]      ; HEX0[2]     ; 3.462 ; 2.990 ; 2.990 ; 3.462 ;
; SW[9]      ; HEX0[3]     ; 3.211 ; 3.105 ; 3.105 ; 3.211 ;
; SW[9]      ; HEX0[4]     ; 3.208 ; 3.102 ; 3.102 ; 3.208 ;
; SW[9]      ; HEX0[5]     ; 3.233 ; 3.233 ; 3.233 ; 3.233 ;
; SW[9]      ; HEX0[6]     ; 3.208 ; 3.102 ; 3.102 ; 3.208 ;
; SW[9]      ; HEX1[0]     ; 3.297 ; 3.297 ; 3.297 ; 3.297 ;
; SW[9]      ; HEX1[1]     ; 3.168 ; 2.825 ; 2.825 ; 3.168 ;
; SW[9]      ; HEX1[2]     ; 3.168 ; 2.825 ; 2.825 ; 3.168 ;
; SW[9]      ; HEX1[3]     ; 3.133 ; 2.836 ; 2.836 ; 3.133 ;
; SW[9]      ; HEX1[4]     ; 3.143 ; 2.846 ; 2.846 ; 3.143 ;
; SW[9]      ; HEX1[5]     ; 3.298 ; 3.298 ; 3.298 ; 3.298 ;
; SW[9]      ; HEX1[6]     ; 3.237 ; 2.940 ; 2.940 ; 3.237 ;
; SW[9]      ; HEX2[0]     ; 3.134 ; 3.134 ; 3.134 ; 3.134 ;
; SW[9]      ; HEX2[1]     ; 3.140 ; 3.130 ; 3.130 ; 3.140 ;
; SW[9]      ; HEX2[2]     ; 3.180 ; 3.170 ; 3.170 ; 3.180 ;
; SW[9]      ; HEX2[3]     ; 3.224 ; 3.180 ; 3.180 ; 3.224 ;
; SW[9]      ; HEX2[4]     ; 3.213 ; 3.169 ; 3.169 ; 3.213 ;
; SW[9]      ; HEX2[5]     ; 3.166 ; 3.166 ; 3.166 ; 3.166 ;
; SW[9]      ; HEX2[6]     ; 3.218 ; 3.174 ; 3.174 ; 3.218 ;
+------------+-------------+-------+-------+-------+-------+


-------------------
; Clock Transfers ;
-------------------
Nothing to report.


---------------
; Report TCCS ;
---------------
No dedicated SERDES Transmitter circuitry present in device or used in design


---------------
; Report RSKM ;
---------------
No dedicated SERDES Receiver circuitry present in device or used in design


+------------------------------------------------+
; Unconstrained Paths                            ;
+---------------------------------+-------+------+
; Property                        ; Setup ; Hold ;
+---------------------------------+-------+------+
; Illegal Clocks                  ; 0     ; 0    ;
; Unconstrained Clocks            ; 0     ; 0    ;
; Unconstrained Input Ports       ; 8     ; 8    ;
; Unconstrained Input Port Paths  ; 123   ; 123  ;
; Unconstrained Output Ports      ; 21    ; 21   ;
; Unconstrained Output Port Paths ; 123   ; 123  ;
+---------------------------------+-------+------+


+------------------------------------+
; TimeQuest Timing Analyzer Messages ;
+------------------------------------+
Info: *******************************************************************
Info: Running Quartus II 64-Bit TimeQuest Timing Analyzer
    Info: Version 13.0.1 Build 232 06/12/2013 Service Pack 1 SJ Web Edition
    Info: Processing started: Thu Sep 24 21:02:00 2020
Info: Command: quartus_sta L1P5 -c L1P5
Info: qsta_default_script.tcl version: #1
Warning (20028): Parallel compilation is not licensed and has been disabled
Info (21077): Low junction temperature is 0 degrees C
Info (21077): High junction temperature is 85 degrees C
Critical Warning (332012): Synopsys Design Constraints File file not found: 'L1P5.sdc'. A Synopsys Design Constraints File is required by the TimeQuest Timing Analyzer to get proper timing constraints. Without it, the Compiler will not properly optimize the design.
Info (332142): No user constrained base clocks found in the design. Calling "derive_clocks -period 1.0"
Info (332096): The command derive_clocks did not find any clocks to derive.  No clocks were created or changed.
Warning (332068): No clocks defined in design.
Info: Found TIMEQUEST_REPORT_SCRIPT_INCLUDE_DEFAULT_ANALYSIS = ON
Info (332159): No clocks to report
Info: Analyzing Slow Model
Info (332140): No fmax paths to report
Info (332140): No Setup paths to report
Info (332140): No Hold paths to report
Info (332140): No Recovery paths to report
Info (332140): No Removal paths to report
Info (332140): No Minimum Pulse Width paths to report
Info (332001): The selected device family is not supported by the report_metastability command.
Info: Analyzing Fast Model
Info (332142): No user constrained base clocks found in the design. Calling "derive_clocks -period 1.0"
Info (332096): The command derive_clocks did not find any clocks to derive.  No clocks were created or changed.
Warning (332068): No clocks defined in design.
Info (332140): No Setup paths to report
Info (332140): No Hold paths to report
Info (332140): No Recovery paths to report
Info (332140): No Removal paths to report
Info (332140): No Minimum Pulse Width paths to report
Info (332001): The selected device family is not supported by the report_metastability command.
Info (332102): Design is not fully constrained for setup requirements
Info (332102): Design is not fully constrained for hold requirements
Info: Quartus II 64-Bit TimeQuest Timing Analyzer was successful. 0 errors, 4 warnings
    Info: Peak virtual memory: 4526 megabytes
    Info: Processing ended: Thu Sep 24 21:02:02 2020
    Info: Elapsed time: 00:00:02
    Info: Total CPU time (on all processors): 00:00:01


