TimeQuest Timing Analyzer report for L2P5
Mon Oct 05 22:11:15 2020
Quartus II 64-Bit Version 13.0.1 Build 232 06/12/2013 Service Pack 1 SJ Web Edition


---------------------
; Table of Contents ;
---------------------
  1. Legal Notice
  2. TimeQuest Timing Analyzer Summary
  3. Parallel Compilation
  4. Clocks
  5. Slow Model Fmax Summary
  6. Slow Model Setup Summary
  7. Slow Model Hold Summary
  8. Slow Model Recovery Summary
  9. Slow Model Removal Summary
 10. Slow Model Minimum Pulse Width Summary
 11. Propagation Delay
 12. Minimum Propagation Delay
 13. Fast Model Setup Summary
 14. Fast Model Hold Summary
 15. Fast Model Recovery Summary
 16. Fast Model Removal Summary
 17. Fast Model Minimum Pulse Width Summary
 18. Propagation Delay
 19. Minimum Propagation Delay
 20. Multicorner Timing Analysis Summary
 21. Progagation Delay
 22. Minimum Progagation Delay
 23. Clock Transfers
 24. Report TCCS
 25. Report RSKM
 26. Unconstrained Paths
 27. TimeQuest Timing Analyzer Messages



----------------
; Legal Notice ;
----------------
Copyright (C) 1991-2013 Altera Corporation
Your use of Altera Corporation's design tools, logic functions 
and other software and tools, and its AMPP partner logic 
functions, and any output files from any of the foregoing 
(including device programming or simulation files), and any 
associated documentation or information are expressly subject 
to the terms and conditions of the Altera Program License 
Subscription Agreement, Altera MegaCore Function License 
Agreement, or other applicable license agreement, including, 
without limitation, that your use is for the sole purpose of 
programming logic devices manufactured by Altera and sold by 
Altera or its authorized distributors.  Please refer to the 
applicable agreement for further details.



+----------------------------------------------------------------------------------------+
; TimeQuest Timing Analyzer Summary                                                      ;
+--------------------+-------------------------------------------------------------------+
; Quartus II Version ; Version 13.0.1 Build 232 06/12/2013 Service Pack 1 SJ Web Edition ;
; Revision Name      ; L2P5                                                              ;
; Device Family      ; Cyclone II                                                        ;
; Device Name        ; EP2C20F484C7                                                      ;
; Timing Models      ; Final                                                             ;
; Delay Model        ; Combined                                                          ;
; Rise/Fall Delays   ; Unavailable                                                       ;
+--------------------+-------------------------------------------------------------------+


Parallel compilation was disabled, but you have multiple processors available. Enable parallel compilation to reduce compilation time.
+-------------------------------------+
; Parallel Compilation                ;
+----------------------------+--------+
; Processors                 ; Number ;
+----------------------------+--------+
; Number detected on machine ; 2      ;
; Maximum allowed            ; 1      ;
+----------------------------+--------+


----------
; Clocks ;
----------
No clocks to report.


---------------------------
; Slow Model Fmax Summary ;
---------------------------
No paths to report.


----------------------------
; Slow Model Setup Summary ;
----------------------------
No paths to report.


---------------------------
; Slow Model Hold Summary ;
---------------------------
No paths to report.


-------------------------------
; Slow Model Recovery Summary ;
-------------------------------
No paths to report.


------------------------------
; Slow Model Removal Summary ;
------------------------------
No paths to report.


------------------------------------------
; Slow Model Minimum Pulse Width Summary ;
------------------------------------------
No paths to report.


+--------------------------------------------------------------+
; Propagation Delay                                            ;
+------------+-------------+--------+--------+--------+--------+
; Input Port ; Output Port ; RR     ; RF     ; FR     ; FF     ;
+------------+-------------+--------+--------+--------+--------+
; SW[0]      ; HEX0[0]     ; 9.935  ; 9.935  ; 9.935  ; 9.935  ;
; SW[0]      ; HEX0[1]     ; 9.876  ; 9.876  ; 9.876  ; 9.876  ;
; SW[0]      ; HEX0[2]     ; 10.142 ; 10.142 ; 10.142 ; 10.142 ;
; SW[0]      ; HEX0[3]     ; 10.291 ; 10.291 ; 10.291 ; 10.291 ;
; SW[0]      ; HEX0[4]     ; 10.328 ; 10.328 ; 10.328 ; 10.328 ;
; SW[0]      ; HEX0[5]     ; 10.319 ; 10.319 ; 10.319 ; 10.319 ;
; SW[0]      ; HEX0[6]     ; 10.555 ; 10.555 ; 10.555 ; 10.555 ;
; SW[0]      ; HEX1[0]     ; 9.381  ; 9.381  ; 9.381  ; 9.381  ;
; SW[0]      ; HEX1[3]     ; 9.363  ; 9.363  ; 9.363  ; 9.363  ;
; SW[0]      ; HEX1[4]     ; 9.373  ; 9.373  ; 9.373  ; 9.373  ;
; SW[0]      ; HEX1[5]     ; 9.398  ; 9.398  ; 9.398  ; 9.398  ;
; SW[0]      ; HEX2[0]     ; 7.937  ; 7.937  ; 7.937  ; 7.937  ;
; SW[0]      ; HEX2[1]     ; 8.229  ; 8.229  ; 8.229  ; 8.229  ;
; SW[0]      ; HEX2[2]     ;        ; 8.249  ; 8.249  ;        ;
; SW[0]      ; HEX2[3]     ; 8.052  ; 8.052  ; 8.052  ; 8.052  ;
; SW[0]      ; HEX2[4]     ; 8.004  ;        ;        ; 8.004  ;
; SW[0]      ; HEX2[5]     ; 8.270  ;        ;        ; 8.270  ;
; SW[0]      ; HEX2[6]     ; 8.299  ;        ;        ; 8.299  ;
; SW[0]      ; LEDG[0]     ; 12.422 ; 12.422 ; 12.422 ; 12.422 ;
; SW[0]      ; LEDG[1]     ; 12.395 ; 12.395 ; 12.395 ; 12.395 ;
; SW[0]      ; LEDG[2]     ; 10.904 ; 10.904 ; 10.904 ; 10.904 ;
; SW[0]      ; LEDG[3]     ; 12.596 ; 12.596 ; 12.596 ; 12.596 ;
; SW[0]      ; LEDG[4]     ; 11.943 ;        ;        ; 11.943 ;
; SW[1]      ; HEX0[0]     ; 9.874  ; 9.874  ; 9.874  ; 9.874  ;
; SW[1]      ; HEX0[1]     ; 9.815  ; 9.815  ; 9.815  ; 9.815  ;
; SW[1]      ; HEX0[2]     ; 10.081 ; 10.081 ; 10.081 ; 10.081 ;
; SW[1]      ; HEX0[3]     ; 10.230 ; 10.230 ; 10.230 ; 10.230 ;
; SW[1]      ; HEX0[4]     ; 10.267 ; 10.267 ; 10.267 ; 10.267 ;
; SW[1]      ; HEX0[5]     ; 10.258 ; 10.258 ; 10.258 ; 10.258 ;
; SW[1]      ; HEX0[6]     ; 10.494 ; 10.494 ; 10.494 ; 10.494 ;
; SW[1]      ; HEX1[0]     ; 9.320  ; 9.320  ; 9.320  ; 9.320  ;
; SW[1]      ; HEX1[3]     ; 9.302  ; 9.302  ; 9.302  ; 9.302  ;
; SW[1]      ; HEX1[4]     ; 9.312  ; 9.312  ; 9.312  ; 9.312  ;
; SW[1]      ; HEX1[5]     ; 9.337  ; 9.337  ; 9.337  ; 9.337  ;
; SW[1]      ; HEX2[0]     ;        ; 7.929  ; 7.929  ;        ;
; SW[1]      ; HEX2[1]     ; 8.266  ; 8.266  ; 8.266  ; 8.266  ;
; SW[1]      ; HEX2[2]     ; 8.334  ;        ;        ; 8.334  ;
; SW[1]      ; HEX2[3]     ; 7.988  ; 7.988  ; 7.988  ; 7.988  ;
; SW[1]      ; HEX2[4]     ;        ; 8.023  ; 8.023  ;        ;
; SW[1]      ; HEX2[5]     ; 8.296  ;        ;        ; 8.296  ;
; SW[1]      ; HEX2[6]     ; 8.301  ; 8.301  ; 8.301  ; 8.301  ;
; SW[1]      ; LEDG[1]     ; 11.983 ; 11.983 ; 11.983 ; 11.983 ;
; SW[1]      ; LEDG[2]     ; 10.843 ; 10.843 ; 10.843 ; 10.843 ;
; SW[1]      ; LEDG[3]     ; 12.535 ; 12.535 ; 12.535 ; 12.535 ;
; SW[1]      ; LEDG[4]     ; 11.882 ;        ;        ; 11.882 ;
; SW[1]      ; LEDG[7]     ; 11.582 ;        ;        ; 11.582 ;
; SW[2]      ; HEX0[0]     ; 9.791  ; 9.791  ; 9.791  ; 9.791  ;
; SW[2]      ; HEX0[1]     ; 9.732  ; 9.732  ; 9.732  ; 9.732  ;
; SW[2]      ; HEX0[2]     ; 9.998  ; 9.998  ; 9.998  ; 9.998  ;
; SW[2]      ; HEX0[3]     ; 10.147 ; 10.147 ; 10.147 ; 10.147 ;
; SW[2]      ; HEX0[4]     ; 10.184 ; 10.184 ; 10.184 ; 10.184 ;
; SW[2]      ; HEX0[5]     ; 10.175 ; 10.175 ; 10.175 ; 10.175 ;
; SW[2]      ; HEX0[6]     ; 10.411 ; 10.411 ; 10.411 ; 10.411 ;
; SW[2]      ; HEX1[0]     ; 9.237  ; 9.237  ; 9.237  ; 9.237  ;
; SW[2]      ; HEX1[3]     ; 9.219  ; 9.219  ; 9.219  ; 9.219  ;
; SW[2]      ; HEX1[4]     ; 9.229  ; 9.229  ; 9.229  ; 9.229  ;
; SW[2]      ; HEX1[5]     ; 9.254  ; 9.254  ; 9.254  ; 9.254  ;
; SW[2]      ; HEX2[0]     ; 7.612  ; 7.612  ; 7.612  ; 7.612  ;
; SW[2]      ; HEX2[1]     ; 7.941  ;        ;        ; 7.941  ;
; SW[2]      ; HEX2[2]     ;        ; 7.979  ; 7.979  ;        ;
; SW[2]      ; HEX2[3]     ; 7.913  ; 7.913  ; 7.913  ; 7.913  ;
; SW[2]      ; HEX2[4]     ; 7.908  ;        ;        ; 7.908  ;
; SW[2]      ; HEX2[5]     ;        ; 7.938  ; 7.938  ;        ;
; SW[2]      ; HEX2[6]     ; 7.972  ; 7.972  ; 7.972  ; 7.972  ;
; SW[2]      ; LEDG[2]     ; 10.403 ; 10.403 ; 10.403 ; 10.403 ;
; SW[2]      ; LEDG[3]     ; 12.452 ; 12.452 ; 12.452 ; 12.452 ;
; SW[2]      ; LEDG[4]     ; 11.799 ;        ;        ; 11.799 ;
; SW[2]      ; LEDG[7]     ; 11.973 ;        ;        ; 11.973 ;
; SW[3]      ; HEX0[0]     ; 9.714  ; 9.714  ; 9.714  ; 9.714  ;
; SW[3]      ; HEX0[1]     ; 9.655  ; 9.655  ; 9.655  ; 9.655  ;
; SW[3]      ; HEX0[2]     ; 9.921  ; 9.921  ; 9.921  ; 9.921  ;
; SW[3]      ; HEX0[3]     ; 10.070 ; 10.070 ; 10.070 ; 10.070 ;
; SW[3]      ; HEX0[4]     ; 10.107 ; 10.107 ; 10.107 ; 10.107 ;
; SW[3]      ; HEX0[5]     ; 10.098 ; 10.098 ; 10.098 ; 10.098 ;
; SW[3]      ; HEX0[6]     ; 10.334 ; 10.334 ; 10.334 ; 10.334 ;
; SW[3]      ; HEX1[0]     ; 9.112  ; 8.817  ; 8.817  ; 9.112  ;
; SW[3]      ; HEX1[3]     ; 9.094  ; 8.799  ; 8.799  ; 9.094  ;
; SW[3]      ; HEX1[4]     ; 9.104  ; 8.809  ; 8.809  ; 9.104  ;
; SW[3]      ; HEX1[5]     ; 9.129  ; 8.834  ; 8.834  ; 9.129  ;
; SW[3]      ; HEX2[0]     ;        ; 7.731  ; 7.731  ;        ;
; SW[3]      ; HEX2[1]     ;        ; 8.062  ; 8.062  ;        ;
; SW[3]      ; HEX2[2]     ;        ; 8.100  ; 8.100  ;        ;
; SW[3]      ; HEX2[5]     ;        ; 8.058  ; 8.058  ;        ;
; SW[3]      ; HEX2[6]     ;        ; 8.093  ; 8.093  ;        ;
; SW[3]      ; LEDG[3]     ; 12.032 ; 12.032 ; 12.032 ; 12.032 ;
; SW[3]      ; LEDG[4]     ; 11.739 ;        ;        ; 11.739 ;
; SW[3]      ; LEDG[7]     ; 11.744 ;        ;        ; 11.744 ;
; SW[4]      ; HEX0[0]     ; 9.910  ; 9.910  ; 9.910  ; 9.910  ;
; SW[4]      ; HEX0[1]     ; 9.851  ; 9.851  ; 9.851  ; 9.851  ;
; SW[4]      ; HEX0[2]     ; 10.117 ; 10.117 ; 10.117 ; 10.117 ;
; SW[4]      ; HEX0[3]     ; 10.266 ; 10.266 ; 10.266 ; 10.266 ;
; SW[4]      ; HEX0[4]     ; 10.303 ; 10.303 ; 10.303 ; 10.303 ;
; SW[4]      ; HEX0[5]     ; 10.294 ; 10.294 ; 10.294 ; 10.294 ;
; SW[4]      ; HEX0[6]     ; 10.530 ; 10.530 ; 10.530 ; 10.530 ;
; SW[4]      ; HEX1[0]     ; 9.356  ; 9.356  ; 9.356  ; 9.356  ;
; SW[4]      ; HEX1[3]     ; 9.338  ; 9.338  ; 9.338  ; 9.338  ;
; SW[4]      ; HEX1[4]     ; 9.348  ; 9.348  ; 9.348  ; 9.348  ;
; SW[4]      ; HEX1[5]     ; 9.373  ; 9.373  ; 9.373  ; 9.373  ;
; SW[4]      ; HEX3[0]     ; 7.595  ; 7.595  ; 7.595  ; 7.595  ;
; SW[4]      ; HEX3[1]     ; 8.105  ; 8.105  ; 8.105  ; 8.105  ;
; SW[4]      ; HEX3[2]     ;        ; 8.016  ; 8.016  ;        ;
; SW[4]      ; HEX3[3]     ; 7.193  ; 7.193  ; 7.193  ; 7.193  ;
; SW[4]      ; HEX3[4]     ; 6.870  ;        ;        ; 6.870  ;
; SW[4]      ; HEX3[5]     ; 7.598  ;        ;        ; 7.598  ;
; SW[4]      ; HEX3[6]     ; 7.943  ;        ;        ; 7.943  ;
; SW[4]      ; LEDG[0]     ; 12.401 ; 12.401 ; 12.401 ; 12.401 ;
; SW[4]      ; LEDG[1]     ; 12.370 ; 12.370 ; 12.370 ; 12.370 ;
; SW[4]      ; LEDG[2]     ; 10.879 ; 10.879 ; 10.879 ; 10.879 ;
; SW[4]      ; LEDG[3]     ; 12.571 ; 12.571 ; 12.571 ; 12.571 ;
; SW[4]      ; LEDG[4]     ; 11.918 ;        ;        ; 11.918 ;
; SW[5]      ; HEX0[0]     ; 9.650  ; 9.650  ; 9.650  ; 9.650  ;
; SW[5]      ; HEX0[1]     ; 9.591  ; 9.591  ; 9.591  ; 9.591  ;
; SW[5]      ; HEX0[2]     ; 9.857  ; 9.857  ; 9.857  ; 9.857  ;
; SW[5]      ; HEX0[3]     ; 10.006 ; 10.006 ; 10.006 ; 10.006 ;
; SW[5]      ; HEX0[4]     ; 10.043 ; 10.043 ; 10.043 ; 10.043 ;
; SW[5]      ; HEX0[5]     ; 10.034 ; 10.034 ; 10.034 ; 10.034 ;
; SW[5]      ; HEX0[6]     ; 10.270 ; 10.270 ; 10.270 ; 10.270 ;
; SW[5]      ; HEX1[0]     ; 9.096  ; 9.096  ; 9.096  ; 9.096  ;
; SW[5]      ; HEX1[3]     ; 9.078  ; 9.078  ; 9.078  ; 9.078  ;
; SW[5]      ; HEX1[4]     ; 9.088  ; 9.088  ; 9.088  ; 9.088  ;
; SW[5]      ; HEX1[5]     ; 9.113  ; 9.113  ; 9.113  ; 9.113  ;
; SW[5]      ; HEX3[0]     ;        ; 7.206  ; 7.206  ;        ;
; SW[5]      ; HEX3[1]     ; 7.715  ; 7.715  ; 7.715  ; 7.715  ;
; SW[5]      ; HEX3[2]     ; 7.731  ;        ;        ; 7.731  ;
; SW[5]      ; HEX3[3]     ; 7.519  ; 7.519  ; 7.519  ; 7.519  ;
; SW[5]      ; HEX3[4]     ;        ; 7.195  ; 7.195  ;        ;
; SW[5]      ; HEX3[5]     ; 7.215  ;        ;        ; 7.215  ;
; SW[5]      ; HEX3[6]     ; 7.552  ; 7.552  ; 7.552  ; 7.552  ;
; SW[5]      ; LEDG[1]     ; 11.758 ; 11.758 ; 11.758 ; 11.758 ;
; SW[5]      ; LEDG[2]     ; 10.619 ; 10.619 ; 10.619 ; 10.619 ;
; SW[5]      ; LEDG[3]     ; 12.311 ; 12.311 ; 12.311 ; 12.311 ;
; SW[5]      ; LEDG[4]     ; 11.658 ;        ;        ; 11.658 ;
; SW[5]      ; LEDG[7]     ; 13.180 ;        ;        ; 13.180 ;
; SW[6]      ; HEX0[0]     ; 9.597  ; 9.597  ; 9.597  ; 9.597  ;
; SW[6]      ; HEX0[1]     ; 9.538  ; 9.538  ; 9.538  ; 9.538  ;
; SW[6]      ; HEX0[2]     ; 9.804  ; 9.804  ; 9.804  ; 9.804  ;
; SW[6]      ; HEX0[3]     ; 9.953  ; 9.953  ; 9.953  ; 9.953  ;
; SW[6]      ; HEX0[4]     ; 9.990  ; 9.990  ; 9.990  ; 9.990  ;
; SW[6]      ; HEX0[5]     ; 9.981  ; 9.981  ; 9.981  ; 9.981  ;
; SW[6]      ; HEX0[6]     ; 10.217 ; 10.217 ; 10.217 ; 10.217 ;
; SW[6]      ; HEX1[0]     ; 9.043  ; 9.043  ; 9.043  ; 9.043  ;
; SW[6]      ; HEX1[3]     ; 9.025  ; 9.025  ; 9.025  ; 9.025  ;
; SW[6]      ; HEX1[4]     ; 9.035  ; 9.035  ; 9.035  ; 9.035  ;
; SW[6]      ; HEX1[5]     ; 9.060  ; 9.060  ; 9.060  ; 9.060  ;
; SW[6]      ; HEX3[0]     ; 7.413  ; 7.413  ; 7.413  ; 7.413  ;
; SW[6]      ; HEX3[1]     ; 7.922  ;        ;        ; 7.922  ;
; SW[6]      ; HEX3[2]     ;        ; 7.938  ; 7.938  ;        ;
; SW[6]      ; HEX3[3]     ; 7.366  ; 7.366  ; 7.366  ; 7.366  ;
; SW[6]      ; HEX3[4]     ; 7.041  ;        ;        ; 7.041  ;
; SW[6]      ; HEX3[5]     ;        ; 7.422  ; 7.422  ;        ;
; SW[6]      ; HEX3[6]     ; 7.761  ; 7.761  ; 7.761  ; 7.761  ;
; SW[6]      ; LEDG[2]     ; 10.213 ; 10.213 ; 10.213 ; 10.213 ;
; SW[6]      ; LEDG[3]     ; 12.258 ; 12.258 ; 12.258 ; 12.258 ;
; SW[6]      ; LEDG[4]     ; 11.605 ;        ;        ; 11.605 ;
; SW[6]      ; LEDG[7]     ; 13.024 ;        ;        ; 13.024 ;
; SW[7]      ; HEX0[0]     ; 8.616  ; 8.616  ; 8.616  ; 8.616  ;
; SW[7]      ; HEX0[1]     ; 8.557  ; 8.557  ; 8.557  ; 8.557  ;
; SW[7]      ; HEX0[2]     ; 8.823  ; 8.823  ; 8.823  ; 8.823  ;
; SW[7]      ; HEX0[3]     ; 8.972  ; 8.972  ; 8.972  ; 8.972  ;
; SW[7]      ; HEX0[4]     ; 9.009  ; 9.009  ; 9.009  ; 9.009  ;
; SW[7]      ; HEX0[5]     ; 9.000  ; 9.000  ; 9.000  ; 9.000  ;
; SW[7]      ; HEX0[6]     ; 9.236  ; 9.236  ; 9.236  ; 9.236  ;
; SW[7]      ; HEX1[0]     ; 8.014  ; 7.720  ; 7.720  ; 8.014  ;
; SW[7]      ; HEX1[3]     ; 7.996  ; 7.702  ; 7.702  ; 7.996  ;
; SW[7]      ; HEX1[4]     ; 8.006  ; 7.712  ; 7.712  ; 8.006  ;
; SW[7]      ; HEX1[5]     ; 8.031  ; 7.737  ; 7.737  ; 8.031  ;
; SW[7]      ; HEX3[0]     ;        ; 6.378  ; 6.378  ;        ;
; SW[7]      ; HEX3[1]     ;        ; 6.890  ; 6.890  ;        ;
; SW[7]      ; HEX3[2]     ;        ; 6.894  ; 6.894  ;        ;
; SW[7]      ; HEX3[5]     ;        ; 6.381  ; 6.381  ;        ;
; SW[7]      ; HEX3[6]     ;        ; 6.784  ; 6.784  ;        ;
; SW[7]      ; LEDG[3]     ; 10.935 ; 10.935 ; 10.935 ; 10.935 ;
; SW[7]      ; LEDG[4]     ; 10.641 ;        ;        ; 10.641 ;
; SW[7]      ; LEDG[7]     ; 11.689 ;        ;        ; 11.689 ;
; SW[8]      ; HEX0[0]     ; 8.921  ; 8.921  ; 8.921  ; 8.921  ;
; SW[8]      ; HEX0[1]     ; 8.862  ; 8.862  ; 8.862  ; 8.862  ;
; SW[8]      ; HEX0[2]     ; 9.128  ; 9.128  ; 9.128  ; 9.128  ;
; SW[8]      ; HEX0[3]     ; 9.277  ; 9.277  ; 9.277  ; 9.277  ;
; SW[8]      ; HEX0[4]     ; 9.314  ; 9.314  ; 9.314  ; 9.314  ;
; SW[8]      ; HEX0[5]     ; 9.305  ; 9.305  ; 9.305  ; 9.305  ;
; SW[8]      ; HEX0[6]     ; 9.541  ; 9.541  ; 9.541  ; 9.541  ;
; SW[8]      ; HEX1[0]     ; 8.367  ; 8.367  ; 8.367  ; 8.367  ;
; SW[8]      ; HEX1[3]     ; 8.349  ; 8.349  ; 8.349  ; 8.349  ;
; SW[8]      ; HEX1[4]     ; 8.359  ; 8.359  ; 8.359  ; 8.359  ;
; SW[8]      ; HEX1[5]     ; 8.384  ; 8.384  ; 8.384  ; 8.384  ;
; SW[8]      ; LEDG[0]     ; 11.765 ; 11.765 ; 11.765 ; 11.765 ;
; SW[8]      ; LEDG[1]     ; 11.381 ; 11.381 ; 11.381 ; 11.381 ;
; SW[8]      ; LEDG[2]     ; 9.890  ; 9.890  ; 9.890  ; 9.890  ;
; SW[8]      ; LEDG[3]     ; 11.582 ; 11.582 ; 11.582 ; 11.582 ;
; SW[8]      ; LEDG[4]     ; 10.929 ;        ;        ; 10.929 ;
+------------+-------------+--------+--------+--------+--------+


+--------------------------------------------------------------+
; Minimum Propagation Delay                                    ;
+------------+-------------+--------+--------+--------+--------+
; Input Port ; Output Port ; RR     ; RF     ; FR     ; FF     ;
+------------+-------------+--------+--------+--------+--------+
; SW[0]      ; HEX0[0]     ; 8.222  ; 8.222  ; 8.222  ; 8.222  ;
; SW[0]      ; HEX0[1]     ; 8.252  ; 8.252  ; 8.252  ; 8.252  ;
; SW[0]      ; HEX0[2]     ; 8.476  ; 8.476  ; 8.476  ; 8.476  ;
; SW[0]      ; HEX0[3]     ; 8.586  ; 8.586  ; 8.586  ; 8.586  ;
; SW[0]      ; HEX0[4]     ; 8.573  ; 8.573  ; 8.573  ; 8.573  ;
; SW[0]      ; HEX0[5]     ; 8.610  ; 8.610  ; 8.610  ; 8.610  ;
; SW[0]      ; HEX0[6]     ; 8.845  ; 8.845  ; 8.845  ; 8.845  ;
; SW[0]      ; HEX1[0]     ; 8.895  ; 8.895  ; 8.895  ; 8.895  ;
; SW[0]      ; HEX1[3]     ; 8.877  ; 8.877  ; 8.877  ; 8.877  ;
; SW[0]      ; HEX1[4]     ; 8.887  ; 8.887  ; 8.887  ; 8.887  ;
; SW[0]      ; HEX1[5]     ; 8.912  ; 8.912  ; 8.912  ; 8.912  ;
; SW[0]      ; HEX2[0]     ; 7.937  ; 7.937  ; 7.937  ; 7.937  ;
; SW[0]      ; HEX2[1]     ; 8.229  ; 8.229  ; 8.229  ; 8.229  ;
; SW[0]      ; HEX2[2]     ;        ; 8.249  ; 8.249  ;        ;
; SW[0]      ; HEX2[3]     ; 8.052  ; 8.052  ; 8.052  ; 8.052  ;
; SW[0]      ; HEX2[4]     ; 8.004  ;        ;        ; 8.004  ;
; SW[0]      ; HEX2[5]     ; 8.270  ;        ;        ; 8.270  ;
; SW[0]      ; HEX2[6]     ; 8.299  ;        ;        ; 8.299  ;
; SW[0]      ; LEDG[0]     ; 12.422 ; 12.422 ; 12.422 ; 12.422 ;
; SW[0]      ; LEDG[1]     ; 12.395 ; 12.395 ; 12.395 ; 12.395 ;
; SW[0]      ; LEDG[2]     ; 10.904 ; 10.904 ; 10.904 ; 10.904 ;
; SW[0]      ; LEDG[3]     ; 12.596 ; 12.596 ; 12.596 ; 12.596 ;
; SW[0]      ; LEDG[4]     ; 11.943 ;        ;        ; 11.943 ;
; SW[1]      ; HEX0[0]     ; 8.646  ; 8.646  ; 8.646  ; 8.646  ;
; SW[1]      ; HEX0[1]     ; 8.674  ; 8.674  ; 8.674  ; 8.674  ;
; SW[1]      ; HEX0[2]     ; 8.891  ; 8.891  ; 8.891  ; 8.891  ;
; SW[1]      ; HEX0[3]     ; 9.005  ; 9.005  ; 9.005  ; 9.005  ;
; SW[1]      ; HEX0[4]     ; 9.037  ; 9.037  ; 9.037  ; 9.037  ;
; SW[1]      ; HEX0[5]     ; 9.030  ; 9.030  ; 9.030  ; 9.030  ;
; SW[1]      ; HEX0[6]     ; 9.266  ; 9.266  ; 9.266  ; 9.266  ;
; SW[1]      ; HEX1[0]     ; 8.483  ; 8.483  ; 8.483  ; 8.483  ;
; SW[1]      ; HEX1[3]     ; 8.465  ; 8.465  ; 8.465  ; 8.465  ;
; SW[1]      ; HEX1[4]     ; 8.475  ; 8.475  ; 8.475  ; 8.475  ;
; SW[1]      ; HEX1[5]     ; 8.500  ; 8.500  ; 8.500  ; 8.500  ;
; SW[1]      ; HEX2[0]     ;        ; 7.929  ; 7.929  ;        ;
; SW[1]      ; HEX2[1]     ; 8.266  ; 8.266  ; 8.266  ; 8.266  ;
; SW[1]      ; HEX2[2]     ; 8.334  ;        ;        ; 8.334  ;
; SW[1]      ; HEX2[3]     ; 7.988  ; 7.988  ; 7.988  ; 7.988  ;
; SW[1]      ; HEX2[4]     ;        ; 8.023  ; 8.023  ;        ;
; SW[1]      ; HEX2[5]     ; 8.296  ;        ;        ; 8.296  ;
; SW[1]      ; HEX2[6]     ; 8.301  ; 8.301  ; 8.301  ; 8.301  ;
; SW[1]      ; LEDG[1]     ; 11.983 ; 11.983 ; 11.983 ; 11.983 ;
; SW[1]      ; LEDG[2]     ; 10.843 ; 10.843 ; 10.843 ; 10.843 ;
; SW[1]      ; LEDG[3]     ; 12.535 ; 12.535 ; 12.535 ; 12.535 ;
; SW[1]      ; LEDG[4]     ; 11.882 ;        ;        ; 11.882 ;
; SW[1]      ; LEDG[7]     ; 11.582 ;        ;        ; 11.582 ;
; SW[2]      ; HEX0[0]     ; 9.028  ; 9.028  ; 9.028  ; 9.028  ;
; SW[2]      ; HEX0[1]     ; 9.056  ; 9.056  ; 9.056  ; 9.056  ;
; SW[2]      ; HEX0[2]     ; 9.273  ; 9.273  ; 9.273  ; 9.273  ;
; SW[2]      ; HEX0[3]     ; 9.387  ; 9.387  ; 9.387  ; 9.387  ;
; SW[2]      ; HEX0[4]     ; 9.419  ; 9.419  ; 9.419  ; 9.419  ;
; SW[2]      ; HEX0[5]     ; 9.412  ; 9.412  ; 9.412  ; 9.412  ;
; SW[2]      ; HEX0[6]     ; 9.648  ; 9.648  ; 9.648  ; 9.648  ;
; SW[2]      ; HEX1[0]     ; 8.862  ; 8.862  ; 8.862  ; 8.862  ;
; SW[2]      ; HEX1[3]     ; 8.844  ; 8.844  ; 8.844  ; 8.844  ;
; SW[2]      ; HEX1[4]     ; 8.854  ; 8.854  ; 8.854  ; 8.854  ;
; SW[2]      ; HEX1[5]     ; 8.879  ; 8.879  ; 8.879  ; 8.879  ;
; SW[2]      ; HEX2[0]     ; 7.612  ; 7.612  ; 7.612  ; 7.612  ;
; SW[2]      ; HEX2[1]     ; 7.941  ;        ;        ; 7.941  ;
; SW[2]      ; HEX2[2]     ;        ; 7.979  ; 7.979  ;        ;
; SW[2]      ; HEX2[3]     ; 7.913  ; 7.913  ; 7.913  ; 7.913  ;
; SW[2]      ; HEX2[4]     ; 7.908  ;        ;        ; 7.908  ;
; SW[2]      ; HEX2[5]     ;        ; 7.938  ; 7.938  ;        ;
; SW[2]      ; HEX2[6]     ; 7.972  ; 7.972  ; 7.972  ; 7.972  ;
; SW[2]      ; LEDG[2]     ; 10.403 ; 10.403 ; 10.403 ; 10.403 ;
; SW[2]      ; LEDG[3]     ; 12.452 ; 12.452 ; 12.452 ; 12.452 ;
; SW[2]      ; LEDG[4]     ; 11.799 ;        ;        ; 11.799 ;
; SW[2]      ; LEDG[7]     ; 11.973 ;        ;        ; 11.973 ;
; SW[3]      ; HEX0[0]     ; 8.983  ; 8.983  ; 8.983  ; 8.983  ;
; SW[3]      ; HEX0[1]     ; 9.011  ; 9.011  ; 9.011  ; 9.011  ;
; SW[3]      ; HEX0[2]     ; 9.228  ; 9.228  ; 9.228  ; 9.228  ;
; SW[3]      ; HEX0[3]     ; 9.342  ; 9.342  ; 9.342  ; 9.342  ;
; SW[3]      ; HEX0[4]     ; 9.374  ; 9.374  ; 9.374  ; 9.374  ;
; SW[3]      ; HEX0[5]     ; 9.367  ; 9.367  ; 9.367  ; 9.367  ;
; SW[3]      ; HEX0[6]     ; 9.603  ; 9.603  ; 9.603  ; 9.603  ;
; SW[3]      ; HEX1[0]     ; 8.817  ; 8.817  ; 8.817  ; 8.817  ;
; SW[3]      ; HEX1[3]     ; 8.799  ; 8.799  ; 8.799  ; 8.799  ;
; SW[3]      ; HEX1[4]     ; 8.809  ; 8.809  ; 8.809  ; 8.809  ;
; SW[3]      ; HEX1[5]     ; 8.834  ; 8.834  ; 8.834  ; 8.834  ;
; SW[3]      ; HEX2[0]     ;        ; 7.731  ; 7.731  ;        ;
; SW[3]      ; HEX2[1]     ;        ; 8.062  ; 8.062  ;        ;
; SW[3]      ; HEX2[2]     ;        ; 8.100  ; 8.100  ;        ;
; SW[3]      ; HEX2[5]     ;        ; 8.058  ; 8.058  ;        ;
; SW[3]      ; HEX2[6]     ;        ; 8.093  ; 8.093  ;        ;
; SW[3]      ; LEDG[3]     ; 12.032 ; 12.032 ; 12.032 ; 12.032 ;
; SW[3]      ; LEDG[4]     ; 11.739 ;        ;        ; 11.739 ;
; SW[3]      ; LEDG[7]     ; 11.744 ;        ;        ; 11.744 ;
; SW[4]      ; HEX0[0]     ; 8.201  ; 8.201  ; 8.201  ; 8.201  ;
; SW[4]      ; HEX0[1]     ; 8.231  ; 8.231  ; 8.231  ; 8.231  ;
; SW[4]      ; HEX0[2]     ; 8.455  ; 8.455  ; 8.455  ; 8.455  ;
; SW[4]      ; HEX0[3]     ; 8.565  ; 8.565  ; 8.565  ; 8.565  ;
; SW[4]      ; HEX0[4]     ; 8.552  ; 8.552  ; 8.552  ; 8.552  ;
; SW[4]      ; HEX0[5]     ; 8.589  ; 8.589  ; 8.589  ; 8.589  ;
; SW[4]      ; HEX0[6]     ; 8.824  ; 8.824  ; 8.824  ; 8.824  ;
; SW[4]      ; HEX1[0]     ; 8.870  ; 8.870  ; 8.870  ; 8.870  ;
; SW[4]      ; HEX1[3]     ; 8.852  ; 8.852  ; 8.852  ; 8.852  ;
; SW[4]      ; HEX1[4]     ; 8.862  ; 8.862  ; 8.862  ; 8.862  ;
; SW[4]      ; HEX1[5]     ; 8.887  ; 8.887  ; 8.887  ; 8.887  ;
; SW[4]      ; HEX3[0]     ; 7.595  ; 7.595  ; 7.595  ; 7.595  ;
; SW[4]      ; HEX3[1]     ; 8.105  ; 8.105  ; 8.105  ; 8.105  ;
; SW[4]      ; HEX3[2]     ;        ; 8.016  ; 8.016  ;        ;
; SW[4]      ; HEX3[3]     ; 7.193  ; 7.193  ; 7.193  ; 7.193  ;
; SW[4]      ; HEX3[4]     ; 6.870  ;        ;        ; 6.870  ;
; SW[4]      ; HEX3[5]     ; 7.598  ;        ;        ; 7.598  ;
; SW[4]      ; HEX3[6]     ; 7.943  ;        ;        ; 7.943  ;
; SW[4]      ; LEDG[0]     ; 12.401 ; 12.401 ; 12.401 ; 12.401 ;
; SW[4]      ; LEDG[1]     ; 12.370 ; 12.370 ; 12.370 ; 12.370 ;
; SW[4]      ; LEDG[2]     ; 10.879 ; 10.879 ; 10.879 ; 10.879 ;
; SW[4]      ; LEDG[3]     ; 12.571 ; 12.571 ; 12.571 ; 12.571 ;
; SW[4]      ; LEDG[4]     ; 11.918 ;        ;        ; 11.918 ;
; SW[5]      ; HEX0[0]     ; 8.421  ; 8.421  ; 8.421  ; 8.421  ;
; SW[5]      ; HEX0[1]     ; 8.449  ; 8.449  ; 8.449  ; 8.449  ;
; SW[5]      ; HEX0[2]     ; 8.666  ; 8.666  ; 8.666  ; 8.666  ;
; SW[5]      ; HEX0[3]     ; 8.780  ; 8.780  ; 8.780  ; 8.780  ;
; SW[5]      ; HEX0[4]     ; 8.812  ; 8.812  ; 8.812  ; 8.812  ;
; SW[5]      ; HEX0[5]     ; 8.805  ; 8.805  ; 8.805  ; 8.805  ;
; SW[5]      ; HEX0[6]     ; 9.041  ; 9.041  ; 9.041  ; 9.041  ;
; SW[5]      ; HEX1[0]     ; 8.258  ; 8.258  ; 8.258  ; 8.258  ;
; SW[5]      ; HEX1[3]     ; 8.240  ; 8.240  ; 8.240  ; 8.240  ;
; SW[5]      ; HEX1[4]     ; 8.250  ; 8.250  ; 8.250  ; 8.250  ;
; SW[5]      ; HEX1[5]     ; 8.275  ; 8.275  ; 8.275  ; 8.275  ;
; SW[5]      ; HEX3[0]     ;        ; 7.206  ; 7.206  ;        ;
; SW[5]      ; HEX3[1]     ; 7.715  ; 7.715  ; 7.715  ; 7.715  ;
; SW[5]      ; HEX3[2]     ; 7.731  ;        ;        ; 7.731  ;
; SW[5]      ; HEX3[3]     ; 7.519  ; 7.519  ; 7.519  ; 7.519  ;
; SW[5]      ; HEX3[4]     ;        ; 7.195  ; 7.195  ;        ;
; SW[5]      ; HEX3[5]     ; 7.215  ;        ;        ; 7.215  ;
; SW[5]      ; HEX3[6]     ; 7.552  ; 7.552  ; 7.552  ; 7.552  ;
; SW[5]      ; LEDG[1]     ; 11.758 ; 11.758 ; 11.758 ; 11.758 ;
; SW[5]      ; LEDG[2]     ; 10.619 ; 10.619 ; 10.619 ; 10.619 ;
; SW[5]      ; LEDG[3]     ; 12.311 ; 12.311 ; 12.311 ; 12.311 ;
; SW[5]      ; LEDG[4]     ; 11.658 ;        ;        ; 11.658 ;
; SW[5]      ; LEDG[7]     ; 13.180 ;        ;        ; 13.180 ;
; SW[6]      ; HEX0[0]     ; 8.838  ; 8.838  ; 8.838  ; 8.838  ;
; SW[6]      ; HEX0[1]     ; 8.866  ; 8.866  ; 8.866  ; 8.866  ;
; SW[6]      ; HEX0[2]     ; 9.083  ; 9.083  ; 9.083  ; 9.083  ;
; SW[6]      ; HEX0[3]     ; 9.197  ; 9.197  ; 9.197  ; 9.197  ;
; SW[6]      ; HEX0[4]     ; 9.229  ; 9.229  ; 9.229  ; 9.229  ;
; SW[6]      ; HEX0[5]     ; 9.222  ; 9.222  ; 9.222  ; 9.222  ;
; SW[6]      ; HEX0[6]     ; 9.458  ; 9.458  ; 9.458  ; 9.458  ;
; SW[6]      ; HEX1[0]     ; 8.672  ; 8.672  ; 8.672  ; 8.672  ;
; SW[6]      ; HEX1[3]     ; 8.654  ; 8.654  ; 8.654  ; 8.654  ;
; SW[6]      ; HEX1[4]     ; 8.664  ; 8.664  ; 8.664  ; 8.664  ;
; SW[6]      ; HEX1[5]     ; 8.689  ; 8.689  ; 8.689  ; 8.689  ;
; SW[6]      ; HEX3[0]     ; 7.413  ; 7.413  ; 7.413  ; 7.413  ;
; SW[6]      ; HEX3[1]     ; 7.922  ;        ;        ; 7.922  ;
; SW[6]      ; HEX3[2]     ;        ; 7.938  ; 7.938  ;        ;
; SW[6]      ; HEX3[3]     ; 7.366  ; 7.366  ; 7.366  ; 7.366  ;
; SW[6]      ; HEX3[4]     ; 7.041  ;        ;        ; 7.041  ;
; SW[6]      ; HEX3[5]     ;        ; 7.422  ; 7.422  ;        ;
; SW[6]      ; HEX3[6]     ; 7.761  ; 7.761  ; 7.761  ; 7.761  ;
; SW[6]      ; LEDG[2]     ; 10.213 ; 10.213 ; 10.213 ; 10.213 ;
; SW[6]      ; LEDG[3]     ; 12.258 ; 12.258 ; 12.258 ; 12.258 ;
; SW[6]      ; LEDG[4]     ; 11.605 ;        ;        ; 11.605 ;
; SW[6]      ; LEDG[7]     ; 13.024 ;        ;        ; 13.024 ;
; SW[7]      ; HEX0[0]     ; 7.886  ; 7.886  ; 7.886  ; 7.886  ;
; SW[7]      ; HEX0[1]     ; 7.914  ; 7.914  ; 7.914  ; 7.914  ;
; SW[7]      ; HEX0[2]     ; 8.131  ; 8.131  ; 8.131  ; 8.131  ;
; SW[7]      ; HEX0[3]     ; 8.245  ; 8.245  ; 8.245  ; 8.245  ;
; SW[7]      ; HEX0[4]     ; 8.277  ; 8.277  ; 8.277  ; 8.277  ;
; SW[7]      ; HEX0[5]     ; 8.270  ; 8.270  ; 8.270  ; 8.270  ;
; SW[7]      ; HEX0[6]     ; 8.506  ; 8.506  ; 8.506  ; 8.506  ;
; SW[7]      ; HEX1[0]     ; 7.720  ; 7.720  ; 7.720  ; 7.720  ;
; SW[7]      ; HEX1[3]     ; 7.702  ; 7.702  ; 7.702  ; 7.702  ;
; SW[7]      ; HEX1[4]     ; 7.712  ; 7.712  ; 7.712  ; 7.712  ;
; SW[7]      ; HEX1[5]     ; 7.737  ; 7.737  ; 7.737  ; 7.737  ;
; SW[7]      ; HEX3[0]     ;        ; 6.378  ; 6.378  ;        ;
; SW[7]      ; HEX3[1]     ;        ; 6.890  ; 6.890  ;        ;
; SW[7]      ; HEX3[2]     ;        ; 6.894  ; 6.894  ;        ;
; SW[7]      ; HEX3[5]     ;        ; 6.381  ; 6.381  ;        ;
; SW[7]      ; HEX3[6]     ;        ; 6.784  ; 6.784  ;        ;
; SW[7]      ; LEDG[3]     ; 10.935 ; 10.935 ; 10.935 ; 10.935 ;
; SW[7]      ; LEDG[4]     ; 10.641 ;        ;        ; 10.641 ;
; SW[7]      ; LEDG[7]     ; 11.689 ;        ;        ; 11.689 ;
; SW[8]      ; HEX0[0]     ; 7.565  ; 7.565  ; 7.565  ; 7.565  ;
; SW[8]      ; HEX0[1]     ; 7.595  ; 7.595  ; 7.595  ; 7.595  ;
; SW[8]      ; HEX0[2]     ; 7.819  ; 7.819  ; 7.819  ; 7.819  ;
; SW[8]      ; HEX0[3]     ; 7.929  ; 7.929  ; 7.929  ; 7.929  ;
; SW[8]      ; HEX0[4]     ; 7.916  ; 7.916  ; 7.916  ; 7.916  ;
; SW[8]      ; HEX0[5]     ; 7.953  ; 7.953  ; 7.953  ; 7.953  ;
; SW[8]      ; HEX0[6]     ; 8.188  ; 8.188  ; 8.188  ; 8.188  ;
; SW[8]      ; HEX1[0]     ; 7.881  ; 7.881  ; 7.881  ; 7.881  ;
; SW[8]      ; HEX1[3]     ; 7.863  ; 7.863  ; 7.863  ; 7.863  ;
; SW[8]      ; HEX1[4]     ; 7.873  ; 7.873  ; 7.873  ; 7.873  ;
; SW[8]      ; HEX1[5]     ; 7.898  ; 7.898  ; 7.898  ; 7.898  ;
; SW[8]      ; LEDG[0]     ; 11.765 ; 11.765 ; 11.765 ; 11.765 ;
; SW[8]      ; LEDG[1]     ; 11.381 ; 11.381 ; 11.381 ; 11.381 ;
; SW[8]      ; LEDG[2]     ; 9.890  ; 9.890  ; 9.890  ; 9.890  ;
; SW[8]      ; LEDG[3]     ; 11.582 ; 11.582 ; 11.582 ; 11.582 ;
; SW[8]      ; LEDG[4]     ; 10.929 ;        ;        ; 10.929 ;
+------------+-------------+--------+--------+--------+--------+


----------------------------
; Fast Model Setup Summary ;
----------------------------
No paths to report.


---------------------------
; Fast Model Hold Summary ;
---------------------------
No paths to report.


-------------------------------
; Fast Model Recovery Summary ;
-------------------------------
No paths to report.


------------------------------
; Fast Model Removal Summary ;
------------------------------
No paths to report.


------------------------------------------
; Fast Model Minimum Pulse Width Summary ;
------------------------------------------
No paths to report.


+----------------------------------------------------------+
; Propagation Delay                                        ;
+------------+-------------+-------+-------+-------+-------+
; Input Port ; Output Port ; RR    ; RF    ; FR    ; FF    ;
+------------+-------------+-------+-------+-------+-------+
; SW[0]      ; HEX0[0]     ; 4.320 ; 4.320 ; 4.320 ; 4.320 ;
; SW[0]      ; HEX0[1]     ; 4.348 ; 4.348 ; 4.348 ; 4.348 ;
; SW[0]      ; HEX0[2]     ; 4.426 ; 4.426 ; 4.426 ; 4.426 ;
; SW[0]      ; HEX0[3]     ; 4.467 ; 4.467 ; 4.467 ; 4.467 ;
; SW[0]      ; HEX0[4]     ; 4.497 ; 4.497 ; 4.497 ; 4.497 ;
; SW[0]      ; HEX0[5]     ; 4.490 ; 4.490 ; 4.490 ; 4.490 ;
; SW[0]      ; HEX0[6]     ; 4.570 ; 4.570 ; 4.570 ; 4.570 ;
; SW[0]      ; HEX1[0]     ; 4.153 ; 4.125 ; 4.125 ; 4.153 ;
; SW[0]      ; HEX1[3]     ; 4.132 ; 4.104 ; 4.104 ; 4.132 ;
; SW[0]      ; HEX1[4]     ; 4.142 ; 4.114 ; 4.114 ; 4.142 ;
; SW[0]      ; HEX1[5]     ; 4.167 ; 4.139 ; 4.139 ; 4.167 ;
; SW[0]      ; HEX2[0]     ; 3.604 ; 3.604 ; 3.604 ; 3.604 ;
; SW[0]      ; HEX2[1]     ; 3.731 ; 3.731 ; 3.731 ; 3.731 ;
; SW[0]      ; HEX2[2]     ;       ; 3.776 ; 3.776 ;       ;
; SW[0]      ; HEX2[3]     ; 3.668 ; 3.668 ; 3.668 ; 3.668 ;
; SW[0]      ; HEX2[4]     ; 3.664 ;       ;       ; 3.664 ;
; SW[0]      ; HEX2[5]     ; 3.745 ;       ;       ; 3.745 ;
; SW[0]      ; HEX2[6]     ; 3.770 ;       ;       ; 3.770 ;
; SW[0]      ; LEDG[0]     ; 5.554 ; 5.554 ; 5.554 ; 5.554 ;
; SW[0]      ; LEDG[1]     ; 5.282 ; 5.282 ; 5.282 ; 5.282 ;
; SW[0]      ; LEDG[2]     ; 4.830 ; 4.830 ; 4.830 ; 4.830 ;
; SW[0]      ; LEDG[3]     ; 5.377 ; 5.377 ; 5.377 ; 5.377 ;
; SW[0]      ; LEDG[4]     ; 5.278 ;       ;       ; 5.278 ;
; SW[1]      ; HEX0[0]     ; 4.285 ; 4.285 ; 4.285 ; 4.285 ;
; SW[1]      ; HEX0[1]     ; 4.313 ; 4.313 ; 4.313 ; 4.313 ;
; SW[1]      ; HEX0[2]     ; 4.391 ; 4.391 ; 4.391 ; 4.391 ;
; SW[1]      ; HEX0[3]     ; 4.432 ; 4.432 ; 4.432 ; 4.432 ;
; SW[1]      ; HEX0[4]     ; 4.462 ; 4.462 ; 4.462 ; 4.462 ;
; SW[1]      ; HEX0[5]     ; 4.455 ; 4.455 ; 4.455 ; 4.455 ;
; SW[1]      ; HEX0[6]     ; 4.535 ; 4.535 ; 4.535 ; 4.535 ;
; SW[1]      ; HEX1[0]     ; 4.118 ; 4.090 ; 4.090 ; 4.118 ;
; SW[1]      ; HEX1[3]     ; 4.097 ; 4.069 ; 4.069 ; 4.097 ;
; SW[1]      ; HEX1[4]     ; 4.107 ; 4.079 ; 4.079 ; 4.107 ;
; SW[1]      ; HEX1[5]     ; 4.132 ; 4.104 ; 4.104 ; 4.132 ;
; SW[1]      ; HEX2[0]     ;       ; 3.605 ; 3.605 ;       ;
; SW[1]      ; HEX2[1]     ; 3.732 ; 3.732 ; 3.732 ; 3.732 ;
; SW[1]      ; HEX2[2]     ; 3.779 ;       ;       ; 3.779 ;
; SW[1]      ; HEX2[3]     ; 3.642 ; 3.642 ; 3.642 ; 3.642 ;
; SW[1]      ; HEX2[4]     ;       ; 3.645 ; 3.645 ;       ;
; SW[1]      ; HEX2[5]     ; 3.750 ;       ;       ; 3.750 ;
; SW[1]      ; HEX2[6]     ; 3.776 ; 3.776 ; 3.776 ; 3.776 ;
; SW[1]      ; LEDG[1]     ; 5.142 ; 5.142 ; 5.142 ; 5.142 ;
; SW[1]      ; LEDG[2]     ; 4.795 ; 4.795 ; 4.795 ; 4.795 ;
; SW[1]      ; LEDG[3]     ; 5.342 ; 5.342 ; 5.342 ; 5.342 ;
; SW[1]      ; LEDG[4]     ; 5.243 ;       ;       ; 5.243 ;
; SW[1]      ; LEDG[7]     ; 5.016 ;       ;       ; 5.016 ;
; SW[2]      ; HEX0[0]     ; 4.263 ; 4.263 ; 4.263 ; 4.263 ;
; SW[2]      ; HEX0[1]     ; 4.291 ; 4.291 ; 4.291 ; 4.291 ;
; SW[2]      ; HEX0[2]     ; 4.369 ; 4.369 ; 4.369 ; 4.369 ;
; SW[2]      ; HEX0[3]     ; 4.410 ; 4.410 ; 4.410 ; 4.410 ;
; SW[2]      ; HEX0[4]     ; 4.440 ; 4.440 ; 4.440 ; 4.440 ;
; SW[2]      ; HEX0[5]     ; 4.433 ; 4.433 ; 4.433 ; 4.433 ;
; SW[2]      ; HEX0[6]     ; 4.513 ; 4.513 ; 4.513 ; 4.513 ;
; SW[2]      ; HEX1[0]     ; 4.096 ; 4.068 ; 4.068 ; 4.096 ;
; SW[2]      ; HEX1[3]     ; 4.075 ; 4.047 ; 4.047 ; 4.075 ;
; SW[2]      ; HEX1[4]     ; 4.085 ; 4.057 ; 4.057 ; 4.085 ;
; SW[2]      ; HEX1[5]     ; 4.110 ; 4.082 ; 4.082 ; 4.110 ;
; SW[2]      ; HEX2[0]     ; 3.497 ; 3.497 ; 3.497 ; 3.497 ;
; SW[2]      ; HEX2[1]     ; 3.619 ;       ;       ; 3.619 ;
; SW[2]      ; HEX2[2]     ;       ; 3.663 ; 3.663 ;       ;
; SW[2]      ; HEX2[3]     ; 3.625 ; 3.625 ; 3.625 ; 3.625 ;
; SW[2]      ; HEX2[4]     ; 3.619 ;       ;       ; 3.619 ;
; SW[2]      ; HEX2[5]     ;       ; 3.632 ; 3.632 ;       ;
; SW[2]      ; HEX2[6]     ; 3.657 ; 3.657 ; 3.657 ; 3.657 ;
; SW[2]      ; LEDG[2]     ; 4.670 ; 4.670 ; 4.670 ; 4.670 ;
; SW[2]      ; LEDG[3]     ; 5.320 ; 5.320 ; 5.320 ; 5.320 ;
; SW[2]      ; LEDG[4]     ; 5.221 ;       ;       ; 5.221 ;
; SW[2]      ; LEDG[7]     ; 5.166 ;       ;       ; 5.166 ;
; SW[3]      ; HEX0[0]     ; 4.288 ; 4.288 ; 4.288 ; 4.288 ;
; SW[3]      ; HEX0[1]     ; 4.316 ; 4.316 ; 4.316 ; 4.316 ;
; SW[3]      ; HEX0[2]     ; 4.394 ; 4.394 ; 4.394 ; 4.394 ;
; SW[3]      ; HEX0[3]     ; 4.435 ; 4.435 ; 4.435 ; 4.435 ;
; SW[3]      ; HEX0[4]     ; 4.465 ; 4.465 ; 4.465 ; 4.465 ;
; SW[3]      ; HEX0[5]     ; 4.458 ; 4.458 ; 4.458 ; 4.458 ;
; SW[3]      ; HEX0[6]     ; 4.538 ; 4.538 ; 4.538 ; 4.538 ;
; SW[3]      ; HEX1[0]     ; 4.121 ; 3.993 ; 3.993 ; 4.121 ;
; SW[3]      ; HEX1[3]     ; 4.100 ; 3.972 ; 3.972 ; 4.100 ;
; SW[3]      ; HEX1[4]     ; 4.110 ; 3.982 ; 3.982 ; 4.110 ;
; SW[3]      ; HEX1[5]     ; 4.135 ; 4.007 ; 4.007 ; 4.135 ;
; SW[3]      ; HEX2[0]     ;       ; 3.600 ; 3.600 ;       ;
; SW[3]      ; HEX2[1]     ;       ; 3.721 ; 3.721 ;       ;
; SW[3]      ; HEX2[2]     ;       ; 3.767 ; 3.767 ;       ;
; SW[3]      ; HEX2[5]     ;       ; 3.733 ; 3.733 ;       ;
; SW[3]      ; HEX2[6]     ;       ; 3.759 ; 3.759 ;       ;
; SW[3]      ; LEDG[3]     ; 5.245 ; 5.245 ; 5.245 ; 5.245 ;
; SW[3]      ; LEDG[4]     ; 5.246 ;       ;       ; 5.246 ;
; SW[3]      ; LEDG[7]     ; 5.150 ;       ;       ; 5.150 ;
; SW[4]      ; HEX0[0]     ; 4.358 ; 4.358 ; 4.358 ; 4.358 ;
; SW[4]      ; HEX0[1]     ; 4.386 ; 4.386 ; 4.386 ; 4.386 ;
; SW[4]      ; HEX0[2]     ; 4.464 ; 4.464 ; 4.464 ; 4.464 ;
; SW[4]      ; HEX0[3]     ; 4.505 ; 4.505 ; 4.505 ; 4.505 ;
; SW[4]      ; HEX0[4]     ; 4.535 ; 4.535 ; 4.535 ; 4.535 ;
; SW[4]      ; HEX0[5]     ; 4.528 ; 4.528 ; 4.528 ; 4.528 ;
; SW[4]      ; HEX0[6]     ; 4.608 ; 4.608 ; 4.608 ; 4.608 ;
; SW[4]      ; HEX1[0]     ; 4.191 ; 4.163 ; 4.163 ; 4.191 ;
; SW[4]      ; HEX1[3]     ; 4.170 ; 4.142 ; 4.142 ; 4.170 ;
; SW[4]      ; HEX1[4]     ; 4.180 ; 4.152 ; 4.152 ; 4.180 ;
; SW[4]      ; HEX1[5]     ; 4.205 ; 4.177 ; 4.177 ; 4.205 ;
; SW[4]      ; HEX3[0]     ; 3.532 ; 3.532 ; 3.532 ; 3.532 ;
; SW[4]      ; HEX3[1]     ; 3.793 ; 3.793 ; 3.793 ; 3.793 ;
; SW[4]      ; HEX3[2]     ;       ; 3.801 ; 3.801 ;       ;
; SW[4]      ; HEX3[3]     ; 3.373 ; 3.373 ; 3.373 ; 3.373 ;
; SW[4]      ; HEX3[4]     ; 3.248 ;       ;       ; 3.248 ;
; SW[4]      ; HEX3[5]     ; 3.539 ;       ;       ; 3.539 ;
; SW[4]      ; HEX3[6]     ; 3.680 ;       ;       ; 3.680 ;
; SW[4]      ; LEDG[0]     ; 5.590 ; 5.590 ; 5.590 ; 5.590 ;
; SW[4]      ; LEDG[1]     ; 5.320 ; 5.320 ; 5.320 ; 5.320 ;
; SW[4]      ; LEDG[2]     ; 4.868 ; 4.868 ; 4.868 ; 4.868 ;
; SW[4]      ; LEDG[3]     ; 5.415 ; 5.415 ; 5.415 ; 5.415 ;
; SW[4]      ; LEDG[4]     ; 5.316 ;       ;       ; 5.316 ;
; SW[5]      ; HEX0[0]     ; 4.236 ; 4.236 ; 4.236 ; 4.236 ;
; SW[5]      ; HEX0[1]     ; 4.264 ; 4.264 ; 4.264 ; 4.264 ;
; SW[5]      ; HEX0[2]     ; 4.342 ; 4.342 ; 4.342 ; 4.342 ;
; SW[5]      ; HEX0[3]     ; 4.383 ; 4.383 ; 4.383 ; 4.383 ;
; SW[5]      ; HEX0[4]     ; 4.413 ; 4.413 ; 4.413 ; 4.413 ;
; SW[5]      ; HEX0[5]     ; 4.406 ; 4.406 ; 4.406 ; 4.406 ;
; SW[5]      ; HEX0[6]     ; 4.486 ; 4.486 ; 4.486 ; 4.486 ;
; SW[5]      ; HEX1[0]     ; 4.069 ; 4.041 ; 4.041 ; 4.069 ;
; SW[5]      ; HEX1[3]     ; 4.048 ; 4.020 ; 4.020 ; 4.048 ;
; SW[5]      ; HEX1[4]     ; 4.058 ; 4.030 ; 4.030 ; 4.058 ;
; SW[5]      ; HEX1[5]     ; 4.083 ; 4.055 ; 4.055 ; 4.083 ;
; SW[5]      ; HEX3[0]     ;       ; 3.376 ; 3.376 ;       ;
; SW[5]      ; HEX3[1]     ; 3.633 ; 3.633 ; 3.633 ; 3.633 ;
; SW[5]      ; HEX3[2]     ; 3.647 ;       ;       ; 3.647 ;
; SW[5]      ; HEX3[3]     ; 3.473 ; 3.473 ; 3.473 ; 3.473 ;
; SW[5]      ; HEX3[4]     ;       ; 3.349 ; 3.349 ;       ;
; SW[5]      ; HEX3[5]     ; 3.386 ;       ;       ; 3.386 ;
; SW[5]      ; HEX3[6]     ; 3.515 ; 3.515 ; 3.515 ; 3.515 ;
; SW[5]      ; LEDG[1]     ; 5.095 ; 5.095 ; 5.095 ; 5.095 ;
; SW[5]      ; LEDG[2]     ; 4.746 ; 4.746 ; 4.746 ; 4.746 ;
; SW[5]      ; LEDG[3]     ; 5.293 ; 5.293 ; 5.293 ; 5.293 ;
; SW[5]      ; LEDG[4]     ; 5.194 ;       ;       ; 5.194 ;
; SW[5]      ; LEDG[7]     ; 5.603 ;       ;       ; 5.603 ;
; SW[6]      ; HEX0[0]     ; 4.194 ; 4.194 ; 4.194 ; 4.194 ;
; SW[6]      ; HEX0[1]     ; 4.222 ; 4.222 ; 4.222 ; 4.222 ;
; SW[6]      ; HEX0[2]     ; 4.300 ; 4.300 ; 4.300 ; 4.300 ;
; SW[6]      ; HEX0[3]     ; 4.341 ; 4.341 ; 4.341 ; 4.341 ;
; SW[6]      ; HEX0[4]     ; 4.371 ; 4.371 ; 4.371 ; 4.371 ;
; SW[6]      ; HEX0[5]     ; 4.364 ; 4.364 ; 4.364 ; 4.364 ;
; SW[6]      ; HEX0[6]     ; 4.444 ; 4.444 ; 4.444 ; 4.444 ;
; SW[6]      ; HEX1[0]     ; 4.027 ; 3.999 ; 3.999 ; 4.027 ;
; SW[6]      ; HEX1[3]     ; 4.006 ; 3.978 ; 3.978 ; 4.006 ;
; SW[6]      ; HEX1[4]     ; 4.016 ; 3.988 ; 3.988 ; 4.016 ;
; SW[6]      ; HEX1[5]     ; 4.041 ; 4.013 ; 4.013 ; 4.041 ;
; SW[6]      ; HEX3[0]     ; 3.459 ; 3.459 ; 3.459 ; 3.459 ;
; SW[6]      ; HEX3[1]     ; 3.742 ;       ;       ; 3.742 ;
; SW[6]      ; HEX3[2]     ;       ; 3.728 ; 3.728 ;       ;
; SW[6]      ; HEX3[3]     ; 3.424 ; 3.424 ; 3.424 ; 3.424 ;
; SW[6]      ; HEX3[4]     ; 3.300 ;       ;       ; 3.300 ;
; SW[6]      ; HEX3[5]     ;       ; 3.466 ; 3.466 ;       ;
; SW[6]      ; HEX3[6]     ; 3.601 ; 3.601 ; 3.601 ; 3.601 ;
; SW[6]      ; LEDG[2]     ; 4.599 ; 4.599 ; 4.599 ; 4.599 ;
; SW[6]      ; LEDG[3]     ; 5.251 ; 5.251 ; 5.251 ; 5.251 ;
; SW[6]      ; LEDG[4]     ; 5.152 ;       ;       ; 5.152 ;
; SW[6]      ; LEDG[7]     ; 5.554 ;       ;       ; 5.554 ;
; SW[7]      ; HEX0[0]     ; 3.765 ; 3.765 ; 3.765 ; 3.765 ;
; SW[7]      ; HEX0[1]     ; 3.793 ; 3.793 ; 3.793 ; 3.793 ;
; SW[7]      ; HEX0[2]     ; 3.871 ; 3.871 ; 3.871 ; 3.871 ;
; SW[7]      ; HEX0[3]     ; 3.912 ; 3.912 ; 3.912 ; 3.912 ;
; SW[7]      ; HEX0[4]     ; 3.942 ; 3.942 ; 3.942 ; 3.942 ;
; SW[7]      ; HEX0[5]     ; 3.935 ; 3.935 ; 3.935 ; 3.935 ;
; SW[7]      ; HEX0[6]     ; 4.015 ; 4.015 ; 4.015 ; 4.015 ;
; SW[7]      ; HEX1[0]     ; 3.598 ; 3.471 ; 3.471 ; 3.598 ;
; SW[7]      ; HEX1[3]     ; 3.577 ; 3.450 ; 3.450 ; 3.577 ;
; SW[7]      ; HEX1[4]     ; 3.587 ; 3.460 ; 3.460 ; 3.587 ;
; SW[7]      ; HEX1[5]     ; 3.612 ; 3.485 ; 3.485 ; 3.612 ;
; SW[7]      ; HEX3[0]     ;       ; 3.033 ; 3.033 ;       ;
; SW[7]      ; HEX3[1]     ;       ; 3.293 ; 3.293 ;       ;
; SW[7]      ; HEX3[2]     ;       ; 3.301 ; 3.301 ;       ;
; SW[7]      ; HEX3[5]     ;       ; 3.038 ; 3.038 ;       ;
; SW[7]      ; HEX3[6]     ;       ; 3.175 ; 3.175 ;       ;
; SW[7]      ; LEDG[3]     ; 4.723 ; 4.723 ; 4.723 ; 4.723 ;
; SW[7]      ; LEDG[4]     ; 4.723 ;       ;       ; 4.723 ;
; SW[7]      ; LEDG[7]     ; 4.997 ;       ;       ; 4.997 ;
; SW[8]      ; HEX0[0]     ; 3.890 ; 3.890 ; 3.890 ; 3.890 ;
; SW[8]      ; HEX0[1]     ; 3.918 ; 3.918 ; 3.918 ; 3.918 ;
; SW[8]      ; HEX0[2]     ; 3.996 ; 3.996 ; 3.996 ; 3.996 ;
; SW[8]      ; HEX0[3]     ; 4.037 ; 4.037 ; 4.037 ; 4.037 ;
; SW[8]      ; HEX0[4]     ; 4.067 ; 4.067 ; 4.067 ; 4.067 ;
; SW[8]      ; HEX0[5]     ; 4.060 ; 4.060 ; 4.060 ; 4.060 ;
; SW[8]      ; HEX0[6]     ; 4.140 ; 4.140 ; 4.140 ; 4.140 ;
; SW[8]      ; HEX1[0]     ; 3.723 ; 3.695 ; 3.695 ; 3.723 ;
; SW[8]      ; HEX1[3]     ; 3.702 ; 3.674 ; 3.674 ; 3.702 ;
; SW[8]      ; HEX1[4]     ; 3.712 ; 3.684 ; 3.684 ; 3.712 ;
; SW[8]      ; HEX1[5]     ; 3.737 ; 3.709 ; 3.709 ; 3.737 ;
; SW[8]      ; LEDG[0]     ; 5.227 ; 5.227 ; 5.227 ; 5.227 ;
; SW[8]      ; LEDG[1]     ; 4.852 ; 4.852 ; 4.852 ; 4.852 ;
; SW[8]      ; LEDG[2]     ; 4.400 ; 4.400 ; 4.400 ; 4.400 ;
; SW[8]      ; LEDG[3]     ; 4.947 ; 4.947 ; 4.947 ; 4.947 ;
; SW[8]      ; LEDG[4]     ; 4.848 ;       ;       ; 4.848 ;
+------------+-------------+-------+-------+-------+-------+


+----------------------------------------------------------+
; Minimum Propagation Delay                                ;
+------------+-------------+-------+-------+-------+-------+
; Input Port ; Output Port ; RR    ; RF    ; FR    ; FF    ;
+------------+-------------+-------+-------+-------+-------+
; SW[0]      ; HEX0[0]     ; 3.689 ; 3.689 ; 3.689 ; 3.689 ;
; SW[0]      ; HEX0[1]     ; 3.719 ; 3.719 ; 3.719 ; 3.719 ;
; SW[0]      ; HEX0[2]     ; 3.792 ; 3.792 ; 3.792 ; 3.792 ;
; SW[0]      ; HEX0[3]     ; 3.843 ; 3.843 ; 3.843 ; 3.843 ;
; SW[0]      ; HEX0[4]     ; 3.872 ; 3.872 ; 3.872 ; 3.872 ;
; SW[0]      ; HEX0[5]     ; 3.863 ; 3.863 ; 3.863 ; 3.863 ;
; SW[0]      ; HEX0[6]     ; 3.945 ; 3.945 ; 3.945 ; 3.945 ;
; SW[0]      ; HEX1[0]     ; 3.948 ; 3.948 ; 3.948 ; 3.948 ;
; SW[0]      ; HEX1[3]     ; 3.927 ; 3.927 ; 3.927 ; 3.927 ;
; SW[0]      ; HEX1[4]     ; 3.937 ; 3.937 ; 3.937 ; 3.937 ;
; SW[0]      ; HEX1[5]     ; 3.962 ; 3.962 ; 3.962 ; 3.962 ;
; SW[0]      ; HEX2[0]     ; 3.604 ; 3.604 ; 3.604 ; 3.604 ;
; SW[0]      ; HEX2[1]     ; 3.731 ; 3.731 ; 3.731 ; 3.731 ;
; SW[0]      ; HEX2[2]     ;       ; 3.776 ; 3.776 ;       ;
; SW[0]      ; HEX2[3]     ; 3.668 ; 3.668 ; 3.668 ; 3.668 ;
; SW[0]      ; HEX2[4]     ; 3.664 ;       ;       ; 3.664 ;
; SW[0]      ; HEX2[5]     ; 3.745 ;       ;       ; 3.745 ;
; SW[0]      ; HEX2[6]     ; 3.770 ;       ;       ; 3.770 ;
; SW[0]      ; LEDG[0]     ; 5.554 ; 5.554 ; 5.554 ; 5.554 ;
; SW[0]      ; LEDG[1]     ; 5.282 ; 5.282 ; 5.282 ; 5.282 ;
; SW[0]      ; LEDG[2]     ; 4.830 ; 4.830 ; 4.830 ; 4.830 ;
; SW[0]      ; LEDG[3]     ; 5.377 ; 5.377 ; 5.377 ; 5.377 ;
; SW[0]      ; LEDG[4]     ; 5.278 ;       ;       ; 5.278 ;
; SW[1]      ; HEX0[0]     ; 3.843 ; 3.843 ; 3.843 ; 3.843 ;
; SW[1]      ; HEX0[1]     ; 3.871 ; 3.871 ; 3.871 ; 3.871 ;
; SW[1]      ; HEX0[2]     ; 3.938 ; 3.938 ; 3.938 ; 3.938 ;
; SW[1]      ; HEX0[3]     ; 3.990 ; 3.990 ; 3.990 ; 3.990 ;
; SW[1]      ; HEX0[4]     ; 4.020 ; 4.020 ; 4.020 ; 4.020 ;
; SW[1]      ; HEX0[5]     ; 4.013 ; 4.013 ; 4.013 ; 4.013 ;
; SW[1]      ; HEX0[6]     ; 4.093 ; 4.093 ; 4.093 ; 4.093 ;
; SW[1]      ; HEX1[0]     ; 3.808 ; 3.808 ; 3.808 ; 3.808 ;
; SW[1]      ; HEX1[3]     ; 3.787 ; 3.787 ; 3.787 ; 3.787 ;
; SW[1]      ; HEX1[4]     ; 3.797 ; 3.797 ; 3.797 ; 3.797 ;
; SW[1]      ; HEX1[5]     ; 3.822 ; 3.822 ; 3.822 ; 3.822 ;
; SW[1]      ; HEX2[0]     ;       ; 3.605 ; 3.605 ;       ;
; SW[1]      ; HEX2[1]     ; 3.732 ; 3.732 ; 3.732 ; 3.732 ;
; SW[1]      ; HEX2[2]     ; 3.779 ;       ;       ; 3.779 ;
; SW[1]      ; HEX2[3]     ; 3.642 ; 3.642 ; 3.642 ; 3.642 ;
; SW[1]      ; HEX2[4]     ;       ; 3.645 ; 3.645 ;       ;
; SW[1]      ; HEX2[5]     ; 3.750 ;       ;       ; 3.750 ;
; SW[1]      ; HEX2[6]     ; 3.776 ; 3.776 ; 3.776 ; 3.776 ;
; SW[1]      ; LEDG[1]     ; 5.142 ; 5.142 ; 5.142 ; 5.142 ;
; SW[1]      ; LEDG[2]     ; 4.795 ; 4.795 ; 4.795 ; 4.795 ;
; SW[1]      ; LEDG[3]     ; 5.342 ; 5.342 ; 5.342 ; 5.342 ;
; SW[1]      ; LEDG[4]     ; 5.243 ;       ;       ; 5.243 ;
; SW[1]      ; LEDG[7]     ; 5.016 ;       ;       ; 5.016 ;
; SW[2]      ; HEX0[0]     ; 3.987 ; 3.987 ; 3.987 ; 3.987 ;
; SW[2]      ; HEX0[1]     ; 4.015 ; 4.015 ; 4.015 ; 4.015 ;
; SW[2]      ; HEX0[2]     ; 4.082 ; 4.082 ; 4.082 ; 4.082 ;
; SW[2]      ; HEX0[3]     ; 4.134 ; 4.134 ; 4.134 ; 4.134 ;
; SW[2]      ; HEX0[4]     ; 4.164 ; 4.164 ; 4.164 ; 4.164 ;
; SW[2]      ; HEX0[5]     ; 4.157 ; 4.157 ; 4.157 ; 4.157 ;
; SW[2]      ; HEX0[6]     ; 4.237 ; 4.237 ; 4.237 ; 4.237 ;
; SW[2]      ; HEX1[0]     ; 3.950 ; 3.950 ; 3.950 ; 3.950 ;
; SW[2]      ; HEX1[3]     ; 3.929 ; 3.929 ; 3.929 ; 3.929 ;
; SW[2]      ; HEX1[4]     ; 3.939 ; 3.939 ; 3.939 ; 3.939 ;
; SW[2]      ; HEX1[5]     ; 3.964 ; 3.964 ; 3.964 ; 3.964 ;
; SW[2]      ; HEX2[0]     ; 3.497 ; 3.497 ; 3.497 ; 3.497 ;
; SW[2]      ; HEX2[1]     ; 3.619 ;       ;       ; 3.619 ;
; SW[2]      ; HEX2[2]     ;       ; 3.663 ; 3.663 ;       ;
; SW[2]      ; HEX2[3]     ; 3.625 ; 3.625 ; 3.625 ; 3.625 ;
; SW[2]      ; HEX2[4]     ; 3.619 ;       ;       ; 3.619 ;
; SW[2]      ; HEX2[5]     ;       ; 3.632 ; 3.632 ;       ;
; SW[2]      ; HEX2[6]     ; 3.657 ; 3.657 ; 3.657 ; 3.657 ;
; SW[2]      ; LEDG[2]     ; 4.670 ; 4.670 ; 4.670 ; 4.670 ;
; SW[2]      ; LEDG[3]     ; 5.320 ; 5.320 ; 5.320 ; 5.320 ;
; SW[2]      ; LEDG[4]     ; 5.221 ;       ;       ; 5.221 ;
; SW[2]      ; LEDG[7]     ; 5.166 ;       ;       ; 5.166 ;
; SW[3]      ; HEX0[0]     ; 4.030 ; 4.030 ; 4.030 ; 4.030 ;
; SW[3]      ; HEX0[1]     ; 4.058 ; 4.058 ; 4.058 ; 4.058 ;
; SW[3]      ; HEX0[2]     ; 4.125 ; 4.125 ; 4.125 ; 4.125 ;
; SW[3]      ; HEX0[3]     ; 4.177 ; 4.177 ; 4.177 ; 4.177 ;
; SW[3]      ; HEX0[4]     ; 4.207 ; 4.207 ; 4.207 ; 4.207 ;
; SW[3]      ; HEX0[5]     ; 4.200 ; 4.200 ; 4.200 ; 4.200 ;
; SW[3]      ; HEX0[6]     ; 4.280 ; 4.280 ; 4.280 ; 4.280 ;
; SW[3]      ; HEX1[0]     ; 3.993 ; 3.993 ; 3.993 ; 3.993 ;
; SW[3]      ; HEX1[3]     ; 3.972 ; 3.972 ; 3.972 ; 3.972 ;
; SW[3]      ; HEX1[4]     ; 3.982 ; 3.982 ; 3.982 ; 3.982 ;
; SW[3]      ; HEX1[5]     ; 4.007 ; 4.007 ; 4.007 ; 4.007 ;
; SW[3]      ; HEX2[0]     ;       ; 3.600 ; 3.600 ;       ;
; SW[3]      ; HEX2[1]     ;       ; 3.721 ; 3.721 ;       ;
; SW[3]      ; HEX2[2]     ;       ; 3.767 ; 3.767 ;       ;
; SW[3]      ; HEX2[5]     ;       ; 3.733 ; 3.733 ;       ;
; SW[3]      ; HEX2[6]     ;       ; 3.759 ; 3.759 ;       ;
; SW[3]      ; LEDG[3]     ; 5.245 ; 5.245 ; 5.245 ; 5.245 ;
; SW[3]      ; LEDG[4]     ; 5.246 ;       ;       ; 5.246 ;
; SW[3]      ; LEDG[7]     ; 5.150 ;       ;       ; 5.150 ;
; SW[4]      ; HEX0[0]     ; 3.725 ; 3.725 ; 3.725 ; 3.725 ;
; SW[4]      ; HEX0[1]     ; 3.755 ; 3.755 ; 3.755 ; 3.755 ;
; SW[4]      ; HEX0[2]     ; 3.828 ; 3.828 ; 3.828 ; 3.828 ;
; SW[4]      ; HEX0[3]     ; 3.879 ; 3.879 ; 3.879 ; 3.879 ;
; SW[4]      ; HEX0[4]     ; 3.908 ; 3.908 ; 3.908 ; 3.908 ;
; SW[4]      ; HEX0[5]     ; 3.899 ; 3.899 ; 3.899 ; 3.899 ;
; SW[4]      ; HEX0[6]     ; 3.981 ; 3.981 ; 3.981 ; 3.981 ;
; SW[4]      ; HEX1[0]     ; 3.986 ; 3.986 ; 3.986 ; 3.986 ;
; SW[4]      ; HEX1[3]     ; 3.965 ; 3.965 ; 3.965 ; 3.965 ;
; SW[4]      ; HEX1[4]     ; 3.975 ; 3.975 ; 3.975 ; 3.975 ;
; SW[4]      ; HEX1[5]     ; 4.000 ; 4.000 ; 4.000 ; 4.000 ;
; SW[4]      ; HEX3[0]     ; 3.532 ; 3.532 ; 3.532 ; 3.532 ;
; SW[4]      ; HEX3[1]     ; 3.793 ; 3.793 ; 3.793 ; 3.793 ;
; SW[4]      ; HEX3[2]     ;       ; 3.801 ; 3.801 ;       ;
; SW[4]      ; HEX3[3]     ; 3.373 ; 3.373 ; 3.373 ; 3.373 ;
; SW[4]      ; HEX3[4]     ; 3.248 ;       ;       ; 3.248 ;
; SW[4]      ; HEX3[5]     ; 3.539 ;       ;       ; 3.539 ;
; SW[4]      ; HEX3[6]     ; 3.680 ;       ;       ; 3.680 ;
; SW[4]      ; LEDG[0]     ; 5.590 ; 5.590 ; 5.590 ; 5.590 ;
; SW[4]      ; LEDG[1]     ; 5.320 ; 5.320 ; 5.320 ; 5.320 ;
; SW[4]      ; LEDG[2]     ; 4.868 ; 4.868 ; 4.868 ; 4.868 ;
; SW[4]      ; LEDG[3]     ; 5.415 ; 5.415 ; 5.415 ; 5.415 ;
; SW[4]      ; LEDG[4]     ; 5.316 ;       ;       ; 5.316 ;
; SW[5]      ; HEX0[0]     ; 3.796 ; 3.796 ; 3.796 ; 3.796 ;
; SW[5]      ; HEX0[1]     ; 3.824 ; 3.824 ; 3.824 ; 3.824 ;
; SW[5]      ; HEX0[2]     ; 3.891 ; 3.891 ; 3.891 ; 3.891 ;
; SW[5]      ; HEX0[3]     ; 3.943 ; 3.943 ; 3.943 ; 3.943 ;
; SW[5]      ; HEX0[4]     ; 3.973 ; 3.973 ; 3.973 ; 3.973 ;
; SW[5]      ; HEX0[5]     ; 3.966 ; 3.966 ; 3.966 ; 3.966 ;
; SW[5]      ; HEX0[6]     ; 4.046 ; 4.046 ; 4.046 ; 4.046 ;
; SW[5]      ; HEX1[0]     ; 3.761 ; 3.761 ; 3.761 ; 3.761 ;
; SW[5]      ; HEX1[3]     ; 3.740 ; 3.740 ; 3.740 ; 3.740 ;
; SW[5]      ; HEX1[4]     ; 3.750 ; 3.750 ; 3.750 ; 3.750 ;
; SW[5]      ; HEX1[5]     ; 3.775 ; 3.775 ; 3.775 ; 3.775 ;
; SW[5]      ; HEX3[0]     ;       ; 3.376 ; 3.376 ;       ;
; SW[5]      ; HEX3[1]     ; 3.633 ; 3.633 ; 3.633 ; 3.633 ;
; SW[5]      ; HEX3[2]     ; 3.647 ;       ;       ; 3.647 ;
; SW[5]      ; HEX3[3]     ; 3.473 ; 3.473 ; 3.473 ; 3.473 ;
; SW[5]      ; HEX3[4]     ;       ; 3.349 ; 3.349 ;       ;
; SW[5]      ; HEX3[5]     ; 3.386 ;       ;       ; 3.386 ;
; SW[5]      ; HEX3[6]     ; 3.515 ; 3.515 ; 3.515 ; 3.515 ;
; SW[5]      ; LEDG[1]     ; 5.095 ; 5.095 ; 5.095 ; 5.095 ;
; SW[5]      ; LEDG[2]     ; 4.746 ; 4.746 ; 4.746 ; 4.746 ;
; SW[5]      ; LEDG[3]     ; 5.293 ; 5.293 ; 5.293 ; 5.293 ;
; SW[5]      ; LEDG[4]     ; 5.194 ;       ;       ; 5.194 ;
; SW[5]      ; LEDG[7]     ; 5.603 ;       ;       ; 5.603 ;
; SW[6]      ; HEX0[0]     ; 3.916 ; 3.916 ; 3.916 ; 3.916 ;
; SW[6]      ; HEX0[1]     ; 3.944 ; 3.944 ; 3.944 ; 3.944 ;
; SW[6]      ; HEX0[2]     ; 4.011 ; 4.011 ; 4.011 ; 4.011 ;
; SW[6]      ; HEX0[3]     ; 4.063 ; 4.063 ; 4.063 ; 4.063 ;
; SW[6]      ; HEX0[4]     ; 4.093 ; 4.093 ; 4.093 ; 4.093 ;
; SW[6]      ; HEX0[5]     ; 4.086 ; 4.086 ; 4.086 ; 4.086 ;
; SW[6]      ; HEX0[6]     ; 4.166 ; 4.166 ; 4.166 ; 4.166 ;
; SW[6]      ; HEX1[0]     ; 3.879 ; 3.879 ; 3.879 ; 3.879 ;
; SW[6]      ; HEX1[3]     ; 3.858 ; 3.858 ; 3.858 ; 3.858 ;
; SW[6]      ; HEX1[4]     ; 3.868 ; 3.868 ; 3.868 ; 3.868 ;
; SW[6]      ; HEX1[5]     ; 3.893 ; 3.893 ; 3.893 ; 3.893 ;
; SW[6]      ; HEX3[0]     ; 3.459 ; 3.459 ; 3.459 ; 3.459 ;
; SW[6]      ; HEX3[1]     ; 3.742 ;       ;       ; 3.742 ;
; SW[6]      ; HEX3[2]     ;       ; 3.728 ; 3.728 ;       ;
; SW[6]      ; HEX3[3]     ; 3.424 ; 3.424 ; 3.424 ; 3.424 ;
; SW[6]      ; HEX3[4]     ; 3.300 ;       ;       ; 3.300 ;
; SW[6]      ; HEX3[5]     ;       ; 3.466 ; 3.466 ;       ;
; SW[6]      ; HEX3[6]     ; 3.601 ; 3.601 ; 3.601 ; 3.601 ;
; SW[6]      ; LEDG[2]     ; 4.599 ; 4.599 ; 4.599 ; 4.599 ;
; SW[6]      ; LEDG[3]     ; 5.251 ; 5.251 ; 5.251 ; 5.251 ;
; SW[6]      ; LEDG[4]     ; 5.152 ;       ;       ; 5.152 ;
; SW[6]      ; LEDG[7]     ; 5.554 ;       ;       ; 5.554 ;
; SW[7]      ; HEX0[0]     ; 3.508 ; 3.508 ; 3.508 ; 3.508 ;
; SW[7]      ; HEX0[1]     ; 3.536 ; 3.536 ; 3.536 ; 3.536 ;
; SW[7]      ; HEX0[2]     ; 3.603 ; 3.603 ; 3.603 ; 3.603 ;
; SW[7]      ; HEX0[3]     ; 3.655 ; 3.655 ; 3.655 ; 3.655 ;
; SW[7]      ; HEX0[4]     ; 3.685 ; 3.685 ; 3.685 ; 3.685 ;
; SW[7]      ; HEX0[5]     ; 3.678 ; 3.678 ; 3.678 ; 3.678 ;
; SW[7]      ; HEX0[6]     ; 3.758 ; 3.758 ; 3.758 ; 3.758 ;
; SW[7]      ; HEX1[0]     ; 3.471 ; 3.471 ; 3.471 ; 3.471 ;
; SW[7]      ; HEX1[3]     ; 3.450 ; 3.450 ; 3.450 ; 3.450 ;
; SW[7]      ; HEX1[4]     ; 3.460 ; 3.460 ; 3.460 ; 3.460 ;
; SW[7]      ; HEX1[5]     ; 3.485 ; 3.485 ; 3.485 ; 3.485 ;
; SW[7]      ; HEX3[0]     ;       ; 3.033 ; 3.033 ;       ;
; SW[7]      ; HEX3[1]     ;       ; 3.293 ; 3.293 ;       ;
; SW[7]      ; HEX3[2]     ;       ; 3.301 ; 3.301 ;       ;
; SW[7]      ; HEX3[5]     ;       ; 3.038 ; 3.038 ;       ;
; SW[7]      ; HEX3[6]     ;       ; 3.175 ; 3.175 ;       ;
; SW[7]      ; LEDG[3]     ; 4.723 ; 4.723 ; 4.723 ; 4.723 ;
; SW[7]      ; LEDG[4]     ; 4.723 ;       ;       ; 4.723 ;
; SW[7]      ; LEDG[7]     ; 4.997 ;       ;       ; 4.997 ;
; SW[8]      ; HEX0[0]     ; 3.362 ; 3.362 ; 3.362 ; 3.362 ;
; SW[8]      ; HEX0[1]     ; 3.392 ; 3.392 ; 3.392 ; 3.392 ;
; SW[8]      ; HEX0[2]     ; 3.465 ; 3.465 ; 3.465 ; 3.465 ;
; SW[8]      ; HEX0[3]     ; 3.516 ; 3.516 ; 3.516 ; 3.516 ;
; SW[8]      ; HEX0[4]     ; 3.545 ; 3.545 ; 3.545 ; 3.545 ;
; SW[8]      ; HEX0[5]     ; 3.536 ; 3.536 ; 3.536 ; 3.536 ;
; SW[8]      ; HEX0[6]     ; 3.618 ; 3.618 ; 3.618 ; 3.618 ;
; SW[8]      ; HEX1[0]     ; 3.518 ; 3.518 ; 3.518 ; 3.518 ;
; SW[8]      ; HEX1[3]     ; 3.497 ; 3.497 ; 3.497 ; 3.497 ;
; SW[8]      ; HEX1[4]     ; 3.507 ; 3.507 ; 3.507 ; 3.507 ;
; SW[8]      ; HEX1[5]     ; 3.532 ; 3.532 ; 3.532 ; 3.532 ;
; SW[8]      ; LEDG[0]     ; 5.227 ; 5.227 ; 5.227 ; 5.227 ;
; SW[8]      ; LEDG[1]     ; 4.852 ; 4.852 ; 4.852 ; 4.852 ;
; SW[8]      ; LEDG[2]     ; 4.400 ; 4.400 ; 4.400 ; 4.400 ;
; SW[8]      ; LEDG[3]     ; 4.947 ; 4.947 ; 4.947 ; 4.947 ;
; SW[8]      ; LEDG[4]     ; 4.848 ;       ;       ; 4.848 ;
+------------+-------------+-------+-------+-------+-------+


+----------------------------------------------------------------------------+
; Multicorner Timing Analysis Summary                                        ;
+------------------+-------+------+----------+---------+---------------------+
; Clock            ; Setup ; Hold ; Recovery ; Removal ; Minimum Pulse Width ;
+------------------+-------+------+----------+---------+---------------------+
; Worst-case Slack ; N/A   ; N/A  ; N/A      ; N/A     ; N/A                 ;
; Design-wide TNS  ; 0.0   ; 0.0  ; 0.0      ; 0.0     ; 0.0                 ;
+------------------+-------+------+----------+---------+---------------------+


+--------------------------------------------------------------+
; Progagation Delay                                            ;
+------------+-------------+--------+--------+--------+--------+
; Input Port ; Output Port ; RR     ; RF     ; FR     ; FF     ;
+------------+-------------+--------+--------+--------+--------+
; SW[0]      ; HEX0[0]     ; 9.935  ; 9.935  ; 9.935  ; 9.935  ;
; SW[0]      ; HEX0[1]     ; 9.876  ; 9.876  ; 9.876  ; 9.876  ;
; SW[0]      ; HEX0[2]     ; 10.142 ; 10.142 ; 10.142 ; 10.142 ;
; SW[0]      ; HEX0[3]     ; 10.291 ; 10.291 ; 10.291 ; 10.291 ;
; SW[0]      ; HEX0[4]     ; 10.328 ; 10.328 ; 10.328 ; 10.328 ;
; SW[0]      ; HEX0[5]     ; 10.319 ; 10.319 ; 10.319 ; 10.319 ;
; SW[0]      ; HEX0[6]     ; 10.555 ; 10.555 ; 10.555 ; 10.555 ;
; SW[0]      ; HEX1[0]     ; 9.381  ; 9.381  ; 9.381  ; 9.381  ;
; SW[0]      ; HEX1[3]     ; 9.363  ; 9.363  ; 9.363  ; 9.363  ;
; SW[0]      ; HEX1[4]     ; 9.373  ; 9.373  ; 9.373  ; 9.373  ;
; SW[0]      ; HEX1[5]     ; 9.398  ; 9.398  ; 9.398  ; 9.398  ;
; SW[0]      ; HEX2[0]     ; 7.937  ; 7.937  ; 7.937  ; 7.937  ;
; SW[0]      ; HEX2[1]     ; 8.229  ; 8.229  ; 8.229  ; 8.229  ;
; SW[0]      ; HEX2[2]     ;        ; 8.249  ; 8.249  ;        ;
; SW[0]      ; HEX2[3]     ; 8.052  ; 8.052  ; 8.052  ; 8.052  ;
; SW[0]      ; HEX2[4]     ; 8.004  ;        ;        ; 8.004  ;
; SW[0]      ; HEX2[5]     ; 8.270  ;        ;        ; 8.270  ;
; SW[0]      ; HEX2[6]     ; 8.299  ;        ;        ; 8.299  ;
; SW[0]      ; LEDG[0]     ; 12.422 ; 12.422 ; 12.422 ; 12.422 ;
; SW[0]      ; LEDG[1]     ; 12.395 ; 12.395 ; 12.395 ; 12.395 ;
; SW[0]      ; LEDG[2]     ; 10.904 ; 10.904 ; 10.904 ; 10.904 ;
; SW[0]      ; LEDG[3]     ; 12.596 ; 12.596 ; 12.596 ; 12.596 ;
; SW[0]      ; LEDG[4]     ; 11.943 ;        ;        ; 11.943 ;
; SW[1]      ; HEX0[0]     ; 9.874  ; 9.874  ; 9.874  ; 9.874  ;
; SW[1]      ; HEX0[1]     ; 9.815  ; 9.815  ; 9.815  ; 9.815  ;
; SW[1]      ; HEX0[2]     ; 10.081 ; 10.081 ; 10.081 ; 10.081 ;
; SW[1]      ; HEX0[3]     ; 10.230 ; 10.230 ; 10.230 ; 10.230 ;
; SW[1]      ; HEX0[4]     ; 10.267 ; 10.267 ; 10.267 ; 10.267 ;
; SW[1]      ; HEX0[5]     ; 10.258 ; 10.258 ; 10.258 ; 10.258 ;
; SW[1]      ; HEX0[6]     ; 10.494 ; 10.494 ; 10.494 ; 10.494 ;
; SW[1]      ; HEX1[0]     ; 9.320  ; 9.320  ; 9.320  ; 9.320  ;
; SW[1]      ; HEX1[3]     ; 9.302  ; 9.302  ; 9.302  ; 9.302  ;
; SW[1]      ; HEX1[4]     ; 9.312  ; 9.312  ; 9.312  ; 9.312  ;
; SW[1]      ; HEX1[5]     ; 9.337  ; 9.337  ; 9.337  ; 9.337  ;
; SW[1]      ; HEX2[0]     ;        ; 7.929  ; 7.929  ;        ;
; SW[1]      ; HEX2[1]     ; 8.266  ; 8.266  ; 8.266  ; 8.266  ;
; SW[1]      ; HEX2[2]     ; 8.334  ;        ;        ; 8.334  ;
; SW[1]      ; HEX2[3]     ; 7.988  ; 7.988  ; 7.988  ; 7.988  ;
; SW[1]      ; HEX2[4]     ;        ; 8.023  ; 8.023  ;        ;
; SW[1]      ; HEX2[5]     ; 8.296  ;        ;        ; 8.296  ;
; SW[1]      ; HEX2[6]     ; 8.301  ; 8.301  ; 8.301  ; 8.301  ;
; SW[1]      ; LEDG[1]     ; 11.983 ; 11.983 ; 11.983 ; 11.983 ;
; SW[1]      ; LEDG[2]     ; 10.843 ; 10.843 ; 10.843 ; 10.843 ;
; SW[1]      ; LEDG[3]     ; 12.535 ; 12.535 ; 12.535 ; 12.535 ;
; SW[1]      ; LEDG[4]     ; 11.882 ;        ;        ; 11.882 ;
; SW[1]      ; LEDG[7]     ; 11.582 ;        ;        ; 11.582 ;
; SW[2]      ; HEX0[0]     ; 9.791  ; 9.791  ; 9.791  ; 9.791  ;
; SW[2]      ; HEX0[1]     ; 9.732  ; 9.732  ; 9.732  ; 9.732  ;
; SW[2]      ; HEX0[2]     ; 9.998  ; 9.998  ; 9.998  ; 9.998  ;
; SW[2]      ; HEX0[3]     ; 10.147 ; 10.147 ; 10.147 ; 10.147 ;
; SW[2]      ; HEX0[4]     ; 10.184 ; 10.184 ; 10.184 ; 10.184 ;
; SW[2]      ; HEX0[5]     ; 10.175 ; 10.175 ; 10.175 ; 10.175 ;
; SW[2]      ; HEX0[6]     ; 10.411 ; 10.411 ; 10.411 ; 10.411 ;
; SW[2]      ; HEX1[0]     ; 9.237  ; 9.237  ; 9.237  ; 9.237  ;
; SW[2]      ; HEX1[3]     ; 9.219  ; 9.219  ; 9.219  ; 9.219  ;
; SW[2]      ; HEX1[4]     ; 9.229  ; 9.229  ; 9.229  ; 9.229  ;
; SW[2]      ; HEX1[5]     ; 9.254  ; 9.254  ; 9.254  ; 9.254  ;
; SW[2]      ; HEX2[0]     ; 7.612  ; 7.612  ; 7.612  ; 7.612  ;
; SW[2]      ; HEX2[1]     ; 7.941  ;        ;        ; 7.941  ;
; SW[2]      ; HEX2[2]     ;        ; 7.979  ; 7.979  ;        ;
; SW[2]      ; HEX2[3]     ; 7.913  ; 7.913  ; 7.913  ; 7.913  ;
; SW[2]      ; HEX2[4]     ; 7.908  ;        ;        ; 7.908  ;
; SW[2]      ; HEX2[5]     ;        ; 7.938  ; 7.938  ;        ;
; SW[2]      ; HEX2[6]     ; 7.972  ; 7.972  ; 7.972  ; 7.972  ;
; SW[2]      ; LEDG[2]     ; 10.403 ; 10.403 ; 10.403 ; 10.403 ;
; SW[2]      ; LEDG[3]     ; 12.452 ; 12.452 ; 12.452 ; 12.452 ;
; SW[2]      ; LEDG[4]     ; 11.799 ;        ;        ; 11.799 ;
; SW[2]      ; LEDG[7]     ; 11.973 ;        ;        ; 11.973 ;
; SW[3]      ; HEX0[0]     ; 9.714  ; 9.714  ; 9.714  ; 9.714  ;
; SW[3]      ; HEX0[1]     ; 9.655  ; 9.655  ; 9.655  ; 9.655  ;
; SW[3]      ; HEX0[2]     ; 9.921  ; 9.921  ; 9.921  ; 9.921  ;
; SW[3]      ; HEX0[3]     ; 10.070 ; 10.070 ; 10.070 ; 10.070 ;
; SW[3]      ; HEX0[4]     ; 10.107 ; 10.107 ; 10.107 ; 10.107 ;
; SW[3]      ; HEX0[5]     ; 10.098 ; 10.098 ; 10.098 ; 10.098 ;
; SW[3]      ; HEX0[6]     ; 10.334 ; 10.334 ; 10.334 ; 10.334 ;
; SW[3]      ; HEX1[0]     ; 9.112  ; 8.817  ; 8.817  ; 9.112  ;
; SW[3]      ; HEX1[3]     ; 9.094  ; 8.799  ; 8.799  ; 9.094  ;
; SW[3]      ; HEX1[4]     ; 9.104  ; 8.809  ; 8.809  ; 9.104  ;
; SW[3]      ; HEX1[5]     ; 9.129  ; 8.834  ; 8.834  ; 9.129  ;
; SW[3]      ; HEX2[0]     ;        ; 7.731  ; 7.731  ;        ;
; SW[3]      ; HEX2[1]     ;        ; 8.062  ; 8.062  ;        ;
; SW[3]      ; HEX2[2]     ;        ; 8.100  ; 8.100  ;        ;
; SW[3]      ; HEX2[5]     ;        ; 8.058  ; 8.058  ;        ;
; SW[3]      ; HEX2[6]     ;        ; 8.093  ; 8.093  ;        ;
; SW[3]      ; LEDG[3]     ; 12.032 ; 12.032 ; 12.032 ; 12.032 ;
; SW[3]      ; LEDG[4]     ; 11.739 ;        ;        ; 11.739 ;
; SW[3]      ; LEDG[7]     ; 11.744 ;        ;        ; 11.744 ;
; SW[4]      ; HEX0[0]     ; 9.910  ; 9.910  ; 9.910  ; 9.910  ;
; SW[4]      ; HEX0[1]     ; 9.851  ; 9.851  ; 9.851  ; 9.851  ;
; SW[4]      ; HEX0[2]     ; 10.117 ; 10.117 ; 10.117 ; 10.117 ;
; SW[4]      ; HEX0[3]     ; 10.266 ; 10.266 ; 10.266 ; 10.266 ;
; SW[4]      ; HEX0[4]     ; 10.303 ; 10.303 ; 10.303 ; 10.303 ;
; SW[4]      ; HEX0[5]     ; 10.294 ; 10.294 ; 10.294 ; 10.294 ;
; SW[4]      ; HEX0[6]     ; 10.530 ; 10.530 ; 10.530 ; 10.530 ;
; SW[4]      ; HEX1[0]     ; 9.356  ; 9.356  ; 9.356  ; 9.356  ;
; SW[4]      ; HEX1[3]     ; 9.338  ; 9.338  ; 9.338  ; 9.338  ;
; SW[4]      ; HEX1[4]     ; 9.348  ; 9.348  ; 9.348  ; 9.348  ;
; SW[4]      ; HEX1[5]     ; 9.373  ; 9.373  ; 9.373  ; 9.373  ;
; SW[4]      ; HEX3[0]     ; 7.595  ; 7.595  ; 7.595  ; 7.595  ;
; SW[4]      ; HEX3[1]     ; 8.105  ; 8.105  ; 8.105  ; 8.105  ;
; SW[4]      ; HEX3[2]     ;        ; 8.016  ; 8.016  ;        ;
; SW[4]      ; HEX3[3]     ; 7.193  ; 7.193  ; 7.193  ; 7.193  ;
; SW[4]      ; HEX3[4]     ; 6.870  ;        ;        ; 6.870  ;
; SW[4]      ; HEX3[5]     ; 7.598  ;        ;        ; 7.598  ;
; SW[4]      ; HEX3[6]     ; 7.943  ;        ;        ; 7.943  ;
; SW[4]      ; LEDG[0]     ; 12.401 ; 12.401 ; 12.401 ; 12.401 ;
; SW[4]      ; LEDG[1]     ; 12.370 ; 12.370 ; 12.370 ; 12.370 ;
; SW[4]      ; LEDG[2]     ; 10.879 ; 10.879 ; 10.879 ; 10.879 ;
; SW[4]      ; LEDG[3]     ; 12.571 ; 12.571 ; 12.571 ; 12.571 ;
; SW[4]      ; LEDG[4]     ; 11.918 ;        ;        ; 11.918 ;
; SW[5]      ; HEX0[0]     ; 9.650  ; 9.650  ; 9.650  ; 9.650  ;
; SW[5]      ; HEX0[1]     ; 9.591  ; 9.591  ; 9.591  ; 9.591  ;
; SW[5]      ; HEX0[2]     ; 9.857  ; 9.857  ; 9.857  ; 9.857  ;
; SW[5]      ; HEX0[3]     ; 10.006 ; 10.006 ; 10.006 ; 10.006 ;
; SW[5]      ; HEX0[4]     ; 10.043 ; 10.043 ; 10.043 ; 10.043 ;
; SW[5]      ; HEX0[5]     ; 10.034 ; 10.034 ; 10.034 ; 10.034 ;
; SW[5]      ; HEX0[6]     ; 10.270 ; 10.270 ; 10.270 ; 10.270 ;
; SW[5]      ; HEX1[0]     ; 9.096  ; 9.096  ; 9.096  ; 9.096  ;
; SW[5]      ; HEX1[3]     ; 9.078  ; 9.078  ; 9.078  ; 9.078  ;
; SW[5]      ; HEX1[4]     ; 9.088  ; 9.088  ; 9.088  ; 9.088  ;
; SW[5]      ; HEX1[5]     ; 9.113  ; 9.113  ; 9.113  ; 9.113  ;
; SW[5]      ; HEX3[0]     ;        ; 7.206  ; 7.206  ;        ;
; SW[5]      ; HEX3[1]     ; 7.715  ; 7.715  ; 7.715  ; 7.715  ;
; SW[5]      ; HEX3[2]     ; 7.731  ;        ;        ; 7.731  ;
; SW[5]      ; HEX3[3]     ; 7.519  ; 7.519  ; 7.519  ; 7.519  ;
; SW[5]      ; HEX3[4]     ;        ; 7.195  ; 7.195  ;        ;
; SW[5]      ; HEX3[5]     ; 7.215  ;        ;        ; 7.215  ;
; SW[5]      ; HEX3[6]     ; 7.552  ; 7.552  ; 7.552  ; 7.552  ;
; SW[5]      ; LEDG[1]     ; 11.758 ; 11.758 ; 11.758 ; 11.758 ;
; SW[5]      ; LEDG[2]     ; 10.619 ; 10.619 ; 10.619 ; 10.619 ;
; SW[5]      ; LEDG[3]     ; 12.311 ; 12.311 ; 12.311 ; 12.311 ;
; SW[5]      ; LEDG[4]     ; 11.658 ;        ;        ; 11.658 ;
; SW[5]      ; LEDG[7]     ; 13.180 ;        ;        ; 13.180 ;
; SW[6]      ; HEX0[0]     ; 9.597  ; 9.597  ; 9.597  ; 9.597  ;
; SW[6]      ; HEX0[1]     ; 9.538  ; 9.538  ; 9.538  ; 9.538  ;
; SW[6]      ; HEX0[2]     ; 9.804  ; 9.804  ; 9.804  ; 9.804  ;
; SW[6]      ; HEX0[3]     ; 9.953  ; 9.953  ; 9.953  ; 9.953  ;
; SW[6]      ; HEX0[4]     ; 9.990  ; 9.990  ; 9.990  ; 9.990  ;
; SW[6]      ; HEX0[5]     ; 9.981  ; 9.981  ; 9.981  ; 9.981  ;
; SW[6]      ; HEX0[6]     ; 10.217 ; 10.217 ; 10.217 ; 10.217 ;
; SW[6]      ; HEX1[0]     ; 9.043  ; 9.043  ; 9.043  ; 9.043  ;
; SW[6]      ; HEX1[3]     ; 9.025  ; 9.025  ; 9.025  ; 9.025  ;
; SW[6]      ; HEX1[4]     ; 9.035  ; 9.035  ; 9.035  ; 9.035  ;
; SW[6]      ; HEX1[5]     ; 9.060  ; 9.060  ; 9.060  ; 9.060  ;
; SW[6]      ; HEX3[0]     ; 7.413  ; 7.413  ; 7.413  ; 7.413  ;
; SW[6]      ; HEX3[1]     ; 7.922  ;        ;        ; 7.922  ;
; SW[6]      ; HEX3[2]     ;        ; 7.938  ; 7.938  ;        ;
; SW[6]      ; HEX3[3]     ; 7.366  ; 7.366  ; 7.366  ; 7.366  ;
; SW[6]      ; HEX3[4]     ; 7.041  ;        ;        ; 7.041  ;
; SW[6]      ; HEX3[5]     ;        ; 7.422  ; 7.422  ;        ;
; SW[6]      ; HEX3[6]     ; 7.761  ; 7.761  ; 7.761  ; 7.761  ;
; SW[6]      ; LEDG[2]     ; 10.213 ; 10.213 ; 10.213 ; 10.213 ;
; SW[6]      ; LEDG[3]     ; 12.258 ; 12.258 ; 12.258 ; 12.258 ;
; SW[6]      ; LEDG[4]     ; 11.605 ;        ;        ; 11.605 ;
; SW[6]      ; LEDG[7]     ; 13.024 ;        ;        ; 13.024 ;
; SW[7]      ; HEX0[0]     ; 8.616  ; 8.616  ; 8.616  ; 8.616  ;
; SW[7]      ; HEX0[1]     ; 8.557  ; 8.557  ; 8.557  ; 8.557  ;
; SW[7]      ; HEX0[2]     ; 8.823  ; 8.823  ; 8.823  ; 8.823  ;
; SW[7]      ; HEX0[3]     ; 8.972  ; 8.972  ; 8.972  ; 8.972  ;
; SW[7]      ; HEX0[4]     ; 9.009  ; 9.009  ; 9.009  ; 9.009  ;
; SW[7]      ; HEX0[5]     ; 9.000  ; 9.000  ; 9.000  ; 9.000  ;
; SW[7]      ; HEX0[6]     ; 9.236  ; 9.236  ; 9.236  ; 9.236  ;
; SW[7]      ; HEX1[0]     ; 8.014  ; 7.720  ; 7.720  ; 8.014  ;
; SW[7]      ; HEX1[3]     ; 7.996  ; 7.702  ; 7.702  ; 7.996  ;
; SW[7]      ; HEX1[4]     ; 8.006  ; 7.712  ; 7.712  ; 8.006  ;
; SW[7]      ; HEX1[5]     ; 8.031  ; 7.737  ; 7.737  ; 8.031  ;
; SW[7]      ; HEX3[0]     ;        ; 6.378  ; 6.378  ;        ;
; SW[7]      ; HEX3[1]     ;        ; 6.890  ; 6.890  ;        ;
; SW[7]      ; HEX3[2]     ;        ; 6.894  ; 6.894  ;        ;
; SW[7]      ; HEX3[5]     ;        ; 6.381  ; 6.381  ;        ;
; SW[7]      ; HEX3[6]     ;        ; 6.784  ; 6.784  ;        ;
; SW[7]      ; LEDG[3]     ; 10.935 ; 10.935 ; 10.935 ; 10.935 ;
; SW[7]      ; LEDG[4]     ; 10.641 ;        ;        ; 10.641 ;
; SW[7]      ; LEDG[7]     ; 11.689 ;        ;        ; 11.689 ;
; SW[8]      ; HEX0[0]     ; 8.921  ; 8.921  ; 8.921  ; 8.921  ;
; SW[8]      ; HEX0[1]     ; 8.862  ; 8.862  ; 8.862  ; 8.862  ;
; SW[8]      ; HEX0[2]     ; 9.128  ; 9.128  ; 9.128  ; 9.128  ;
; SW[8]      ; HEX0[3]     ; 9.277  ; 9.277  ; 9.277  ; 9.277  ;
; SW[8]      ; HEX0[4]     ; 9.314  ; 9.314  ; 9.314  ; 9.314  ;
; SW[8]      ; HEX0[5]     ; 9.305  ; 9.305  ; 9.305  ; 9.305  ;
; SW[8]      ; HEX0[6]     ; 9.541  ; 9.541  ; 9.541  ; 9.541  ;
; SW[8]      ; HEX1[0]     ; 8.367  ; 8.367  ; 8.367  ; 8.367  ;
; SW[8]      ; HEX1[3]     ; 8.349  ; 8.349  ; 8.349  ; 8.349  ;
; SW[8]      ; HEX1[4]     ; 8.359  ; 8.359  ; 8.359  ; 8.359  ;
; SW[8]      ; HEX1[5]     ; 8.384  ; 8.384  ; 8.384  ; 8.384  ;
; SW[8]      ; LEDG[0]     ; 11.765 ; 11.765 ; 11.765 ; 11.765 ;
; SW[8]      ; LEDG[1]     ; 11.381 ; 11.381 ; 11.381 ; 11.381 ;
; SW[8]      ; LEDG[2]     ; 9.890  ; 9.890  ; 9.890  ; 9.890  ;
; SW[8]      ; LEDG[3]     ; 11.582 ; 11.582 ; 11.582 ; 11.582 ;
; SW[8]      ; LEDG[4]     ; 10.929 ;        ;        ; 10.929 ;
+------------+-------------+--------+--------+--------+--------+


+----------------------------------------------------------+
; Minimum Progagation Delay                                ;
+------------+-------------+-------+-------+-------+-------+
; Input Port ; Output Port ; RR    ; RF    ; FR    ; FF    ;
+------------+-------------+-------+-------+-------+-------+
; SW[0]      ; HEX0[0]     ; 3.689 ; 3.689 ; 3.689 ; 3.689 ;
; SW[0]      ; HEX0[1]     ; 3.719 ; 3.719 ; 3.719 ; 3.719 ;
; SW[0]      ; HEX0[2]     ; 3.792 ; 3.792 ; 3.792 ; 3.792 ;
; SW[0]      ; HEX0[3]     ; 3.843 ; 3.843 ; 3.843 ; 3.843 ;
; SW[0]      ; HEX0[4]     ; 3.872 ; 3.872 ; 3.872 ; 3.872 ;
; SW[0]      ; HEX0[5]     ; 3.863 ; 3.863 ; 3.863 ; 3.863 ;
; SW[0]      ; HEX0[6]     ; 3.945 ; 3.945 ; 3.945 ; 3.945 ;
; SW[0]      ; HEX1[0]     ; 3.948 ; 3.948 ; 3.948 ; 3.948 ;
; SW[0]      ; HEX1[3]     ; 3.927 ; 3.927 ; 3.927 ; 3.927 ;
; SW[0]      ; HEX1[4]     ; 3.937 ; 3.937 ; 3.937 ; 3.937 ;
; SW[0]      ; HEX1[5]     ; 3.962 ; 3.962 ; 3.962 ; 3.962 ;
; SW[0]      ; HEX2[0]     ; 3.604 ; 3.604 ; 3.604 ; 3.604 ;
; SW[0]      ; HEX2[1]     ; 3.731 ; 3.731 ; 3.731 ; 3.731 ;
; SW[0]      ; HEX2[2]     ;       ; 3.776 ; 3.776 ;       ;
; SW[0]      ; HEX2[3]     ; 3.668 ; 3.668 ; 3.668 ; 3.668 ;
; SW[0]      ; HEX2[4]     ; 3.664 ;       ;       ; 3.664 ;
; SW[0]      ; HEX2[5]     ; 3.745 ;       ;       ; 3.745 ;
; SW[0]      ; HEX2[6]     ; 3.770 ;       ;       ; 3.770 ;
; SW[0]      ; LEDG[0]     ; 5.554 ; 5.554 ; 5.554 ; 5.554 ;
; SW[0]      ; LEDG[1]     ; 5.282 ; 5.282 ; 5.282 ; 5.282 ;
; SW[0]      ; LEDG[2]     ; 4.830 ; 4.830 ; 4.830 ; 4.830 ;
; SW[0]      ; LEDG[3]     ; 5.377 ; 5.377 ; 5.377 ; 5.377 ;
; SW[0]      ; LEDG[4]     ; 5.278 ;       ;       ; 5.278 ;
; SW[1]      ; HEX0[0]     ; 3.843 ; 3.843 ; 3.843 ; 3.843 ;
; SW[1]      ; HEX0[1]     ; 3.871 ; 3.871 ; 3.871 ; 3.871 ;
; SW[1]      ; HEX0[2]     ; 3.938 ; 3.938 ; 3.938 ; 3.938 ;
; SW[1]      ; HEX0[3]     ; 3.990 ; 3.990 ; 3.990 ; 3.990 ;
; SW[1]      ; HEX0[4]     ; 4.020 ; 4.020 ; 4.020 ; 4.020 ;
; SW[1]      ; HEX0[5]     ; 4.013 ; 4.013 ; 4.013 ; 4.013 ;
; SW[1]      ; HEX0[6]     ; 4.093 ; 4.093 ; 4.093 ; 4.093 ;
; SW[1]      ; HEX1[0]     ; 3.808 ; 3.808 ; 3.808 ; 3.808 ;
; SW[1]      ; HEX1[3]     ; 3.787 ; 3.787 ; 3.787 ; 3.787 ;
; SW[1]      ; HEX1[4]     ; 3.797 ; 3.797 ; 3.797 ; 3.797 ;
; SW[1]      ; HEX1[5]     ; 3.822 ; 3.822 ; 3.822 ; 3.822 ;
; SW[1]      ; HEX2[0]     ;       ; 3.605 ; 3.605 ;       ;
; SW[1]      ; HEX2[1]     ; 3.732 ; 3.732 ; 3.732 ; 3.732 ;
; SW[1]      ; HEX2[2]     ; 3.779 ;       ;       ; 3.779 ;
; SW[1]      ; HEX2[3]     ; 3.642 ; 3.642 ; 3.642 ; 3.642 ;
; SW[1]      ; HEX2[4]     ;       ; 3.645 ; 3.645 ;       ;
; SW[1]      ; HEX2[5]     ; 3.750 ;       ;       ; 3.750 ;
; SW[1]      ; HEX2[6]     ; 3.776 ; 3.776 ; 3.776 ; 3.776 ;
; SW[1]      ; LEDG[1]     ; 5.142 ; 5.142 ; 5.142 ; 5.142 ;
; SW[1]      ; LEDG[2]     ; 4.795 ; 4.795 ; 4.795 ; 4.795 ;
; SW[1]      ; LEDG[3]     ; 5.342 ; 5.342 ; 5.342 ; 5.342 ;
; SW[1]      ; LEDG[4]     ; 5.243 ;       ;       ; 5.243 ;
; SW[1]      ; LEDG[7]     ; 5.016 ;       ;       ; 5.016 ;
; SW[2]      ; HEX0[0]     ; 3.987 ; 3.987 ; 3.987 ; 3.987 ;
; SW[2]      ; HEX0[1]     ; 4.015 ; 4.015 ; 4.015 ; 4.015 ;
; SW[2]      ; HEX0[2]     ; 4.082 ; 4.082 ; 4.082 ; 4.082 ;
; SW[2]      ; HEX0[3]     ; 4.134 ; 4.134 ; 4.134 ; 4.134 ;
; SW[2]      ; HEX0[4]     ; 4.164 ; 4.164 ; 4.164 ; 4.164 ;
; SW[2]      ; HEX0[5]     ; 4.157 ; 4.157 ; 4.157 ; 4.157 ;
; SW[2]      ; HEX0[6]     ; 4.237 ; 4.237 ; 4.237 ; 4.237 ;
; SW[2]      ; HEX1[0]     ; 3.950 ; 3.950 ; 3.950 ; 3.950 ;
; SW[2]      ; HEX1[3]     ; 3.929 ; 3.929 ; 3.929 ; 3.929 ;
; SW[2]      ; HEX1[4]     ; 3.939 ; 3.939 ; 3.939 ; 3.939 ;
; SW[2]      ; HEX1[5]     ; 3.964 ; 3.964 ; 3.964 ; 3.964 ;
; SW[2]      ; HEX2[0]     ; 3.497 ; 3.497 ; 3.497 ; 3.497 ;
; SW[2]      ; HEX2[1]     ; 3.619 ;       ;       ; 3.619 ;
; SW[2]      ; HEX2[2]     ;       ; 3.663 ; 3.663 ;       ;
; SW[2]      ; HEX2[3]     ; 3.625 ; 3.625 ; 3.625 ; 3.625 ;
; SW[2]      ; HEX2[4]     ; 3.619 ;       ;       ; 3.619 ;
; SW[2]      ; HEX2[5]     ;       ; 3.632 ; 3.632 ;       ;
; SW[2]      ; HEX2[6]     ; 3.657 ; 3.657 ; 3.657 ; 3.657 ;
; SW[2]      ; LEDG[2]     ; 4.670 ; 4.670 ; 4.670 ; 4.670 ;
; SW[2]      ; LEDG[3]     ; 5.320 ; 5.320 ; 5.320 ; 5.320 ;
; SW[2]      ; LEDG[4]     ; 5.221 ;       ;       ; 5.221 ;
; SW[2]      ; LEDG[7]     ; 5.166 ;       ;       ; 5.166 ;
; SW[3]      ; HEX0[0]     ; 4.030 ; 4.030 ; 4.030 ; 4.030 ;
; SW[3]      ; HEX0[1]     ; 4.058 ; 4.058 ; 4.058 ; 4.058 ;
; SW[3]      ; HEX0[2]     ; 4.125 ; 4.125 ; 4.125 ; 4.125 ;
; SW[3]      ; HEX0[3]     ; 4.177 ; 4.177 ; 4.177 ; 4.177 ;
; SW[3]      ; HEX0[4]     ; 4.207 ; 4.207 ; 4.207 ; 4.207 ;
; SW[3]      ; HEX0[5]     ; 4.200 ; 4.200 ; 4.200 ; 4.200 ;
; SW[3]      ; HEX0[6]     ; 4.280 ; 4.280 ; 4.280 ; 4.280 ;
; SW[3]      ; HEX1[0]     ; 3.993 ; 3.993 ; 3.993 ; 3.993 ;
; SW[3]      ; HEX1[3]     ; 3.972 ; 3.972 ; 3.972 ; 3.972 ;
; SW[3]      ; HEX1[4]     ; 3.982 ; 3.982 ; 3.982 ; 3.982 ;
; SW[3]      ; HEX1[5]     ; 4.007 ; 4.007 ; 4.007 ; 4.007 ;
; SW[3]      ; HEX2[0]     ;       ; 3.600 ; 3.600 ;       ;
; SW[3]      ; HEX2[1]     ;       ; 3.721 ; 3.721 ;       ;
; SW[3]      ; HEX2[2]     ;       ; 3.767 ; 3.767 ;       ;
; SW[3]      ; HEX2[5]     ;       ; 3.733 ; 3.733 ;       ;
; SW[3]      ; HEX2[6]     ;       ; 3.759 ; 3.759 ;       ;
; SW[3]      ; LEDG[3]     ; 5.245 ; 5.245 ; 5.245 ; 5.245 ;
; SW[3]      ; LEDG[4]     ; 5.246 ;       ;       ; 5.246 ;
; SW[3]      ; LEDG[7]     ; 5.150 ;       ;       ; 5.150 ;
; SW[4]      ; HEX0[0]     ; 3.725 ; 3.725 ; 3.725 ; 3.725 ;
; SW[4]      ; HEX0[1]     ; 3.755 ; 3.755 ; 3.755 ; 3.755 ;
; SW[4]      ; HEX0[2]     ; 3.828 ; 3.828 ; 3.828 ; 3.828 ;
; SW[4]      ; HEX0[3]     ; 3.879 ; 3.879 ; 3.879 ; 3.879 ;
; SW[4]      ; HEX0[4]     ; 3.908 ; 3.908 ; 3.908 ; 3.908 ;
; SW[4]      ; HEX0[5]     ; 3.899 ; 3.899 ; 3.899 ; 3.899 ;
; SW[4]      ; HEX0[6]     ; 3.981 ; 3.981 ; 3.981 ; 3.981 ;
; SW[4]      ; HEX1[0]     ; 3.986 ; 3.986 ; 3.986 ; 3.986 ;
; SW[4]      ; HEX1[3]     ; 3.965 ; 3.965 ; 3.965 ; 3.965 ;
; SW[4]      ; HEX1[4]     ; 3.975 ; 3.975 ; 3.975 ; 3.975 ;
; SW[4]      ; HEX1[5]     ; 4.000 ; 4.000 ; 4.000 ; 4.000 ;
; SW[4]      ; HEX3[0]     ; 3.532 ; 3.532 ; 3.532 ; 3.532 ;
; SW[4]      ; HEX3[1]     ; 3.793 ; 3.793 ; 3.793 ; 3.793 ;
; SW[4]      ; HEX3[2]     ;       ; 3.801 ; 3.801 ;       ;
; SW[4]      ; HEX3[3]     ; 3.373 ; 3.373 ; 3.373 ; 3.373 ;
; SW[4]      ; HEX3[4]     ; 3.248 ;       ;       ; 3.248 ;
; SW[4]      ; HEX3[5]     ; 3.539 ;       ;       ; 3.539 ;
; SW[4]      ; HEX3[6]     ; 3.680 ;       ;       ; 3.680 ;
; SW[4]      ; LEDG[0]     ; 5.590 ; 5.590 ; 5.590 ; 5.590 ;
; SW[4]      ; LEDG[1]     ; 5.320 ; 5.320 ; 5.320 ; 5.320 ;
; SW[4]      ; LEDG[2]     ; 4.868 ; 4.868 ; 4.868 ; 4.868 ;
; SW[4]      ; LEDG[3]     ; 5.415 ; 5.415 ; 5.415 ; 5.415 ;
; SW[4]      ; LEDG[4]     ; 5.316 ;       ;       ; 5.316 ;
; SW[5]      ; HEX0[0]     ; 3.796 ; 3.796 ; 3.796 ; 3.796 ;
; SW[5]      ; HEX0[1]     ; 3.824 ; 3.824 ; 3.824 ; 3.824 ;
; SW[5]      ; HEX0[2]     ; 3.891 ; 3.891 ; 3.891 ; 3.891 ;
; SW[5]      ; HEX0[3]     ; 3.943 ; 3.943 ; 3.943 ; 3.943 ;
; SW[5]      ; HEX0[4]     ; 3.973 ; 3.973 ; 3.973 ; 3.973 ;
; SW[5]      ; HEX0[5]     ; 3.966 ; 3.966 ; 3.966 ; 3.966 ;
; SW[5]      ; HEX0[6]     ; 4.046 ; 4.046 ; 4.046 ; 4.046 ;
; SW[5]      ; HEX1[0]     ; 3.761 ; 3.761 ; 3.761 ; 3.761 ;
; SW[5]      ; HEX1[3]     ; 3.740 ; 3.740 ; 3.740 ; 3.740 ;
; SW[5]      ; HEX1[4]     ; 3.750 ; 3.750 ; 3.750 ; 3.750 ;
; SW[5]      ; HEX1[5]     ; 3.775 ; 3.775 ; 3.775 ; 3.775 ;
; SW[5]      ; HEX3[0]     ;       ; 3.376 ; 3.376 ;       ;
; SW[5]      ; HEX3[1]     ; 3.633 ; 3.633 ; 3.633 ; 3.633 ;
; SW[5]      ; HEX3[2]     ; 3.647 ;       ;       ; 3.647 ;
; SW[5]      ; HEX3[3]     ; 3.473 ; 3.473 ; 3.473 ; 3.473 ;
; SW[5]      ; HEX3[4]     ;       ; 3.349 ; 3.349 ;       ;
; SW[5]      ; HEX3[5]     ; 3.386 ;       ;       ; 3.386 ;
; SW[5]      ; HEX3[6]     ; 3.515 ; 3.515 ; 3.515 ; 3.515 ;
; SW[5]      ; LEDG[1]     ; 5.095 ; 5.095 ; 5.095 ; 5.095 ;
; SW[5]      ; LEDG[2]     ; 4.746 ; 4.746 ; 4.746 ; 4.746 ;
; SW[5]      ; LEDG[3]     ; 5.293 ; 5.293 ; 5.293 ; 5.293 ;
; SW[5]      ; LEDG[4]     ; 5.194 ;       ;       ; 5.194 ;
; SW[5]      ; LEDG[7]     ; 5.603 ;       ;       ; 5.603 ;
; SW[6]      ; HEX0[0]     ; 3.916 ; 3.916 ; 3.916 ; 3.916 ;
; SW[6]      ; HEX0[1]     ; 3.944 ; 3.944 ; 3.944 ; 3.944 ;
; SW[6]      ; HEX0[2]     ; 4.011 ; 4.011 ; 4.011 ; 4.011 ;
; SW[6]      ; HEX0[3]     ; 4.063 ; 4.063 ; 4.063 ; 4.063 ;
; SW[6]      ; HEX0[4]     ; 4.093 ; 4.093 ; 4.093 ; 4.093 ;
; SW[6]      ; HEX0[5]     ; 4.086 ; 4.086 ; 4.086 ; 4.086 ;
; SW[6]      ; HEX0[6]     ; 4.166 ; 4.166 ; 4.166 ; 4.166 ;
; SW[6]      ; HEX1[0]     ; 3.879 ; 3.879 ; 3.879 ; 3.879 ;
; SW[6]      ; HEX1[3]     ; 3.858 ; 3.858 ; 3.858 ; 3.858 ;
; SW[6]      ; HEX1[4]     ; 3.868 ; 3.868 ; 3.868 ; 3.868 ;
; SW[6]      ; HEX1[5]     ; 3.893 ; 3.893 ; 3.893 ; 3.893 ;
; SW[6]      ; HEX3[0]     ; 3.459 ; 3.459 ; 3.459 ; 3.459 ;
; SW[6]      ; HEX3[1]     ; 3.742 ;       ;       ; 3.742 ;
; SW[6]      ; HEX3[2]     ;       ; 3.728 ; 3.728 ;       ;
; SW[6]      ; HEX3[3]     ; 3.424 ; 3.424 ; 3.424 ; 3.424 ;
; SW[6]      ; HEX3[4]     ; 3.300 ;       ;       ; 3.300 ;
; SW[6]      ; HEX3[5]     ;       ; 3.466 ; 3.466 ;       ;
; SW[6]      ; HEX3[6]     ; 3.601 ; 3.601 ; 3.601 ; 3.601 ;
; SW[6]      ; LEDG[2]     ; 4.599 ; 4.599 ; 4.599 ; 4.599 ;
; SW[6]      ; LEDG[3]     ; 5.251 ; 5.251 ; 5.251 ; 5.251 ;
; SW[6]      ; LEDG[4]     ; 5.152 ;       ;       ; 5.152 ;
; SW[6]      ; LEDG[7]     ; 5.554 ;       ;       ; 5.554 ;
; SW[7]      ; HEX0[0]     ; 3.508 ; 3.508 ; 3.508 ; 3.508 ;
; SW[7]      ; HEX0[1]     ; 3.536 ; 3.536 ; 3.536 ; 3.536 ;
; SW[7]      ; HEX0[2]     ; 3.603 ; 3.603 ; 3.603 ; 3.603 ;
; SW[7]      ; HEX0[3]     ; 3.655 ; 3.655 ; 3.655 ; 3.655 ;
; SW[7]      ; HEX0[4]     ; 3.685 ; 3.685 ; 3.685 ; 3.685 ;
; SW[7]      ; HEX0[5]     ; 3.678 ; 3.678 ; 3.678 ; 3.678 ;
; SW[7]      ; HEX0[6]     ; 3.758 ; 3.758 ; 3.758 ; 3.758 ;
; SW[7]      ; HEX1[0]     ; 3.471 ; 3.471 ; 3.471 ; 3.471 ;
; SW[7]      ; HEX1[3]     ; 3.450 ; 3.450 ; 3.450 ; 3.450 ;
; SW[7]      ; HEX1[4]     ; 3.460 ; 3.460 ; 3.460 ; 3.460 ;
; SW[7]      ; HEX1[5]     ; 3.485 ; 3.485 ; 3.485 ; 3.485 ;
; SW[7]      ; HEX3[0]     ;       ; 3.033 ; 3.033 ;       ;
; SW[7]      ; HEX3[1]     ;       ; 3.293 ; 3.293 ;       ;
; SW[7]      ; HEX3[2]     ;       ; 3.301 ; 3.301 ;       ;
; SW[7]      ; HEX3[5]     ;       ; 3.038 ; 3.038 ;       ;
; SW[7]      ; HEX3[6]     ;       ; 3.175 ; 3.175 ;       ;
; SW[7]      ; LEDG[3]     ; 4.723 ; 4.723 ; 4.723 ; 4.723 ;
; SW[7]      ; LEDG[4]     ; 4.723 ;       ;       ; 4.723 ;
; SW[7]      ; LEDG[7]     ; 4.997 ;       ;       ; 4.997 ;
; SW[8]      ; HEX0[0]     ; 3.362 ; 3.362 ; 3.362 ; 3.362 ;
; SW[8]      ; HEX0[1]     ; 3.392 ; 3.392 ; 3.392 ; 3.392 ;
; SW[8]      ; HEX0[2]     ; 3.465 ; 3.465 ; 3.465 ; 3.465 ;
; SW[8]      ; HEX0[3]     ; 3.516 ; 3.516 ; 3.516 ; 3.516 ;
; SW[8]      ; HEX0[4]     ; 3.545 ; 3.545 ; 3.545 ; 3.545 ;
; SW[8]      ; HEX0[5]     ; 3.536 ; 3.536 ; 3.536 ; 3.536 ;
; SW[8]      ; HEX0[6]     ; 3.618 ; 3.618 ; 3.618 ; 3.618 ;
; SW[8]      ; HEX1[0]     ; 3.518 ; 3.518 ; 3.518 ; 3.518 ;
; SW[8]      ; HEX1[3]     ; 3.497 ; 3.497 ; 3.497 ; 3.497 ;
; SW[8]      ; HEX1[4]     ; 3.507 ; 3.507 ; 3.507 ; 3.507 ;
; SW[8]      ; HEX1[5]     ; 3.532 ; 3.532 ; 3.532 ; 3.532 ;
; SW[8]      ; LEDG[0]     ; 5.227 ; 5.227 ; 5.227 ; 5.227 ;
; SW[8]      ; LEDG[1]     ; 4.852 ; 4.852 ; 4.852 ; 4.852 ;
; SW[8]      ; LEDG[2]     ; 4.400 ; 4.400 ; 4.400 ; 4.400 ;
; SW[8]      ; LEDG[3]     ; 4.947 ; 4.947 ; 4.947 ; 4.947 ;
; SW[8]      ; LEDG[4]     ; 4.848 ;       ;       ; 4.848 ;
+------------+-------------+-------+-------+-------+-------+


-------------------
; Clock Transfers ;
-------------------
Nothing to report.


---------------
; Report TCCS ;
---------------
No dedicated SERDES Transmitter circuitry present in device or used in design


---------------
; Report RSKM ;
---------------
No dedicated SERDES Receiver circuitry present in device or used in design


+------------------------------------------------+
; Unconstrained Paths                            ;
+---------------------------------+-------+------+
; Property                        ; Setup ; Hold ;
+---------------------------------+-------+------+
; Illegal Clocks                  ; 0     ; 0    ;
; Unconstrained Clocks            ; 0     ; 0    ;
; Unconstrained Input Ports       ; 9     ; 9    ;
; Unconstrained Input Port Paths  ; 190   ; 190  ;
; Unconstrained Output Ports      ; 31    ; 31   ;
; Unconstrained Output Port Paths ; 190   ; 190  ;
+---------------------------------+-------+------+


+------------------------------------+
; TimeQuest Timing Analyzer Messages ;
+------------------------------------+
Info: *******************************************************************
Info: Running Quartus II 64-Bit TimeQuest Timing Analyzer
    Info: Version 13.0.1 Build 232 06/12/2013 Service Pack 1 SJ Web Edition
    Info: Processing started: Mon Oct 05 22:11:14 2020
Info: Command: quartus_sta L2P5 -c L2P5
Info: qsta_default_script.tcl version: #1
Warning (20028): Parallel compilation is not licensed and has been disabled
Info (21077): Low junction temperature is 0 degrees C
Info (21077): High junction temperature is 85 degrees C
Critical Warning (332012): Synopsys Design Constraints File file not found: 'L2P5.sdc'. A Synopsys Design Constraints File is required by the TimeQuest Timing Analyzer to get proper timing constraints. Without it, the Compiler will not properly optimize the design.
Info (332142): No user constrained base clocks found in the design. Calling "derive_clocks -period 1.0"
Info (332096): The command derive_clocks did not find any clocks to derive.  No clocks were created or changed.
Warning (332068): No clocks defined in design.
Info: Found TIMEQUEST_REPORT_SCRIPT_INCLUDE_DEFAULT_ANALYSIS = ON
Info (332159): No clocks to report
Info: Analyzing Slow Model
Info (332140): No fmax paths to report
Info (332140): No Setup paths to report
Info (332140): No Hold paths to report
Info (332140): No Recovery paths to report
Info (332140): No Removal paths to report
Info (332140): No Minimum Pulse Width paths to report
Info (332001): The selected device family is not supported by the report_metastability command.
Info: Analyzing Fast Model
Info (332142): No user constrained base clocks found in the design. Calling "derive_clocks -period 1.0"
Info (332096): The command derive_clocks did not find any clocks to derive.  No clocks were created or changed.
Warning (332068): No clocks defined in design.
Info (332140): No Setup paths to report
Info (332140): No Hold paths to report
Info (332140): No Recovery paths to report
Info (332140): No Removal paths to report
Info (332140): No Minimum Pulse Width paths to report
Info (332001): The selected device family is not supported by the report_metastability command.
Info (332102): Design is not fully constrained for setup requirements
Info (332102): Design is not fully constrained for hold requirements
Info: Quartus II 64-Bit TimeQuest Timing Analyzer was successful. 0 errors, 4 warnings
    Info: Peak virtual memory: 4534 megabytes
    Info: Processing ended: Mon Oct 05 22:11:15 2020
    Info: Elapsed time: 00:00:01
    Info: Total CPU time (on all processors): 00:00:01


