TimeQuest Timing Analyzer report for L2P4
Mon Oct 05 22:09:03 2020
Quartus II 64-Bit Version 13.0.1 Build 232 06/12/2013 Service Pack 1 SJ Web Edition


---------------------
; Table of Contents ;
---------------------
  1. Legal Notice
  2. TimeQuest Timing Analyzer Summary
  3. Parallel Compilation
  4. Clocks
  5. Slow Model Fmax Summary
  6. Slow Model Setup Summary
  7. Slow Model Hold Summary
  8. Slow Model Recovery Summary
  9. Slow Model Removal Summary
 10. Slow Model Minimum Pulse Width Summary
 11. Propagation Delay
 12. Minimum Propagation Delay
 13. Fast Model Setup Summary
 14. Fast Model Hold Summary
 15. Fast Model Recovery Summary
 16. Fast Model Removal Summary
 17. Fast Model Minimum Pulse Width Summary
 18. Propagation Delay
 19. Minimum Propagation Delay
 20. Multicorner Timing Analysis Summary
 21. Progagation Delay
 22. Minimum Progagation Delay
 23. Clock Transfers
 24. Report TCCS
 25. Report RSKM
 26. Unconstrained Paths
 27. TimeQuest Timing Analyzer Messages



----------------
; Legal Notice ;
----------------
Copyright (C) 1991-2013 Altera Corporation
Your use of Altera Corporation's design tools, logic functions 
and other software and tools, and its AMPP partner logic 
functions, and any output files from any of the foregoing 
(including device programming or simulation files), and any 
associated documentation or information are expressly subject 
to the terms and conditions of the Altera Program License 
Subscription Agreement, Altera MegaCore Function License 
Agreement, or other applicable license agreement, including, 
without limitation, that your use is for the sole purpose of 
programming logic devices manufactured by Altera and sold by 
Altera or its authorized distributors.  Please refer to the 
applicable agreement for further details.



+----------------------------------------------------------------------------------------+
; TimeQuest Timing Analyzer Summary                                                      ;
+--------------------+-------------------------------------------------------------------+
; Quartus II Version ; Version 13.0.1 Build 232 06/12/2013 Service Pack 1 SJ Web Edition ;
; Revision Name      ; L2P4                                                              ;
; Device Family      ; Cyclone II                                                        ;
; Device Name        ; EP2C20F484C7                                                      ;
; Timing Models      ; Final                                                             ;
; Delay Model        ; Combined                                                          ;
; Rise/Fall Delays   ; Unavailable                                                       ;
+--------------------+-------------------------------------------------------------------+


Parallel compilation was disabled, but you have multiple processors available. Enable parallel compilation to reduce compilation time.
+-------------------------------------+
; Parallel Compilation                ;
+----------------------------+--------+
; Processors                 ; Number ;
+----------------------------+--------+
; Number detected on machine ; 2      ;
; Maximum allowed            ; 1      ;
+----------------------------+--------+


----------
; Clocks ;
----------
No clocks to report.


---------------------------
; Slow Model Fmax Summary ;
---------------------------
No paths to report.


----------------------------
; Slow Model Setup Summary ;
----------------------------
No paths to report.


---------------------------
; Slow Model Hold Summary ;
---------------------------
No paths to report.


-------------------------------
; Slow Model Recovery Summary ;
-------------------------------
No paths to report.


------------------------------
; Slow Model Removal Summary ;
------------------------------
No paths to report.


------------------------------------------
; Slow Model Minimum Pulse Width Summary ;
------------------------------------------
No paths to report.


+--------------------------------------------------------------+
; Propagation Delay                                            ;
+------------+-------------+--------+--------+--------+--------+
; Input Port ; Output Port ; RR     ; RF     ; FR     ; FF     ;
+------------+-------------+--------+--------+--------+--------+
; SW[0]      ; HEX0[0]     ; 12.069 ; 12.069 ; 12.069 ; 12.069 ;
; SW[0]      ; HEX0[1]     ; 12.101 ; 12.101 ; 12.101 ; 12.101 ;
; SW[0]      ; HEX0[2]     ; 12.087 ; 12.087 ; 12.087 ; 12.087 ;
; SW[0]      ; HEX0[3]     ; 11.947 ; 11.947 ; 11.947 ; 11.947 ;
; SW[0]      ; HEX0[4]     ; 11.631 ; 11.477 ; 11.477 ; 11.631 ;
; SW[0]      ; HEX0[5]     ; 11.764 ; 11.764 ; 11.764 ; 11.764 ;
; SW[0]      ; HEX0[6]     ; 11.824 ; 11.824 ; 11.824 ; 11.824 ;
; SW[0]      ; HEX1[0]     ; 10.990 ; 10.791 ; 10.791 ; 10.990 ;
; SW[0]      ; HEX1[3]     ; 11.301 ; 11.102 ; 11.102 ; 11.301 ;
; SW[0]      ; HEX1[4]     ; 11.311 ; 11.112 ; 11.112 ; 11.311 ;
; SW[0]      ; HEX1[5]     ; 11.344 ; 11.145 ; 11.145 ; 11.344 ;
; SW[0]      ; HEX2[0]     ; 8.077  ; 8.077  ; 8.077  ; 8.077  ;
; SW[0]      ; HEX2[1]     ; 8.030  ; 8.030  ; 8.030  ; 8.030  ;
; SW[0]      ; HEX2[2]     ;        ; 8.047  ; 8.047  ;        ;
; SW[0]      ; HEX2[3]     ; 8.109  ; 8.109  ; 8.109  ; 8.109  ;
; SW[0]      ; HEX2[4]     ; 8.414  ;        ;        ; 8.414  ;
; SW[0]      ; HEX2[5]     ; 8.411  ;        ;        ; 8.411  ;
; SW[0]      ; HEX2[6]     ; 8.687  ;        ;        ; 8.687  ;
; SW[0]      ; LEDG[0]     ; 11.335 ; 11.335 ; 11.335 ; 11.335 ;
; SW[0]      ; LEDG[1]     ; 10.482 ; 10.482 ; 10.482 ; 10.482 ;
; SW[0]      ; LEDG[2]     ; 13.370 ; 13.370 ; 13.370 ; 13.370 ;
; SW[0]      ; LEDG[3]     ; 14.451 ; 14.451 ; 14.451 ; 14.451 ;
; SW[0]      ; LEDG[4]     ; 12.053 ;        ;        ; 12.053 ;
; SW[1]      ; HEX0[0]     ; 10.864 ; 10.864 ; 10.864 ; 10.864 ;
; SW[1]      ; HEX0[1]     ; 10.896 ; 10.896 ; 10.896 ; 10.896 ;
; SW[1]      ; HEX0[2]     ; 10.882 ; 10.882 ; 10.882 ; 10.882 ;
; SW[1]      ; HEX0[3]     ; 10.742 ; 10.742 ; 10.742 ; 10.742 ;
; SW[1]      ; HEX0[4]     ; 10.426 ; 10.272 ; 10.272 ; 10.426 ;
; SW[1]      ; HEX0[5]     ; 10.559 ; 10.559 ; 10.559 ; 10.559 ;
; SW[1]      ; HEX0[6]     ; 10.619 ; 10.619 ; 10.619 ; 10.619 ;
; SW[1]      ; HEX1[0]     ; 9.785  ; 9.586  ; 9.586  ; 9.785  ;
; SW[1]      ; HEX1[3]     ; 10.096 ; 9.897  ; 9.897  ; 10.096 ;
; SW[1]      ; HEX1[4]     ; 10.106 ; 9.907  ; 9.907  ; 10.106 ;
; SW[1]      ; HEX1[5]     ; 10.139 ; 9.940  ; 9.940  ; 10.139 ;
; SW[1]      ; HEX2[0]     ;        ; 7.879  ; 7.879  ;        ;
; SW[1]      ; HEX2[1]     ; 7.876  ; 7.876  ; 7.876  ; 7.876  ;
; SW[1]      ; HEX2[2]     ; 7.905  ;        ;        ; 7.905  ;
; SW[1]      ; HEX2[3]     ; 7.915  ; 7.915  ; 7.915  ; 7.915  ;
; SW[1]      ; HEX2[4]     ;        ; 8.221  ; 8.221  ;        ;
; SW[1]      ; HEX2[5]     ; 8.206  ;        ;        ; 8.206  ;
; SW[1]      ; HEX2[6]     ; 8.496  ; 8.496  ; 8.496  ; 8.496  ;
; SW[1]      ; LEDG[1]     ; 9.614  ; 9.614  ; 9.614  ; 9.614  ;
; SW[1]      ; LEDG[2]     ; 12.171 ; 12.171 ; 12.171 ; 12.171 ;
; SW[1]      ; LEDG[3]     ; 13.246 ; 13.246 ; 13.246 ; 13.246 ;
; SW[1]      ; LEDG[4]     ; 10.848 ;        ;        ; 10.848 ;
; SW[1]      ; LEDG[7]     ; 12.638 ;        ;        ; 12.638 ;
; SW[2]      ; HEX0[0]     ; 11.648 ; 11.648 ; 11.648 ; 11.648 ;
; SW[2]      ; HEX0[1]     ; 11.680 ; 11.680 ; 11.680 ; 11.680 ;
; SW[2]      ; HEX0[2]     ; 11.666 ; 11.666 ; 11.666 ; 11.666 ;
; SW[2]      ; HEX0[3]     ; 11.526 ; 11.526 ; 11.526 ; 11.526 ;
; SW[2]      ; HEX0[4]     ; 11.210 ; 11.056 ; 11.056 ; 11.210 ;
; SW[2]      ; HEX0[5]     ; 11.343 ; 11.343 ; 11.343 ; 11.343 ;
; SW[2]      ; HEX0[6]     ; 11.403 ; 11.403 ; 11.403 ; 11.403 ;
; SW[2]      ; HEX1[0]     ; 10.569 ; 10.370 ; 10.370 ; 10.569 ;
; SW[2]      ; HEX1[3]     ; 10.880 ; 10.681 ; 10.681 ; 10.880 ;
; SW[2]      ; HEX1[4]     ; 10.890 ; 10.691 ; 10.691 ; 10.890 ;
; SW[2]      ; HEX1[5]     ; 10.923 ; 10.724 ; 10.724 ; 10.923 ;
; SW[2]      ; HEX2[0]     ; 7.791  ; 7.791  ; 7.791  ; 7.791  ;
; SW[2]      ; HEX2[1]     ; 7.785  ;        ;        ; 7.785  ;
; SW[2]      ; HEX2[2]     ;        ; 7.828  ; 7.828  ;        ;
; SW[2]      ; HEX2[3]     ; 7.818  ; 7.818  ; 7.818  ; 7.818  ;
; SW[2]      ; HEX2[4]     ; 8.122  ;        ;        ; 8.122  ;
; SW[2]      ; HEX2[5]     ;        ; 8.127  ; 8.127  ;        ;
; SW[2]      ; HEX2[6]     ; 8.402  ; 8.402  ; 8.402  ; 8.402  ;
; SW[2]      ; LEDG[2]     ; 12.934 ; 12.934 ; 12.934 ; 12.934 ;
; SW[2]      ; LEDG[3]     ; 14.030 ; 14.030 ; 14.030 ; 14.030 ;
; SW[2]      ; LEDG[4]     ; 11.632 ;        ;        ; 11.632 ;
; SW[2]      ; LEDG[7]     ; 12.558 ;        ;        ; 12.558 ;
; SW[3]      ; HEX0[0]     ; 9.373  ; 9.373  ; 9.373  ; 9.373  ;
; SW[3]      ; HEX0[1]     ; 9.405  ; 9.405  ; 9.405  ; 9.405  ;
; SW[3]      ; HEX0[2]     ; 9.391  ; 9.391  ; 9.391  ; 9.391  ;
; SW[3]      ; HEX0[3]     ; 9.251  ; 9.251  ; 9.251  ; 9.251  ;
; SW[3]      ; HEX0[4]     ; 8.935  ; 8.781  ; 8.781  ; 8.935  ;
; SW[3]      ; HEX0[5]     ; 9.068  ; 9.068  ; 9.068  ; 9.068  ;
; SW[3]      ; HEX0[6]     ; 9.128  ; 9.128  ; 9.128  ; 9.128  ;
; SW[3]      ; HEX1[0]     ; 8.294  ; 8.095  ; 8.095  ; 8.294  ;
; SW[3]      ; HEX1[3]     ; 8.605  ; 8.406  ; 8.406  ; 8.605  ;
; SW[3]      ; HEX1[4]     ; 8.615  ; 8.416  ; 8.416  ; 8.615  ;
; SW[3]      ; HEX1[5]     ; 8.648  ; 8.449  ; 8.449  ; 8.648  ;
; SW[3]      ; HEX2[0]     ;        ; 7.497  ; 7.497  ;        ;
; SW[3]      ; HEX2[1]     ;        ; 7.489  ; 7.489  ;        ;
; SW[3]      ; HEX2[2]     ;        ; 7.526  ; 7.526  ;        ;
; SW[3]      ; HEX2[5]     ;        ; 7.828  ; 7.828  ;        ;
; SW[3]      ; HEX2[6]     ;        ; 8.172  ; 8.172  ;        ;
; SW[3]      ; LEDG[3]     ; 11.755 ; 11.755 ; 11.755 ; 11.755 ;
; SW[3]      ; LEDG[4]     ; 9.357  ;        ;        ; 9.357  ;
; SW[3]      ; LEDG[7]     ; 12.348 ;        ;        ; 12.348 ;
; SW[4]      ; HEX0[0]     ; 12.098 ; 12.098 ; 12.098 ; 12.098 ;
; SW[4]      ; HEX0[1]     ; 12.130 ; 12.130 ; 12.130 ; 12.130 ;
; SW[4]      ; HEX0[2]     ; 12.116 ; 12.116 ; 12.116 ; 12.116 ;
; SW[4]      ; HEX0[3]     ; 11.976 ; 11.976 ; 11.976 ; 11.976 ;
; SW[4]      ; HEX0[4]     ; 11.660 ; 11.506 ; 11.506 ; 11.660 ;
; SW[4]      ; HEX0[5]     ; 11.793 ; 11.793 ; 11.793 ; 11.793 ;
; SW[4]      ; HEX0[6]     ; 11.853 ; 11.853 ; 11.853 ; 11.853 ;
; SW[4]      ; HEX1[0]     ; 11.019 ; 10.820 ; 10.820 ; 11.019 ;
; SW[4]      ; HEX1[3]     ; 11.330 ; 11.131 ; 11.131 ; 11.330 ;
; SW[4]      ; HEX1[4]     ; 11.340 ; 11.141 ; 11.141 ; 11.340 ;
; SW[4]      ; HEX1[5]     ; 11.373 ; 11.174 ; 11.174 ; 11.373 ;
; SW[4]      ; HEX3[0]     ; 8.049  ; 8.049  ; 8.049  ; 8.049  ;
; SW[4]      ; HEX3[1]     ; 8.215  ; 8.215  ; 8.215  ; 8.215  ;
; SW[4]      ; HEX3[2]     ;        ; 8.166  ; 8.166  ;        ;
; SW[4]      ; HEX3[3]     ; 7.355  ; 7.355  ; 7.355  ; 7.355  ;
; SW[4]      ; HEX3[4]     ; 7.691  ;        ;        ; 7.691  ;
; SW[4]      ; HEX3[5]     ; 7.728  ;        ;        ; 7.728  ;
; SW[4]      ; HEX3[6]     ; 8.082  ;        ;        ; 8.082  ;
; SW[4]      ; LEDG[0]     ; 11.365 ; 11.365 ; 11.365 ; 11.365 ;
; SW[4]      ; LEDG[1]     ; 10.511 ; 10.511 ; 10.511 ; 10.511 ;
; SW[4]      ; LEDG[2]     ; 13.399 ; 13.399 ; 13.399 ; 13.399 ;
; SW[4]      ; LEDG[3]     ; 14.480 ; 14.480 ; 14.480 ; 14.480 ;
; SW[4]      ; LEDG[4]     ; 12.082 ;        ;        ; 12.082 ;
; SW[5]      ; HEX0[0]     ; 10.465 ; 10.465 ; 10.465 ; 10.465 ;
; SW[5]      ; HEX0[1]     ; 10.497 ; 10.497 ; 10.497 ; 10.497 ;
; SW[5]      ; HEX0[2]     ; 10.483 ; 10.483 ; 10.483 ; 10.483 ;
; SW[5]      ; HEX0[3]     ; 10.343 ; 10.343 ; 10.343 ; 10.343 ;
; SW[5]      ; HEX0[4]     ; 10.027 ; 9.873  ; 9.873  ; 10.027 ;
; SW[5]      ; HEX0[5]     ; 10.160 ; 10.160 ; 10.160 ; 10.160 ;
; SW[5]      ; HEX0[6]     ; 10.220 ; 10.220 ; 10.220 ; 10.220 ;
; SW[5]      ; HEX1[0]     ; 9.386  ; 9.187  ; 9.187  ; 9.386  ;
; SW[5]      ; HEX1[3]     ; 9.697  ; 9.498  ; 9.498  ; 9.697  ;
; SW[5]      ; HEX1[4]     ; 9.707  ; 9.508  ; 9.508  ; 9.707  ;
; SW[5]      ; HEX1[5]     ; 9.740  ; 9.541  ; 9.541  ; 9.740  ;
; SW[5]      ; HEX3[0]     ;        ; 7.802  ; 7.802  ;        ;
; SW[5]      ; HEX3[1]     ; 7.994  ; 7.994  ; 7.994  ; 7.994  ;
; SW[5]      ; HEX3[2]     ; 7.996  ;        ;        ; 7.996  ;
; SW[5]      ; HEX3[3]     ; 7.107  ; 7.107  ; 7.107  ; 7.107  ;
; SW[5]      ; HEX3[4]     ;        ; 7.434  ; 7.434  ;        ;
; SW[5]      ; HEX3[5]     ; 7.480  ;        ;        ; 7.480  ;
; SW[5]      ; HEX3[6]     ; 7.839  ; 7.839  ; 7.839  ; 7.839  ;
; SW[5]      ; LEDG[1]     ; 9.436  ; 9.436  ; 9.436  ; 9.436  ;
; SW[5]      ; LEDG[2]     ; 11.766 ; 11.766 ; 11.766 ; 11.766 ;
; SW[5]      ; LEDG[3]     ; 12.847 ; 12.847 ; 12.847 ; 12.847 ;
; SW[5]      ; LEDG[4]     ; 10.449 ;        ;        ; 10.449 ;
; SW[5]      ; LEDG[7]     ; 13.039 ;        ;        ; 13.039 ;
; SW[6]      ; HEX0[0]     ; 11.167 ; 11.167 ; 11.167 ; 11.167 ;
; SW[6]      ; HEX0[1]     ; 11.199 ; 11.199 ; 11.199 ; 11.199 ;
; SW[6]      ; HEX0[2]     ; 11.185 ; 11.185 ; 11.185 ; 11.185 ;
; SW[6]      ; HEX0[3]     ; 11.045 ; 11.045 ; 11.045 ; 11.045 ;
; SW[6]      ; HEX0[4]     ; 10.729 ; 10.575 ; 10.575 ; 10.729 ;
; SW[6]      ; HEX0[5]     ; 10.862 ; 10.862 ; 10.862 ; 10.862 ;
; SW[6]      ; HEX0[6]     ; 10.922 ; 10.922 ; 10.922 ; 10.922 ;
; SW[6]      ; HEX1[0]     ; 10.088 ; 9.889  ; 9.889  ; 10.088 ;
; SW[6]      ; HEX1[3]     ; 10.399 ; 10.200 ; 10.200 ; 10.399 ;
; SW[6]      ; HEX1[4]     ; 10.409 ; 10.210 ; 10.210 ; 10.409 ;
; SW[6]      ; HEX1[5]     ; 10.442 ; 10.243 ; 10.243 ; 10.442 ;
; SW[6]      ; HEX3[0]     ; 7.486  ; 7.486  ; 7.486  ; 7.486  ;
; SW[6]      ; HEX3[1]     ; 7.680  ;        ;        ; 7.680  ;
; SW[6]      ; HEX3[2]     ;        ; 7.681  ; 7.681  ;        ;
; SW[6]      ; HEX3[3]     ; 6.792  ; 6.792  ; 6.792  ; 6.792  ;
; SW[6]      ; HEX3[4]     ; 7.120  ;        ;        ; 7.120  ;
; SW[6]      ; HEX3[5]     ;        ; 7.164  ; 7.164  ;        ;
; SW[6]      ; HEX3[6]     ; 7.524  ; 7.524  ; 7.524  ; 7.524  ;
; SW[6]      ; LEDG[2]     ; 12.512 ; 12.512 ; 12.512 ; 12.512 ;
; SW[6]      ; LEDG[3]     ; 13.549 ; 13.549 ; 13.549 ; 13.549 ;
; SW[6]      ; LEDG[4]     ; 11.151 ;        ;        ; 11.151 ;
; SW[6]      ; LEDG[7]     ; 12.935 ;        ;        ; 12.935 ;
; SW[7]      ; HEX0[0]     ; 8.400  ; 8.400  ; 8.400  ; 8.400  ;
; SW[7]      ; HEX0[1]     ; 8.432  ; 8.432  ; 8.432  ; 8.432  ;
; SW[7]      ; HEX0[2]     ; 8.418  ; 8.418  ; 8.418  ; 8.418  ;
; SW[7]      ; HEX0[3]     ; 8.278  ; 8.278  ; 8.278  ; 8.278  ;
; SW[7]      ; HEX0[4]     ; 7.962  ; 7.808  ; 7.808  ; 7.962  ;
; SW[7]      ; HEX0[5]     ; 8.095  ; 8.095  ; 8.095  ; 8.095  ;
; SW[7]      ; HEX0[6]     ; 8.155  ; 8.155  ; 8.155  ; 8.155  ;
; SW[7]      ; HEX1[0]     ; 7.321  ; 7.125  ; 7.125  ; 7.321  ;
; SW[7]      ; HEX1[3]     ; 7.632  ; 7.436  ; 7.436  ; 7.632  ;
; SW[7]      ; HEX1[4]     ; 7.642  ; 7.446  ; 7.446  ; 7.642  ;
; SW[7]      ; HEX1[5]     ; 7.675  ; 7.479  ; 7.479  ; 7.675  ;
; SW[7]      ; HEX3[0]     ;        ; 6.668  ; 6.668  ;        ;
; SW[7]      ; HEX3[1]     ;        ; 6.827  ; 6.827  ;        ;
; SW[7]      ; HEX3[2]     ;        ; 6.859  ; 6.859  ;        ;
; SW[7]      ; HEX3[5]     ;        ; 6.349  ; 6.349  ;        ;
; SW[7]      ; HEX3[6]     ;        ; 6.737  ; 6.737  ;        ;
; SW[7]      ; LEDG[3]     ; 10.785 ; 10.785 ; 10.785 ; 10.785 ;
; SW[7]      ; LEDG[4]     ; 8.384  ;        ;        ; 8.384  ;
; SW[7]      ; LEDG[7]     ; 12.000 ;        ;        ; 12.000 ;
; SW[8]      ; HEX0[0]     ; 10.731 ; 10.731 ; 10.731 ; 10.731 ;
; SW[8]      ; HEX0[1]     ; 10.763 ; 10.763 ; 10.763 ; 10.763 ;
; SW[8]      ; HEX0[2]     ; 10.749 ; 10.749 ; 10.749 ; 10.749 ;
; SW[8]      ; HEX0[3]     ; 10.609 ; 10.609 ; 10.609 ; 10.609 ;
; SW[8]      ; HEX0[4]     ; 10.293 ; 10.139 ; 10.139 ; 10.293 ;
; SW[8]      ; HEX0[5]     ; 10.426 ; 10.426 ; 10.426 ; 10.426 ;
; SW[8]      ; HEX0[6]     ; 10.486 ; 10.486 ; 10.486 ; 10.486 ;
; SW[8]      ; HEX1[0]     ; 9.652  ; 9.453  ; 9.453  ; 9.652  ;
; SW[8]      ; HEX1[3]     ; 9.963  ; 9.764  ; 9.764  ; 9.963  ;
; SW[8]      ; HEX1[4]     ; 9.973  ; 9.774  ; 9.774  ; 9.973  ;
; SW[8]      ; HEX1[5]     ; 10.006 ; 9.807  ; 9.807  ; 10.006 ;
; SW[8]      ; LEDG[0]     ; 9.992  ; 9.992  ; 9.992  ; 9.992  ;
; SW[8]      ; LEDG[1]     ; 9.144  ; 9.144  ; 9.144  ; 9.144  ;
; SW[8]      ; LEDG[2]     ; 12.032 ; 12.032 ; 12.032 ; 12.032 ;
; SW[8]      ; LEDG[3]     ; 13.113 ; 13.113 ; 13.113 ; 13.113 ;
; SW[8]      ; LEDG[4]     ; 10.715 ;        ;        ; 10.715 ;
+------------+-------------+--------+--------+--------+--------+


+--------------------------------------------------------------+
; Minimum Propagation Delay                                    ;
+------------+-------------+--------+--------+--------+--------+
; Input Port ; Output Port ; RR     ; RF     ; FR     ; FF     ;
+------------+-------------+--------+--------+--------+--------+
; SW[0]      ; HEX0[0]     ; 9.097  ; 9.097  ; 9.097  ; 9.097  ;
; SW[0]      ; HEX0[1]     ; 9.131  ; 9.131  ; 9.131  ; 9.131  ;
; SW[0]      ; HEX0[2]     ; 9.019  ; 9.019  ; 9.019  ; 9.019  ;
; SW[0]      ; HEX0[3]     ; 9.118  ; 9.118  ; 9.118  ; 9.118  ;
; SW[0]      ; HEX0[4]     ; 8.799  ; 8.799  ; 8.799  ; 8.799  ;
; SW[0]      ; HEX0[5]     ; 8.796  ; 8.796  ; 8.796  ; 8.796  ;
; SW[0]      ; HEX0[6]     ; 8.799  ; 8.799  ; 8.799  ; 8.799  ;
; SW[0]      ; HEX1[0]     ; 9.678  ; 9.678  ; 9.678  ; 9.678  ;
; SW[0]      ; HEX1[3]     ; 9.989  ; 9.989  ; 9.989  ; 9.989  ;
; SW[0]      ; HEX1[4]     ; 9.999  ; 9.999  ; 9.999  ; 9.999  ;
; SW[0]      ; HEX1[5]     ; 10.032 ; 10.032 ; 10.032 ; 10.032 ;
; SW[0]      ; HEX2[0]     ; 8.077  ; 8.077  ; 8.077  ; 8.077  ;
; SW[0]      ; HEX2[1]     ; 8.030  ; 8.030  ; 8.030  ; 8.030  ;
; SW[0]      ; HEX2[2]     ;        ; 8.047  ; 8.047  ;        ;
; SW[0]      ; HEX2[3]     ; 8.109  ; 8.109  ; 8.109  ; 8.109  ;
; SW[0]      ; HEX2[4]     ; 8.414  ;        ;        ; 8.414  ;
; SW[0]      ; HEX2[5]     ; 8.411  ;        ;        ; 8.411  ;
; SW[0]      ; HEX2[6]     ; 8.687  ;        ;        ; 8.687  ;
; SW[0]      ; LEDG[0]     ; 11.335 ; 11.335 ; 11.335 ; 11.335 ;
; SW[0]      ; LEDG[1]     ; 10.482 ; 10.482 ; 10.482 ; 10.482 ;
; SW[0]      ; LEDG[2]     ; 13.370 ; 13.370 ; 13.370 ; 13.370 ;
; SW[0]      ; LEDG[3]     ; 14.451 ; 14.451 ; 14.451 ; 14.451 ;
; SW[0]      ; LEDG[4]     ; 12.053 ;        ;        ; 12.053 ;
; SW[1]      ; HEX0[0]     ; 9.442  ; 9.442  ; 9.442  ; 9.442  ;
; SW[1]      ; HEX0[1]     ; 9.469  ; 9.469  ; 9.469  ; 9.469  ;
; SW[1]      ; HEX0[2]     ; 9.466  ; 9.466  ; 9.466  ; 9.466  ;
; SW[1]      ; HEX0[3]     ; 9.458  ; 9.458  ; 9.458  ; 9.458  ;
; SW[1]      ; HEX0[4]     ; 9.133  ; 9.133  ; 9.133  ; 9.133  ;
; SW[1]      ; HEX0[5]     ; 9.126  ; 9.126  ; 9.126  ; 9.126  ;
; SW[1]      ; HEX0[6]     ; 9.135  ; 9.135  ; 9.135  ; 9.135  ;
; SW[1]      ; HEX1[0]     ; 8.640  ; 8.640  ; 8.640  ; 8.640  ;
; SW[1]      ; HEX1[3]     ; 8.951  ; 8.951  ; 8.951  ; 8.951  ;
; SW[1]      ; HEX1[4]     ; 8.961  ; 8.961  ; 8.961  ; 8.961  ;
; SW[1]      ; HEX1[5]     ; 8.994  ; 8.994  ; 8.994  ; 8.994  ;
; SW[1]      ; HEX2[0]     ;        ; 7.879  ; 7.879  ;        ;
; SW[1]      ; HEX2[1]     ; 7.876  ; 7.876  ; 7.876  ; 7.876  ;
; SW[1]      ; HEX2[2]     ; 7.905  ;        ;        ; 7.905  ;
; SW[1]      ; HEX2[3]     ; 7.915  ; 7.915  ; 7.915  ; 7.915  ;
; SW[1]      ; HEX2[4]     ;        ; 8.221  ; 8.221  ;        ;
; SW[1]      ; HEX2[5]     ; 8.206  ;        ;        ; 8.206  ;
; SW[1]      ; HEX2[6]     ; 8.496  ; 8.496  ; 8.496  ; 8.496  ;
; SW[1]      ; LEDG[1]     ; 9.614  ; 9.614  ; 9.614  ; 9.614  ;
; SW[1]      ; LEDG[2]     ; 12.171 ; 12.171 ; 12.171 ; 12.171 ;
; SW[1]      ; LEDG[3]     ; 13.246 ; 13.246 ; 13.246 ; 13.246 ;
; SW[1]      ; LEDG[4]     ; 10.848 ;        ;        ; 10.848 ;
; SW[1]      ; LEDG[7]     ; 12.638 ;        ;        ; 12.638 ;
; SW[2]      ; HEX0[0]     ; 10.205 ; 10.205 ; 10.205 ; 10.205 ;
; SW[2]      ; HEX0[1]     ; 10.232 ; 10.232 ; 10.232 ; 10.232 ;
; SW[2]      ; HEX0[2]     ; 10.229 ; 10.229 ; 10.229 ; 10.229 ;
; SW[2]      ; HEX0[3]     ; 10.221 ; 10.221 ; 10.221 ; 10.221 ;
; SW[2]      ; HEX0[4]     ; 9.896  ; 9.896  ; 9.896  ; 9.896  ;
; SW[2]      ; HEX0[5]     ; 9.889  ; 9.889  ; 9.889  ; 9.889  ;
; SW[2]      ; HEX0[6]     ; 9.898  ; 9.898  ; 9.898  ; 9.898  ;
; SW[2]      ; HEX1[0]     ; 9.403  ; 9.403  ; 9.403  ; 9.403  ;
; SW[2]      ; HEX1[3]     ; 9.714  ; 9.714  ; 9.714  ; 9.714  ;
; SW[2]      ; HEX1[4]     ; 9.724  ; 9.724  ; 9.724  ; 9.724  ;
; SW[2]      ; HEX1[5]     ; 9.757  ; 9.757  ; 9.757  ; 9.757  ;
; SW[2]      ; HEX2[0]     ; 7.791  ; 7.791  ; 7.791  ; 7.791  ;
; SW[2]      ; HEX2[1]     ; 7.785  ;        ;        ; 7.785  ;
; SW[2]      ; HEX2[2]     ;        ; 7.828  ; 7.828  ;        ;
; SW[2]      ; HEX2[3]     ; 7.818  ; 7.818  ; 7.818  ; 7.818  ;
; SW[2]      ; HEX2[4]     ; 8.122  ;        ;        ; 8.122  ;
; SW[2]      ; HEX2[5]     ;        ; 8.127  ; 8.127  ;        ;
; SW[2]      ; HEX2[6]     ; 8.402  ; 8.402  ; 8.402  ; 8.402  ;
; SW[2]      ; LEDG[2]     ; 12.934 ; 12.934 ; 12.934 ; 12.934 ;
; SW[2]      ; LEDG[3]     ; 13.210 ; 13.210 ; 13.210 ; 13.210 ;
; SW[2]      ; LEDG[4]     ; 10.815 ;        ;        ; 10.815 ;
; SW[2]      ; LEDG[7]     ; 12.558 ;        ;        ; 12.558 ;
; SW[3]      ; HEX0[0]     ; 8.898  ; 8.898  ; 8.898  ; 8.898  ;
; SW[3]      ; HEX0[1]     ; 8.925  ; 8.925  ; 8.925  ; 8.925  ;
; SW[3]      ; HEX0[2]     ; 8.922  ; 8.922  ; 8.922  ; 8.922  ;
; SW[3]      ; HEX0[3]     ; 8.914  ; 8.914  ; 8.914  ; 8.914  ;
; SW[3]      ; HEX0[4]     ; 8.589  ; 8.589  ; 8.589  ; 8.589  ;
; SW[3]      ; HEX0[5]     ; 8.582  ; 8.582  ; 8.582  ; 8.582  ;
; SW[3]      ; HEX0[6]     ; 8.591  ; 8.591  ; 8.591  ; 8.591  ;
; SW[3]      ; HEX1[0]     ; 8.095  ; 8.095  ; 8.095  ; 8.095  ;
; SW[3]      ; HEX1[3]     ; 8.406  ; 8.406  ; 8.406  ; 8.406  ;
; SW[3]      ; HEX1[4]     ; 8.416  ; 8.416  ; 8.416  ; 8.416  ;
; SW[3]      ; HEX1[5]     ; 8.449  ; 8.449  ; 8.449  ; 8.449  ;
; SW[3]      ; HEX2[0]     ;        ; 7.497  ; 7.497  ;        ;
; SW[3]      ; HEX2[1]     ;        ; 7.489  ; 7.489  ;        ;
; SW[3]      ; HEX2[2]     ;        ; 7.526  ; 7.526  ;        ;
; SW[3]      ; HEX2[5]     ;        ; 7.828  ; 7.828  ;        ;
; SW[3]      ; HEX2[6]     ;        ; 8.172  ; 8.172  ;        ;
; SW[3]      ; LEDG[3]     ; 11.755 ; 11.755 ; 11.755 ; 11.755 ;
; SW[3]      ; LEDG[4]     ; 9.357  ;        ;        ; 9.357  ;
; SW[3]      ; LEDG[7]     ; 12.348 ;        ;        ; 12.348 ;
; SW[4]      ; HEX0[0]     ; 9.127  ; 9.127  ; 9.127  ; 9.127  ;
; SW[4]      ; HEX0[1]     ; 9.161  ; 9.161  ; 9.161  ; 9.161  ;
; SW[4]      ; HEX0[2]     ; 9.049  ; 9.049  ; 9.049  ; 9.049  ;
; SW[4]      ; HEX0[3]     ; 9.148  ; 9.148  ; 9.148  ; 9.148  ;
; SW[4]      ; HEX0[4]     ; 8.829  ; 8.829  ; 8.829  ; 8.829  ;
; SW[4]      ; HEX0[5]     ; 8.826  ; 8.826  ; 8.826  ; 8.826  ;
; SW[4]      ; HEX0[6]     ; 8.829  ; 8.829  ; 8.829  ; 8.829  ;
; SW[4]      ; HEX1[0]     ; 9.707  ; 9.707  ; 9.707  ; 9.707  ;
; SW[4]      ; HEX1[3]     ; 10.018 ; 10.018 ; 10.018 ; 10.018 ;
; SW[4]      ; HEX1[4]     ; 10.028 ; 10.028 ; 10.028 ; 10.028 ;
; SW[4]      ; HEX1[5]     ; 10.061 ; 10.061 ; 10.061 ; 10.061 ;
; SW[4]      ; HEX3[0]     ; 8.049  ; 8.049  ; 8.049  ; 8.049  ;
; SW[4]      ; HEX3[1]     ; 8.215  ; 8.215  ; 8.215  ; 8.215  ;
; SW[4]      ; HEX3[2]     ;        ; 8.166  ; 8.166  ;        ;
; SW[4]      ; HEX3[3]     ; 7.355  ; 7.355  ; 7.355  ; 7.355  ;
; SW[4]      ; HEX3[4]     ; 7.691  ;        ;        ; 7.691  ;
; SW[4]      ; HEX3[5]     ; 7.728  ;        ;        ; 7.728  ;
; SW[4]      ; HEX3[6]     ; 8.082  ;        ;        ; 8.082  ;
; SW[4]      ; LEDG[0]     ; 11.365 ; 11.365 ; 11.365 ; 11.365 ;
; SW[4]      ; LEDG[1]     ; 10.511 ; 10.511 ; 10.511 ; 10.511 ;
; SW[4]      ; LEDG[2]     ; 13.399 ; 13.399 ; 13.399 ; 13.399 ;
; SW[4]      ; LEDG[3]     ; 14.480 ; 14.480 ; 14.480 ; 14.480 ;
; SW[4]      ; LEDG[4]     ; 12.082 ;        ;        ; 12.082 ;
; SW[5]      ; HEX0[0]     ; 9.037  ; 9.037  ; 9.037  ; 9.037  ;
; SW[5]      ; HEX0[1]     ; 9.064  ; 9.064  ; 9.064  ; 9.064  ;
; SW[5]      ; HEX0[2]     ; 9.061  ; 9.061  ; 9.061  ; 9.061  ;
; SW[5]      ; HEX0[3]     ; 9.053  ; 9.053  ; 9.053  ; 9.053  ;
; SW[5]      ; HEX0[4]     ; 8.728  ; 8.728  ; 8.728  ; 8.728  ;
; SW[5]      ; HEX0[5]     ; 8.721  ; 8.721  ; 8.721  ; 8.721  ;
; SW[5]      ; HEX0[6]     ; 8.730  ; 8.730  ; 8.730  ; 8.730  ;
; SW[5]      ; HEX1[0]     ; 8.235  ; 8.235  ; 8.235  ; 8.235  ;
; SW[5]      ; HEX1[3]     ; 8.546  ; 8.546  ; 8.546  ; 8.546  ;
; SW[5]      ; HEX1[4]     ; 8.556  ; 8.556  ; 8.556  ; 8.556  ;
; SW[5]      ; HEX1[5]     ; 8.589  ; 8.589  ; 8.589  ; 8.589  ;
; SW[5]      ; HEX3[0]     ;        ; 7.802  ; 7.802  ;        ;
; SW[5]      ; HEX3[1]     ; 7.994  ; 7.994  ; 7.994  ; 7.994  ;
; SW[5]      ; HEX3[2]     ; 7.996  ;        ;        ; 7.996  ;
; SW[5]      ; HEX3[3]     ; 7.107  ; 7.107  ; 7.107  ; 7.107  ;
; SW[5]      ; HEX3[4]     ;        ; 7.434  ; 7.434  ;        ;
; SW[5]      ; HEX3[5]     ; 7.480  ;        ;        ; 7.480  ;
; SW[5]      ; HEX3[6]     ; 7.839  ; 7.839  ; 7.839  ; 7.839  ;
; SW[5]      ; LEDG[1]     ; 9.436  ; 9.436  ; 9.436  ; 9.436  ;
; SW[5]      ; LEDG[2]     ; 11.766 ; 11.766 ; 11.766 ; 11.766 ;
; SW[5]      ; LEDG[3]     ; 12.847 ; 12.847 ; 12.847 ; 12.847 ;
; SW[5]      ; LEDG[4]     ; 10.449 ;        ;        ; 10.449 ;
; SW[5]      ; LEDG[7]     ; 13.039 ;        ;        ; 13.039 ;
; SW[6]      ; HEX0[0]     ; 9.783  ; 9.783  ; 9.783  ; 9.783  ;
; SW[6]      ; HEX0[1]     ; 9.810  ; 9.810  ; 9.810  ; 9.810  ;
; SW[6]      ; HEX0[2]     ; 9.807  ; 9.807  ; 9.807  ; 9.807  ;
; SW[6]      ; HEX0[3]     ; 9.799  ; 9.799  ; 9.799  ; 9.799  ;
; SW[6]      ; HEX0[4]     ; 9.474  ; 9.474  ; 9.474  ; 9.474  ;
; SW[6]      ; HEX0[5]     ; 9.467  ; 9.467  ; 9.467  ; 9.467  ;
; SW[6]      ; HEX0[6]     ; 9.476  ; 9.476  ; 9.476  ; 9.476  ;
; SW[6]      ; HEX1[0]     ; 8.981  ; 8.981  ; 8.981  ; 8.981  ;
; SW[6]      ; HEX1[3]     ; 9.292  ; 9.292  ; 9.292  ; 9.292  ;
; SW[6]      ; HEX1[4]     ; 9.302  ; 9.302  ; 9.302  ; 9.302  ;
; SW[6]      ; HEX1[5]     ; 9.335  ; 9.335  ; 9.335  ; 9.335  ;
; SW[6]      ; HEX3[0]     ; 7.486  ; 7.486  ; 7.486  ; 7.486  ;
; SW[6]      ; HEX3[1]     ; 7.680  ;        ;        ; 7.680  ;
; SW[6]      ; HEX3[2]     ;        ; 7.681  ; 7.681  ;        ;
; SW[6]      ; HEX3[3]     ; 6.792  ; 6.792  ; 6.792  ; 6.792  ;
; SW[6]      ; HEX3[4]     ; 7.120  ;        ;        ; 7.120  ;
; SW[6]      ; HEX3[5]     ;        ; 7.164  ; 7.164  ;        ;
; SW[6]      ; HEX3[6]     ; 7.524  ; 7.524  ; 7.524  ; 7.524  ;
; SW[6]      ; LEDG[2]     ; 12.512 ; 12.512 ; 12.512 ; 12.512 ;
; SW[6]      ; LEDG[3]     ; 12.774 ; 12.774 ; 12.774 ; 12.774 ;
; SW[6]      ; LEDG[4]     ; 10.379 ;        ;        ; 10.379 ;
; SW[6]      ; LEDG[7]     ; 12.935 ;        ;        ; 12.935 ;
; SW[7]      ; HEX0[0]     ; 7.928  ; 7.928  ; 7.928  ; 7.928  ;
; SW[7]      ; HEX0[1]     ; 7.955  ; 7.955  ; 7.955  ; 7.955  ;
; SW[7]      ; HEX0[2]     ; 7.952  ; 7.952  ; 7.952  ; 7.952  ;
; SW[7]      ; HEX0[3]     ; 7.944  ; 7.944  ; 7.944  ; 7.944  ;
; SW[7]      ; HEX0[4]     ; 7.619  ; 7.619  ; 7.619  ; 7.619  ;
; SW[7]      ; HEX0[5]     ; 7.612  ; 7.612  ; 7.612  ; 7.612  ;
; SW[7]      ; HEX0[6]     ; 7.621  ; 7.621  ; 7.621  ; 7.621  ;
; SW[7]      ; HEX1[0]     ; 7.125  ; 7.125  ; 7.125  ; 7.125  ;
; SW[7]      ; HEX1[3]     ; 7.436  ; 7.436  ; 7.436  ; 7.436  ;
; SW[7]      ; HEX1[4]     ; 7.446  ; 7.446  ; 7.446  ; 7.446  ;
; SW[7]      ; HEX1[5]     ; 7.479  ; 7.479  ; 7.479  ; 7.479  ;
; SW[7]      ; HEX3[0]     ;        ; 6.668  ; 6.668  ;        ;
; SW[7]      ; HEX3[1]     ;        ; 6.827  ; 6.827  ;        ;
; SW[7]      ; HEX3[2]     ;        ; 6.859  ; 6.859  ;        ;
; SW[7]      ; HEX3[5]     ;        ; 6.349  ; 6.349  ;        ;
; SW[7]      ; HEX3[6]     ;        ; 6.737  ; 6.737  ;        ;
; SW[7]      ; LEDG[3]     ; 10.785 ; 10.785 ; 10.785 ; 10.785 ;
; SW[7]      ; LEDG[4]     ; 8.384  ;        ;        ; 8.384  ;
; SW[7]      ; LEDG[7]     ; 12.000 ;        ;        ; 12.000 ;
; SW[8]      ; HEX0[0]     ; 7.754  ; 7.754  ; 7.754  ; 7.754  ;
; SW[8]      ; HEX0[1]     ; 7.788  ; 7.788  ; 7.788  ; 7.788  ;
; SW[8]      ; HEX0[2]     ; 7.676  ; 7.676  ; 7.676  ; 7.676  ;
; SW[8]      ; HEX0[3]     ; 7.775  ; 7.775  ; 7.775  ; 7.775  ;
; SW[8]      ; HEX0[4]     ; 7.456  ; 7.456  ; 7.456  ; 7.456  ;
; SW[8]      ; HEX0[5]     ; 7.453  ; 7.453  ; 7.453  ; 7.453  ;
; SW[8]      ; HEX0[6]     ; 7.456  ; 7.456  ; 7.456  ; 7.456  ;
; SW[8]      ; HEX1[0]     ; 8.340  ; 8.340  ; 8.340  ; 8.340  ;
; SW[8]      ; HEX1[3]     ; 8.651  ; 8.651  ; 8.651  ; 8.651  ;
; SW[8]      ; HEX1[4]     ; 8.661  ; 8.661  ; 8.661  ; 8.661  ;
; SW[8]      ; HEX1[5]     ; 8.694  ; 8.694  ; 8.694  ; 8.694  ;
; SW[8]      ; LEDG[0]     ; 9.992  ; 9.992  ; 9.992  ; 9.992  ;
; SW[8]      ; LEDG[1]     ; 9.144  ; 9.144  ; 9.144  ; 9.144  ;
; SW[8]      ; LEDG[2]     ; 12.032 ; 12.032 ; 12.032 ; 12.032 ;
; SW[8]      ; LEDG[3]     ; 13.113 ; 13.113 ; 13.113 ; 13.113 ;
; SW[8]      ; LEDG[4]     ; 10.715 ;        ;        ; 10.715 ;
+------------+-------------+--------+--------+--------+--------+


----------------------------
; Fast Model Setup Summary ;
----------------------------
No paths to report.


---------------------------
; Fast Model Hold Summary ;
---------------------------
No paths to report.


-------------------------------
; Fast Model Recovery Summary ;
-------------------------------
No paths to report.


------------------------------
; Fast Model Removal Summary ;
------------------------------
No paths to report.


------------------------------------------
; Fast Model Minimum Pulse Width Summary ;
------------------------------------------
No paths to report.


+----------------------------------------------------------+
; Propagation Delay                                        ;
+------------+-------------+-------+-------+-------+-------+
; Input Port ; Output Port ; RR    ; RF    ; FR    ; FF    ;
+------------+-------------+-------+-------+-------+-------+
; SW[0]      ; HEX0[0]     ; 5.150 ; 5.150 ; 5.150 ; 5.150 ;
; SW[0]      ; HEX0[1]     ; 5.179 ; 5.179 ; 5.179 ; 5.179 ;
; SW[0]      ; HEX0[2]     ; 5.173 ; 5.173 ; 5.173 ; 5.173 ;
; SW[0]      ; HEX0[3]     ; 5.098 ; 5.098 ; 5.098 ; 5.098 ;
; SW[0]      ; HEX0[4]     ; 4.988 ; 4.930 ; 4.930 ; 4.988 ;
; SW[0]      ; HEX0[5]     ; 5.056 ; 5.056 ; 5.056 ; 5.056 ;
; SW[0]      ; HEX0[6]     ; 5.058 ; 5.058 ; 5.058 ; 5.058 ;
; SW[0]      ; HEX1[0]     ; 4.757 ; 4.692 ; 4.692 ; 4.757 ;
; SW[0]      ; HEX1[3]     ; 4.856 ; 4.791 ; 4.791 ; 4.856 ;
; SW[0]      ; HEX1[4]     ; 4.866 ; 4.801 ; 4.801 ; 4.866 ;
; SW[0]      ; HEX1[5]     ; 4.898 ; 4.833 ; 4.833 ; 4.898 ;
; SW[0]      ; HEX2[0]     ; 3.722 ; 3.722 ; 3.722 ; 3.722 ;
; SW[0]      ; HEX2[1]     ; 3.718 ; 3.718 ; 3.718 ; 3.718 ;
; SW[0]      ; HEX2[2]     ;       ; 3.765 ; 3.765 ;       ;
; SW[0]      ; HEX2[3]     ; 3.754 ; 3.754 ; 3.754 ; 3.754 ;
; SW[0]      ; HEX2[4]     ; 3.855 ;       ;       ; 3.855 ;
; SW[0]      ; HEX2[5]     ; 3.858 ;       ;       ; 3.858 ;
; SW[0]      ; HEX2[6]     ; 3.970 ;       ;       ; 3.970 ;
; SW[0]      ; LEDG[0]     ; 5.072 ; 5.072 ; 5.072 ; 5.072 ;
; SW[0]      ; LEDG[1]     ; 4.795 ; 4.795 ; 4.795 ; 4.795 ;
; SW[0]      ; LEDG[2]     ; 5.712 ; 5.712 ; 5.712 ; 5.712 ;
; SW[0]      ; LEDG[3]     ; 6.152 ; 6.152 ; 6.152 ; 6.152 ;
; SW[0]      ; LEDG[4]     ; 5.395 ;       ;       ; 5.395 ;
; SW[1]      ; HEX0[0]     ; 4.730 ; 4.730 ; 4.730 ; 4.730 ;
; SW[1]      ; HEX0[1]     ; 4.759 ; 4.759 ; 4.759 ; 4.759 ;
; SW[1]      ; HEX0[2]     ; 4.753 ; 4.753 ; 4.753 ; 4.753 ;
; SW[1]      ; HEX0[3]     ; 4.678 ; 4.678 ; 4.678 ; 4.678 ;
; SW[1]      ; HEX0[4]     ; 4.568 ; 4.510 ; 4.510 ; 4.568 ;
; SW[1]      ; HEX0[5]     ; 4.636 ; 4.636 ; 4.636 ; 4.636 ;
; SW[1]      ; HEX0[6]     ; 4.638 ; 4.638 ; 4.638 ; 4.638 ;
; SW[1]      ; HEX1[0]     ; 4.337 ; 4.272 ; 4.272 ; 4.337 ;
; SW[1]      ; HEX1[3]     ; 4.436 ; 4.371 ; 4.371 ; 4.436 ;
; SW[1]      ; HEX1[4]     ; 4.446 ; 4.381 ; 4.381 ; 4.446 ;
; SW[1]      ; HEX1[5]     ; 4.478 ; 4.413 ; 4.413 ; 4.478 ;
; SW[1]      ; HEX2[0]     ;       ; 3.663 ; 3.663 ;       ;
; SW[1]      ; HEX2[1]     ; 3.664 ; 3.664 ; 3.664 ; 3.664 ;
; SW[1]      ; HEX2[2]     ; 3.719 ;       ;       ; 3.719 ;
; SW[1]      ; HEX2[3]     ; 3.703 ; 3.703 ; 3.703 ; 3.703 ;
; SW[1]      ; HEX2[4]     ;       ; 3.805 ; 3.805 ;       ;
; SW[1]      ; HEX2[5]     ; 3.789 ;       ;       ; 3.789 ;
; SW[1]      ; HEX2[6]     ; 3.916 ; 3.916 ; 3.916 ; 3.916 ;
; SW[1]      ; LEDG[1]     ; 4.487 ; 4.487 ; 4.487 ; 4.487 ;
; SW[1]      ; LEDG[2]     ; 5.302 ; 5.302 ; 5.302 ; 5.302 ;
; SW[1]      ; LEDG[3]     ; 5.732 ; 5.732 ; 5.732 ; 5.732 ;
; SW[1]      ; LEDG[4]     ; 4.975 ;       ;       ; 4.975 ;
; SW[1]      ; LEDG[7]     ; 5.572 ;       ;       ; 5.572 ;
; SW[2]      ; HEX0[0]     ; 5.013 ; 5.013 ; 5.013 ; 5.013 ;
; SW[2]      ; HEX0[1]     ; 5.042 ; 5.042 ; 5.042 ; 5.042 ;
; SW[2]      ; HEX0[2]     ; 5.036 ; 5.036 ; 5.036 ; 5.036 ;
; SW[2]      ; HEX0[3]     ; 4.961 ; 4.961 ; 4.961 ; 4.961 ;
; SW[2]      ; HEX0[4]     ; 4.851 ; 4.793 ; 4.793 ; 4.851 ;
; SW[2]      ; HEX0[5]     ; 4.919 ; 4.919 ; 4.919 ; 4.919 ;
; SW[2]      ; HEX0[6]     ; 4.921 ; 4.921 ; 4.921 ; 4.921 ;
; SW[2]      ; HEX1[0]     ; 4.620 ; 4.555 ; 4.555 ; 4.620 ;
; SW[2]      ; HEX1[3]     ; 4.719 ; 4.654 ; 4.654 ; 4.719 ;
; SW[2]      ; HEX1[4]     ; 4.729 ; 4.664 ; 4.664 ; 4.729 ;
; SW[2]      ; HEX1[5]     ; 4.761 ; 4.696 ; 4.696 ; 4.761 ;
; SW[2]      ; HEX2[0]     ; 3.634 ; 3.634 ; 3.634 ; 3.634 ;
; SW[2]      ; HEX2[1]     ; 3.631 ;       ;       ; 3.631 ;
; SW[2]      ; HEX2[2]     ;       ; 3.673 ; 3.673 ;       ;
; SW[2]      ; HEX2[3]     ; 3.664 ; 3.664 ; 3.664 ; 3.664 ;
; SW[2]      ; HEX2[4]     ; 3.764 ;       ;       ; 3.764 ;
; SW[2]      ; HEX2[5]     ;       ; 3.766 ; 3.766 ;       ;
; SW[2]      ; HEX2[6]     ; 3.876 ; 3.876 ; 3.876 ; 3.876 ;
; SW[2]      ; LEDG[2]     ; 5.561 ; 5.561 ; 5.561 ; 5.561 ;
; SW[2]      ; LEDG[3]     ; 6.015 ; 6.015 ; 6.015 ; 6.015 ;
; SW[2]      ; LEDG[4]     ; 5.258 ;       ;       ; 5.258 ;
; SW[2]      ; LEDG[7]     ; 5.550 ;       ;       ; 5.550 ;
; SW[3]      ; HEX0[0]     ; 4.161 ; 4.161 ; 4.161 ; 4.161 ;
; SW[3]      ; HEX0[1]     ; 4.190 ; 4.190 ; 4.190 ; 4.190 ;
; SW[3]      ; HEX0[2]     ; 4.184 ; 4.184 ; 4.184 ; 4.184 ;
; SW[3]      ; HEX0[3]     ; 4.109 ; 4.109 ; 4.109 ; 4.109 ;
; SW[3]      ; HEX0[4]     ; 3.999 ; 3.941 ; 3.941 ; 3.999 ;
; SW[3]      ; HEX0[5]     ; 4.067 ; 4.067 ; 4.067 ; 4.067 ;
; SW[3]      ; HEX0[6]     ; 4.069 ; 4.069 ; 4.069 ; 4.069 ;
; SW[3]      ; HEX1[0]     ; 3.768 ; 3.703 ; 3.703 ; 3.768 ;
; SW[3]      ; HEX1[3]     ; 3.867 ; 3.802 ; 3.802 ; 3.867 ;
; SW[3]      ; HEX1[4]     ; 3.877 ; 3.812 ; 3.812 ; 3.877 ;
; SW[3]      ; HEX1[5]     ; 3.909 ; 3.844 ; 3.844 ; 3.909 ;
; SW[3]      ; HEX2[0]     ;       ; 3.496 ; 3.496 ;       ;
; SW[3]      ; HEX2[1]     ;       ; 3.497 ; 3.497 ;       ;
; SW[3]      ; HEX2[2]     ;       ; 3.535 ; 3.535 ;       ;
; SW[3]      ; HEX2[5]     ;       ; 3.621 ; 3.621 ;       ;
; SW[3]      ; HEX2[6]     ;       ; 3.744 ; 3.744 ;       ;
; SW[3]      ; LEDG[3]     ; 5.163 ; 5.163 ; 5.163 ; 5.163 ;
; SW[3]      ; LEDG[4]     ; 4.406 ;       ;       ; 4.406 ;
; SW[3]      ; LEDG[7]     ; 5.407 ;       ;       ; 5.407 ;
; SW[4]      ; HEX0[0]     ; 5.139 ; 5.139 ; 5.139 ; 5.139 ;
; SW[4]      ; HEX0[1]     ; 5.168 ; 5.168 ; 5.168 ; 5.168 ;
; SW[4]      ; HEX0[2]     ; 5.162 ; 5.162 ; 5.162 ; 5.162 ;
; SW[4]      ; HEX0[3]     ; 5.087 ; 5.087 ; 5.087 ; 5.087 ;
; SW[4]      ; HEX0[4]     ; 4.977 ; 4.919 ; 4.919 ; 4.977 ;
; SW[4]      ; HEX0[5]     ; 5.045 ; 5.045 ; 5.045 ; 5.045 ;
; SW[4]      ; HEX0[6]     ; 5.047 ; 5.047 ; 5.047 ; 5.047 ;
; SW[4]      ; HEX1[0]     ; 4.746 ; 4.681 ; 4.681 ; 4.746 ;
; SW[4]      ; HEX1[3]     ; 4.845 ; 4.780 ; 4.780 ; 4.845 ;
; SW[4]      ; HEX1[4]     ; 4.855 ; 4.790 ; 4.790 ; 4.855 ;
; SW[4]      ; HEX1[5]     ; 4.887 ; 4.822 ; 4.822 ; 4.887 ;
; SW[4]      ; HEX3[0]     ; 3.701 ; 3.701 ; 3.701 ; 3.701 ;
; SW[4]      ; HEX3[1]     ; 3.856 ; 3.856 ; 3.856 ; 3.856 ;
; SW[4]      ; HEX3[2]     ;       ; 3.868 ; 3.868 ;       ;
; SW[4]      ; HEX3[3]     ; 3.429 ; 3.429 ; 3.429 ; 3.429 ;
; SW[4]      ; HEX3[4]     ; 3.548 ;       ;       ; 3.548 ;
; SW[4]      ; HEX3[5]     ; 3.592 ;       ;       ; 3.592 ;
; SW[4]      ; HEX3[6]     ; 3.740 ;       ;       ; 3.740 ;
; SW[4]      ; LEDG[0]     ; 5.061 ; 5.061 ; 5.061 ; 5.061 ;
; SW[4]      ; LEDG[1]     ; 4.784 ; 4.784 ; 4.784 ; 4.784 ;
; SW[4]      ; LEDG[2]     ; 5.701 ; 5.701 ; 5.701 ; 5.701 ;
; SW[4]      ; LEDG[3]     ; 6.141 ; 6.141 ; 6.141 ; 6.141 ;
; SW[4]      ; LEDG[4]     ; 5.384 ;       ;       ; 5.384 ;
; SW[5]      ; HEX0[0]     ; 4.622 ; 4.622 ; 4.622 ; 4.622 ;
; SW[5]      ; HEX0[1]     ; 4.651 ; 4.651 ; 4.651 ; 4.651 ;
; SW[5]      ; HEX0[2]     ; 4.645 ; 4.645 ; 4.645 ; 4.645 ;
; SW[5]      ; HEX0[3]     ; 4.570 ; 4.570 ; 4.570 ; 4.570 ;
; SW[5]      ; HEX0[4]     ; 4.460 ; 4.402 ; 4.402 ; 4.460 ;
; SW[5]      ; HEX0[5]     ; 4.528 ; 4.528 ; 4.528 ; 4.528 ;
; SW[5]      ; HEX0[6]     ; 4.530 ; 4.530 ; 4.530 ; 4.530 ;
; SW[5]      ; HEX1[0]     ; 4.229 ; 4.164 ; 4.164 ; 4.229 ;
; SW[5]      ; HEX1[3]     ; 4.328 ; 4.263 ; 4.263 ; 4.328 ;
; SW[5]      ; HEX1[4]     ; 4.338 ; 4.273 ; 4.273 ; 4.338 ;
; SW[5]      ; HEX1[5]     ; 4.370 ; 4.305 ; 4.305 ; 4.370 ;
; SW[5]      ; HEX3[0]     ;       ; 3.640 ; 3.640 ;       ;
; SW[5]      ; HEX3[1]     ; 3.786 ; 3.786 ; 3.786 ; 3.786 ;
; SW[5]      ; HEX3[2]     ; 3.817 ;       ;       ; 3.817 ;
; SW[5]      ; HEX3[3]     ; 3.366 ; 3.366 ; 3.366 ; 3.366 ;
; SW[5]      ; HEX3[4]     ;       ; 3.479 ; 3.479 ;       ;
; SW[5]      ; HEX3[5]     ; 3.528 ;       ;       ; 3.528 ;
; SW[5]      ; HEX3[6]     ; 3.676 ; 3.676 ; 3.676 ; 3.676 ;
; SW[5]      ; LEDG[1]     ; 4.434 ; 4.434 ; 4.434 ; 4.434 ;
; SW[5]      ; LEDG[2]     ; 5.186 ; 5.186 ; 5.186 ; 5.186 ;
; SW[5]      ; LEDG[3]     ; 5.624 ; 5.624 ; 5.624 ; 5.624 ;
; SW[5]      ; LEDG[4]     ; 4.867 ;       ;       ; 4.867 ;
; SW[5]      ; LEDG[7]     ; 5.736 ;       ;       ; 5.736 ;
; SW[6]      ; HEX0[0]     ; 4.794 ; 4.794 ; 4.794 ; 4.794 ;
; SW[6]      ; HEX0[1]     ; 4.823 ; 4.823 ; 4.823 ; 4.823 ;
; SW[6]      ; HEX0[2]     ; 4.817 ; 4.817 ; 4.817 ; 4.817 ;
; SW[6]      ; HEX0[3]     ; 4.742 ; 4.742 ; 4.742 ; 4.742 ;
; SW[6]      ; HEX0[4]     ; 4.632 ; 4.574 ; 4.574 ; 4.632 ;
; SW[6]      ; HEX0[5]     ; 4.700 ; 4.700 ; 4.700 ; 4.700 ;
; SW[6]      ; HEX0[6]     ; 4.702 ; 4.702 ; 4.702 ; 4.702 ;
; SW[6]      ; HEX1[0]     ; 4.401 ; 4.336 ; 4.336 ; 4.401 ;
; SW[6]      ; HEX1[3]     ; 4.500 ; 4.435 ; 4.435 ; 4.500 ;
; SW[6]      ; HEX1[4]     ; 4.510 ; 4.445 ; 4.445 ; 4.510 ;
; SW[6]      ; HEX1[5]     ; 4.542 ; 4.477 ; 4.477 ; 4.542 ;
; SW[6]      ; HEX3[0]     ; 3.473 ; 3.473 ; 3.473 ; 3.473 ;
; SW[6]      ; HEX3[1]     ; 3.620 ;       ;       ; 3.620 ;
; SW[6]      ; HEX3[2]     ;       ; 3.624 ; 3.624 ;       ;
; SW[6]      ; HEX3[3]     ; 3.200 ; 3.200 ; 3.200 ; 3.200 ;
; SW[6]      ; HEX3[4]     ; 3.313 ;       ;       ; 3.313 ;
; SW[6]      ; HEX3[5]     ;       ; 3.358 ; 3.358 ;       ;
; SW[6]      ; HEX3[6]     ; 3.508 ; 3.508 ; 3.508 ; 3.508 ;
; SW[6]      ; LEDG[2]     ; 5.356 ; 5.356 ; 5.356 ; 5.356 ;
; SW[6]      ; LEDG[3]     ; 5.796 ; 5.796 ; 5.796 ; 5.796 ;
; SW[6]      ; LEDG[4]     ; 5.039 ;       ;       ; 5.039 ;
; SW[6]      ; LEDG[7]     ; 5.616 ;       ;       ; 5.616 ;
; SW[7]      ; HEX0[0]     ; 3.743 ; 3.743 ; 3.743 ; 3.743 ;
; SW[7]      ; HEX0[1]     ; 3.772 ; 3.772 ; 3.772 ; 3.772 ;
; SW[7]      ; HEX0[2]     ; 3.766 ; 3.766 ; 3.766 ; 3.766 ;
; SW[7]      ; HEX0[3]     ; 3.691 ; 3.691 ; 3.691 ; 3.691 ;
; SW[7]      ; HEX0[4]     ; 3.581 ; 3.523 ; 3.523 ; 3.581 ;
; SW[7]      ; HEX0[5]     ; 3.649 ; 3.649 ; 3.649 ; 3.649 ;
; SW[7]      ; HEX0[6]     ; 3.651 ; 3.651 ; 3.651 ; 3.651 ;
; SW[7]      ; HEX1[0]     ; 3.350 ; 3.285 ; 3.285 ; 3.350 ;
; SW[7]      ; HEX1[3]     ; 3.449 ; 3.384 ; 3.384 ; 3.449 ;
; SW[7]      ; HEX1[4]     ; 3.459 ; 3.394 ; 3.394 ; 3.459 ;
; SW[7]      ; HEX1[5]     ; 3.491 ; 3.426 ; 3.426 ; 3.491 ;
; SW[7]      ; HEX3[0]     ;       ; 3.125 ; 3.125 ;       ;
; SW[7]      ; HEX3[1]     ;       ; 3.274 ; 3.274 ;       ;
; SW[7]      ; HEX3[2]     ;       ; 3.284 ; 3.284 ;       ;
; SW[7]      ; HEX3[5]     ;       ; 3.013 ; 3.013 ;       ;
; SW[7]      ; HEX3[6]     ;       ; 3.162 ; 3.162 ;       ;
; SW[7]      ; LEDG[3]     ; 4.745 ; 4.745 ; 4.745 ; 4.745 ;
; SW[7]      ; LEDG[4]     ; 3.988 ;       ;       ; 3.988 ;
; SW[7]      ; LEDG[7]     ; 5.220 ;       ;       ; 5.220 ;
; SW[8]      ; HEX0[0]     ; 4.539 ; 4.539 ; 4.539 ; 4.539 ;
; SW[8]      ; HEX0[1]     ; 4.568 ; 4.568 ; 4.568 ; 4.568 ;
; SW[8]      ; HEX0[2]     ; 4.562 ; 4.562 ; 4.562 ; 4.562 ;
; SW[8]      ; HEX0[3]     ; 4.487 ; 4.487 ; 4.487 ; 4.487 ;
; SW[8]      ; HEX0[4]     ; 4.377 ; 4.319 ; 4.319 ; 4.377 ;
; SW[8]      ; HEX0[5]     ; 4.445 ; 4.445 ; 4.445 ; 4.445 ;
; SW[8]      ; HEX0[6]     ; 4.447 ; 4.447 ; 4.447 ; 4.447 ;
; SW[8]      ; HEX1[0]     ; 4.146 ; 4.081 ; 4.081 ; 4.146 ;
; SW[8]      ; HEX1[3]     ; 4.245 ; 4.180 ; 4.180 ; 4.245 ;
; SW[8]      ; HEX1[4]     ; 4.255 ; 4.190 ; 4.190 ; 4.255 ;
; SW[8]      ; HEX1[5]     ; 4.287 ; 4.222 ; 4.222 ; 4.287 ;
; SW[8]      ; LEDG[0]     ; 4.458 ; 4.458 ; 4.458 ; 4.458 ;
; SW[8]      ; LEDG[1]     ; 4.184 ; 4.184 ; 4.184 ; 4.184 ;
; SW[8]      ; LEDG[2]     ; 5.101 ; 5.101 ; 5.101 ; 5.101 ;
; SW[8]      ; LEDG[3]     ; 5.541 ; 5.541 ; 5.541 ; 5.541 ;
; SW[8]      ; LEDG[4]     ; 4.784 ;       ;       ; 4.784 ;
+------------+-------------+-------+-------+-------+-------+


+----------------------------------------------------------+
; Minimum Propagation Delay                                ;
+------------+-------------+-------+-------+-------+-------+
; Input Port ; Output Port ; RR    ; RF    ; FR    ; FF    ;
+------------+-------------+-------+-------+-------+-------+
; SW[0]      ; HEX0[0]     ; 4.082 ; 4.082 ; 4.082 ; 4.082 ;
; SW[0]      ; HEX0[1]     ; 4.114 ; 4.114 ; 4.114 ; 4.114 ;
; SW[0]      ; HEX0[2]     ; 4.103 ; 4.103 ; 4.103 ; 4.103 ;
; SW[0]      ; HEX0[3]     ; 4.105 ; 4.105 ; 4.105 ; 4.105 ;
; SW[0]      ; HEX0[4]     ; 3.994 ; 3.994 ; 3.994 ; 3.994 ;
; SW[0]      ; HEX0[5]     ; 3.991 ; 3.991 ; 3.991 ; 3.991 ;
; SW[0]      ; HEX0[6]     ; 3.997 ; 3.997 ; 3.997 ; 3.997 ;
; SW[0]      ; HEX1[0]     ; 4.293 ; 4.293 ; 4.293 ; 4.293 ;
; SW[0]      ; HEX1[3]     ; 4.392 ; 4.392 ; 4.392 ; 4.392 ;
; SW[0]      ; HEX1[4]     ; 4.402 ; 4.402 ; 4.402 ; 4.402 ;
; SW[0]      ; HEX1[5]     ; 4.434 ; 4.434 ; 4.434 ; 4.434 ;
; SW[0]      ; HEX2[0]     ; 3.722 ; 3.722 ; 3.722 ; 3.722 ;
; SW[0]      ; HEX2[1]     ; 3.718 ; 3.718 ; 3.718 ; 3.718 ;
; SW[0]      ; HEX2[2]     ;       ; 3.765 ; 3.765 ;       ;
; SW[0]      ; HEX2[3]     ; 3.754 ; 3.754 ; 3.754 ; 3.754 ;
; SW[0]      ; HEX2[4]     ; 3.855 ;       ;       ; 3.855 ;
; SW[0]      ; HEX2[5]     ; 3.858 ;       ;       ; 3.858 ;
; SW[0]      ; HEX2[6]     ; 3.970 ;       ;       ; 3.970 ;
; SW[0]      ; LEDG[0]     ; 5.072 ; 5.072 ; 5.072 ; 5.072 ;
; SW[0]      ; LEDG[1]     ; 4.795 ; 4.795 ; 4.795 ; 4.795 ;
; SW[0]      ; LEDG[2]     ; 5.712 ; 5.712 ; 5.712 ; 5.712 ;
; SW[0]      ; LEDG[3]     ; 6.152 ; 6.152 ; 6.152 ; 6.152 ;
; SW[0]      ; LEDG[4]     ; 5.395 ;       ;       ; 5.395 ;
; SW[1]      ; HEX0[0]     ; 4.219 ; 4.219 ; 4.219 ; 4.219 ;
; SW[1]      ; HEX0[1]     ; 4.245 ; 4.245 ; 4.245 ; 4.245 ;
; SW[1]      ; HEX0[2]     ; 4.241 ; 4.241 ; 4.241 ; 4.241 ;
; SW[1]      ; HEX0[3]     ; 4.237 ; 4.237 ; 4.237 ; 4.237 ;
; SW[1]      ; HEX0[4]     ; 4.121 ; 4.121 ; 4.121 ; 4.121 ;
; SW[1]      ; HEX0[5]     ; 4.116 ; 4.116 ; 4.116 ; 4.116 ;
; SW[1]      ; HEX0[6]     ; 4.121 ; 4.121 ; 4.121 ; 4.121 ;
; SW[1]      ; HEX1[0]     ; 3.948 ; 3.948 ; 3.948 ; 3.948 ;
; SW[1]      ; HEX1[3]     ; 4.047 ; 4.047 ; 4.047 ; 4.047 ;
; SW[1]      ; HEX1[4]     ; 4.057 ; 4.057 ; 4.057 ; 4.057 ;
; SW[1]      ; HEX1[5]     ; 4.089 ; 4.089 ; 4.089 ; 4.089 ;
; SW[1]      ; HEX2[0]     ;       ; 3.663 ; 3.663 ;       ;
; SW[1]      ; HEX2[1]     ; 3.664 ; 3.664 ; 3.664 ; 3.664 ;
; SW[1]      ; HEX2[2]     ; 3.719 ;       ;       ; 3.719 ;
; SW[1]      ; HEX2[3]     ; 3.703 ; 3.703 ; 3.703 ; 3.703 ;
; SW[1]      ; HEX2[4]     ;       ; 3.805 ; 3.805 ;       ;
; SW[1]      ; HEX2[5]     ; 3.789 ;       ;       ; 3.789 ;
; SW[1]      ; HEX2[6]     ; 3.916 ; 3.916 ; 3.916 ; 3.916 ;
; SW[1]      ; LEDG[1]     ; 4.487 ; 4.487 ; 4.487 ; 4.487 ;
; SW[1]      ; LEDG[2]     ; 5.302 ; 5.302 ; 5.302 ; 5.302 ;
; SW[1]      ; LEDG[3]     ; 5.732 ; 5.732 ; 5.732 ; 5.732 ;
; SW[1]      ; LEDG[4]     ; 4.975 ;       ;       ; 4.975 ;
; SW[1]      ; LEDG[7]     ; 5.572 ;       ;       ; 5.572 ;
; SW[2]      ; HEX0[0]     ; 4.478 ; 4.478 ; 4.478 ; 4.478 ;
; SW[2]      ; HEX0[1]     ; 4.504 ; 4.504 ; 4.504 ; 4.504 ;
; SW[2]      ; HEX0[2]     ; 4.500 ; 4.500 ; 4.500 ; 4.500 ;
; SW[2]      ; HEX0[3]     ; 4.496 ; 4.496 ; 4.496 ; 4.496 ;
; SW[2]      ; HEX0[4]     ; 4.380 ; 4.380 ; 4.380 ; 4.380 ;
; SW[2]      ; HEX0[5]     ; 4.375 ; 4.375 ; 4.375 ; 4.375 ;
; SW[2]      ; HEX0[6]     ; 4.380 ; 4.380 ; 4.380 ; 4.380 ;
; SW[2]      ; HEX1[0]     ; 4.207 ; 4.207 ; 4.207 ; 4.207 ;
; SW[2]      ; HEX1[3]     ; 4.306 ; 4.306 ; 4.306 ; 4.306 ;
; SW[2]      ; HEX1[4]     ; 4.316 ; 4.316 ; 4.316 ; 4.316 ;
; SW[2]      ; HEX1[5]     ; 4.348 ; 4.348 ; 4.348 ; 4.348 ;
; SW[2]      ; HEX2[0]     ; 3.634 ; 3.634 ; 3.634 ; 3.634 ;
; SW[2]      ; HEX2[1]     ; 3.631 ;       ;       ; 3.631 ;
; SW[2]      ; HEX2[2]     ;       ; 3.673 ; 3.673 ;       ;
; SW[2]      ; HEX2[3]     ; 3.664 ; 3.664 ; 3.664 ; 3.664 ;
; SW[2]      ; HEX2[4]     ; 3.764 ;       ;       ; 3.764 ;
; SW[2]      ; HEX2[5]     ;       ; 3.766 ; 3.766 ;       ;
; SW[2]      ; HEX2[6]     ; 3.876 ; 3.876 ; 3.876 ; 3.876 ;
; SW[2]      ; LEDG[2]     ; 5.561 ; 5.561 ; 5.561 ; 5.561 ;
; SW[2]      ; LEDG[3]     ; 5.724 ; 5.724 ; 5.724 ; 5.724 ;
; SW[2]      ; LEDG[4]     ; 4.967 ;       ;       ; 4.967 ;
; SW[2]      ; LEDG[7]     ; 5.550 ;       ;       ; 5.550 ;
; SW[3]      ; HEX0[0]     ; 3.974 ; 3.974 ; 3.974 ; 3.974 ;
; SW[3]      ; HEX0[1]     ; 4.000 ; 4.000 ; 4.000 ; 4.000 ;
; SW[3]      ; HEX0[2]     ; 3.996 ; 3.996 ; 3.996 ; 3.996 ;
; SW[3]      ; HEX0[3]     ; 3.992 ; 3.992 ; 3.992 ; 3.992 ;
; SW[3]      ; HEX0[4]     ; 3.876 ; 3.876 ; 3.876 ; 3.876 ;
; SW[3]      ; HEX0[5]     ; 3.871 ; 3.871 ; 3.871 ; 3.871 ;
; SW[3]      ; HEX0[6]     ; 3.876 ; 3.876 ; 3.876 ; 3.876 ;
; SW[3]      ; HEX1[0]     ; 3.703 ; 3.703 ; 3.703 ; 3.703 ;
; SW[3]      ; HEX1[3]     ; 3.802 ; 3.802 ; 3.802 ; 3.802 ;
; SW[3]      ; HEX1[4]     ; 3.812 ; 3.812 ; 3.812 ; 3.812 ;
; SW[3]      ; HEX1[5]     ; 3.844 ; 3.844 ; 3.844 ; 3.844 ;
; SW[3]      ; HEX2[0]     ;       ; 3.496 ; 3.496 ;       ;
; SW[3]      ; HEX2[1]     ;       ; 3.497 ; 3.497 ;       ;
; SW[3]      ; HEX2[2]     ;       ; 3.535 ; 3.535 ;       ;
; SW[3]      ; HEX2[5]     ;       ; 3.621 ; 3.621 ;       ;
; SW[3]      ; HEX2[6]     ;       ; 3.744 ; 3.744 ;       ;
; SW[3]      ; LEDG[3]     ; 5.163 ; 5.163 ; 5.163 ; 5.163 ;
; SW[3]      ; LEDG[4]     ; 4.406 ;       ;       ; 4.406 ;
; SW[3]      ; LEDG[7]     ; 5.407 ;       ;       ; 5.407 ;
; SW[4]      ; HEX0[0]     ; 4.071 ; 4.071 ; 4.071 ; 4.071 ;
; SW[4]      ; HEX0[1]     ; 4.103 ; 4.103 ; 4.103 ; 4.103 ;
; SW[4]      ; HEX0[2]     ; 4.092 ; 4.092 ; 4.092 ; 4.092 ;
; SW[4]      ; HEX0[3]     ; 4.094 ; 4.094 ; 4.094 ; 4.094 ;
; SW[4]      ; HEX0[4]     ; 3.983 ; 3.983 ; 3.983 ; 3.983 ;
; SW[4]      ; HEX0[5]     ; 3.980 ; 3.980 ; 3.980 ; 3.980 ;
; SW[4]      ; HEX0[6]     ; 3.986 ; 3.986 ; 3.986 ; 3.986 ;
; SW[4]      ; HEX1[0]     ; 4.282 ; 4.282 ; 4.282 ; 4.282 ;
; SW[4]      ; HEX1[3]     ; 4.381 ; 4.381 ; 4.381 ; 4.381 ;
; SW[4]      ; HEX1[4]     ; 4.391 ; 4.391 ; 4.391 ; 4.391 ;
; SW[4]      ; HEX1[5]     ; 4.423 ; 4.423 ; 4.423 ; 4.423 ;
; SW[4]      ; HEX3[0]     ; 3.701 ; 3.701 ; 3.701 ; 3.701 ;
; SW[4]      ; HEX3[1]     ; 3.856 ; 3.856 ; 3.856 ; 3.856 ;
; SW[4]      ; HEX3[2]     ;       ; 3.868 ; 3.868 ;       ;
; SW[4]      ; HEX3[3]     ; 3.429 ; 3.429 ; 3.429 ; 3.429 ;
; SW[4]      ; HEX3[4]     ; 3.548 ;       ;       ; 3.548 ;
; SW[4]      ; HEX3[5]     ; 3.592 ;       ;       ; 3.592 ;
; SW[4]      ; HEX3[6]     ; 3.740 ;       ;       ; 3.740 ;
; SW[4]      ; LEDG[0]     ; 5.061 ; 5.061 ; 5.061 ; 5.061 ;
; SW[4]      ; LEDG[1]     ; 4.784 ; 4.784 ; 4.784 ; 4.784 ;
; SW[4]      ; LEDG[2]     ; 5.701 ; 5.701 ; 5.701 ; 5.701 ;
; SW[4]      ; LEDG[3]     ; 6.141 ; 6.141 ; 6.141 ; 6.141 ;
; SW[4]      ; LEDG[4]     ; 5.384 ;       ;       ; 5.384 ;
; SW[5]      ; HEX0[0]     ; 4.103 ; 4.103 ; 4.103 ; 4.103 ;
; SW[5]      ; HEX0[1]     ; 4.129 ; 4.129 ; 4.129 ; 4.129 ;
; SW[5]      ; HEX0[2]     ; 4.125 ; 4.125 ; 4.125 ; 4.125 ;
; SW[5]      ; HEX0[3]     ; 4.121 ; 4.121 ; 4.121 ; 4.121 ;
; SW[5]      ; HEX0[4]     ; 4.005 ; 4.005 ; 4.005 ; 4.005 ;
; SW[5]      ; HEX0[5]     ; 4.000 ; 4.000 ; 4.000 ; 4.000 ;
; SW[5]      ; HEX0[6]     ; 4.005 ; 4.005 ; 4.005 ; 4.005 ;
; SW[5]      ; HEX1[0]     ; 3.832 ; 3.832 ; 3.832 ; 3.832 ;
; SW[5]      ; HEX1[3]     ; 3.931 ; 3.931 ; 3.931 ; 3.931 ;
; SW[5]      ; HEX1[4]     ; 3.941 ; 3.941 ; 3.941 ; 3.941 ;
; SW[5]      ; HEX1[5]     ; 3.973 ; 3.973 ; 3.973 ; 3.973 ;
; SW[5]      ; HEX3[0]     ;       ; 3.640 ; 3.640 ;       ;
; SW[5]      ; HEX3[1]     ; 3.786 ; 3.786 ; 3.786 ; 3.786 ;
; SW[5]      ; HEX3[2]     ; 3.817 ;       ;       ; 3.817 ;
; SW[5]      ; HEX3[3]     ; 3.366 ; 3.366 ; 3.366 ; 3.366 ;
; SW[5]      ; HEX3[4]     ;       ; 3.479 ; 3.479 ;       ;
; SW[5]      ; HEX3[5]     ; 3.528 ;       ;       ; 3.528 ;
; SW[5]      ; HEX3[6]     ; 3.676 ; 3.676 ; 3.676 ; 3.676 ;
; SW[5]      ; LEDG[1]     ; 4.434 ; 4.434 ; 4.434 ; 4.434 ;
; SW[5]      ; LEDG[2]     ; 5.186 ; 5.186 ; 5.186 ; 5.186 ;
; SW[5]      ; LEDG[3]     ; 5.624 ; 5.624 ; 5.624 ; 5.624 ;
; SW[5]      ; LEDG[4]     ; 4.867 ;       ;       ; 4.867 ;
; SW[5]      ; LEDG[7]     ; 5.736 ;       ;       ; 5.736 ;
; SW[6]      ; HEX0[0]     ; 4.273 ; 4.273 ; 4.273 ; 4.273 ;
; SW[6]      ; HEX0[1]     ; 4.299 ; 4.299 ; 4.299 ; 4.299 ;
; SW[6]      ; HEX0[2]     ; 4.295 ; 4.295 ; 4.295 ; 4.295 ;
; SW[6]      ; HEX0[3]     ; 4.291 ; 4.291 ; 4.291 ; 4.291 ;
; SW[6]      ; HEX0[4]     ; 4.175 ; 4.175 ; 4.175 ; 4.175 ;
; SW[6]      ; HEX0[5]     ; 4.170 ; 4.170 ; 4.170 ; 4.170 ;
; SW[6]      ; HEX0[6]     ; 4.175 ; 4.175 ; 4.175 ; 4.175 ;
; SW[6]      ; HEX1[0]     ; 4.002 ; 4.002 ; 4.002 ; 4.002 ;
; SW[6]      ; HEX1[3]     ; 4.101 ; 4.101 ; 4.101 ; 4.101 ;
; SW[6]      ; HEX1[4]     ; 4.111 ; 4.111 ; 4.111 ; 4.111 ;
; SW[6]      ; HEX1[5]     ; 4.143 ; 4.143 ; 4.143 ; 4.143 ;
; SW[6]      ; HEX3[0]     ; 3.473 ; 3.473 ; 3.473 ; 3.473 ;
; SW[6]      ; HEX3[1]     ; 3.620 ;       ;       ; 3.620 ;
; SW[6]      ; HEX3[2]     ;       ; 3.624 ; 3.624 ;       ;
; SW[6]      ; HEX3[3]     ; 3.200 ; 3.200 ; 3.200 ; 3.200 ;
; SW[6]      ; HEX3[4]     ; 3.313 ;       ;       ; 3.313 ;
; SW[6]      ; HEX3[5]     ;       ; 3.358 ; 3.358 ;       ;
; SW[6]      ; HEX3[6]     ; 3.508 ; 3.508 ; 3.508 ; 3.508 ;
; SW[6]      ; LEDG[2]     ; 5.356 ; 5.356 ; 5.356 ; 5.356 ;
; SW[6]      ; LEDG[3]     ; 5.534 ; 5.534 ; 5.534 ; 5.534 ;
; SW[6]      ; LEDG[4]     ; 4.777 ;       ;       ; 4.777 ;
; SW[6]      ; LEDG[7]     ; 5.616 ;       ;       ; 5.616 ;
; SW[7]      ; HEX0[0]     ; 3.556 ; 3.556 ; 3.556 ; 3.556 ;
; SW[7]      ; HEX0[1]     ; 3.582 ; 3.582 ; 3.582 ; 3.582 ;
; SW[7]      ; HEX0[2]     ; 3.578 ; 3.578 ; 3.578 ; 3.578 ;
; SW[7]      ; HEX0[3]     ; 3.574 ; 3.574 ; 3.574 ; 3.574 ;
; SW[7]      ; HEX0[4]     ; 3.458 ; 3.458 ; 3.458 ; 3.458 ;
; SW[7]      ; HEX0[5]     ; 3.453 ; 3.453 ; 3.453 ; 3.453 ;
; SW[7]      ; HEX0[6]     ; 3.458 ; 3.458 ; 3.458 ; 3.458 ;
; SW[7]      ; HEX1[0]     ; 3.285 ; 3.285 ; 3.285 ; 3.285 ;
; SW[7]      ; HEX1[3]     ; 3.384 ; 3.384 ; 3.384 ; 3.384 ;
; SW[7]      ; HEX1[4]     ; 3.394 ; 3.394 ; 3.394 ; 3.394 ;
; SW[7]      ; HEX1[5]     ; 3.426 ; 3.426 ; 3.426 ; 3.426 ;
; SW[7]      ; HEX3[0]     ;       ; 3.125 ; 3.125 ;       ;
; SW[7]      ; HEX3[1]     ;       ; 3.274 ; 3.274 ;       ;
; SW[7]      ; HEX3[2]     ;       ; 3.284 ; 3.284 ;       ;
; SW[7]      ; HEX3[5]     ;       ; 3.013 ; 3.013 ;       ;
; SW[7]      ; HEX3[6]     ;       ; 3.162 ; 3.162 ;       ;
; SW[7]      ; LEDG[3]     ; 4.745 ; 4.745 ; 4.745 ; 4.745 ;
; SW[7]      ; LEDG[4]     ; 3.988 ;       ;       ; 3.988 ;
; SW[7]      ; LEDG[7]     ; 5.220 ;       ;       ; 5.220 ;
; SW[8]      ; HEX0[0]     ; 3.468 ; 3.468 ; 3.468 ; 3.468 ;
; SW[8]      ; HEX0[1]     ; 3.500 ; 3.500 ; 3.500 ; 3.500 ;
; SW[8]      ; HEX0[2]     ; 3.489 ; 3.489 ; 3.489 ; 3.489 ;
; SW[8]      ; HEX0[3]     ; 3.491 ; 3.491 ; 3.491 ; 3.491 ;
; SW[8]      ; HEX0[4]     ; 3.380 ; 3.380 ; 3.380 ; 3.380 ;
; SW[8]      ; HEX0[5]     ; 3.377 ; 3.377 ; 3.377 ; 3.377 ;
; SW[8]      ; HEX0[6]     ; 3.383 ; 3.383 ; 3.383 ; 3.383 ;
; SW[8]      ; HEX1[0]     ; 3.682 ; 3.682 ; 3.682 ; 3.682 ;
; SW[8]      ; HEX1[3]     ; 3.781 ; 3.781 ; 3.781 ; 3.781 ;
; SW[8]      ; HEX1[4]     ; 3.791 ; 3.791 ; 3.791 ; 3.791 ;
; SW[8]      ; HEX1[5]     ; 3.823 ; 3.823 ; 3.823 ; 3.823 ;
; SW[8]      ; LEDG[0]     ; 4.458 ; 4.458 ; 4.458 ; 4.458 ;
; SW[8]      ; LEDG[1]     ; 4.184 ; 4.184 ; 4.184 ; 4.184 ;
; SW[8]      ; LEDG[2]     ; 5.101 ; 5.101 ; 5.101 ; 5.101 ;
; SW[8]      ; LEDG[3]     ; 5.541 ; 5.541 ; 5.541 ; 5.541 ;
; SW[8]      ; LEDG[4]     ; 4.784 ;       ;       ; 4.784 ;
+------------+-------------+-------+-------+-------+-------+


+----------------------------------------------------------------------------+
; Multicorner Timing Analysis Summary                                        ;
+------------------+-------+------+----------+---------+---------------------+
; Clock            ; Setup ; Hold ; Recovery ; Removal ; Minimum Pulse Width ;
+------------------+-------+------+----------+---------+---------------------+
; Worst-case Slack ; N/A   ; N/A  ; N/A      ; N/A     ; N/A                 ;
; Design-wide TNS  ; 0.0   ; 0.0  ; 0.0      ; 0.0     ; 0.0                 ;
+------------------+-------+------+----------+---------+---------------------+


+--------------------------------------------------------------+
; Progagation Delay                                            ;
+------------+-------------+--------+--------+--------+--------+
; Input Port ; Output Port ; RR     ; RF     ; FR     ; FF     ;
+------------+-------------+--------+--------+--------+--------+
; SW[0]      ; HEX0[0]     ; 12.069 ; 12.069 ; 12.069 ; 12.069 ;
; SW[0]      ; HEX0[1]     ; 12.101 ; 12.101 ; 12.101 ; 12.101 ;
; SW[0]      ; HEX0[2]     ; 12.087 ; 12.087 ; 12.087 ; 12.087 ;
; SW[0]      ; HEX0[3]     ; 11.947 ; 11.947 ; 11.947 ; 11.947 ;
; SW[0]      ; HEX0[4]     ; 11.631 ; 11.477 ; 11.477 ; 11.631 ;
; SW[0]      ; HEX0[5]     ; 11.764 ; 11.764 ; 11.764 ; 11.764 ;
; SW[0]      ; HEX0[6]     ; 11.824 ; 11.824 ; 11.824 ; 11.824 ;
; SW[0]      ; HEX1[0]     ; 10.990 ; 10.791 ; 10.791 ; 10.990 ;
; SW[0]      ; HEX1[3]     ; 11.301 ; 11.102 ; 11.102 ; 11.301 ;
; SW[0]      ; HEX1[4]     ; 11.311 ; 11.112 ; 11.112 ; 11.311 ;
; SW[0]      ; HEX1[5]     ; 11.344 ; 11.145 ; 11.145 ; 11.344 ;
; SW[0]      ; HEX2[0]     ; 8.077  ; 8.077  ; 8.077  ; 8.077  ;
; SW[0]      ; HEX2[1]     ; 8.030  ; 8.030  ; 8.030  ; 8.030  ;
; SW[0]      ; HEX2[2]     ;        ; 8.047  ; 8.047  ;        ;
; SW[0]      ; HEX2[3]     ; 8.109  ; 8.109  ; 8.109  ; 8.109  ;
; SW[0]      ; HEX2[4]     ; 8.414  ;        ;        ; 8.414  ;
; SW[0]      ; HEX2[5]     ; 8.411  ;        ;        ; 8.411  ;
; SW[0]      ; HEX2[6]     ; 8.687  ;        ;        ; 8.687  ;
; SW[0]      ; LEDG[0]     ; 11.335 ; 11.335 ; 11.335 ; 11.335 ;
; SW[0]      ; LEDG[1]     ; 10.482 ; 10.482 ; 10.482 ; 10.482 ;
; SW[0]      ; LEDG[2]     ; 13.370 ; 13.370 ; 13.370 ; 13.370 ;
; SW[0]      ; LEDG[3]     ; 14.451 ; 14.451 ; 14.451 ; 14.451 ;
; SW[0]      ; LEDG[4]     ; 12.053 ;        ;        ; 12.053 ;
; SW[1]      ; HEX0[0]     ; 10.864 ; 10.864 ; 10.864 ; 10.864 ;
; SW[1]      ; HEX0[1]     ; 10.896 ; 10.896 ; 10.896 ; 10.896 ;
; SW[1]      ; HEX0[2]     ; 10.882 ; 10.882 ; 10.882 ; 10.882 ;
; SW[1]      ; HEX0[3]     ; 10.742 ; 10.742 ; 10.742 ; 10.742 ;
; SW[1]      ; HEX0[4]     ; 10.426 ; 10.272 ; 10.272 ; 10.426 ;
; SW[1]      ; HEX0[5]     ; 10.559 ; 10.559 ; 10.559 ; 10.559 ;
; SW[1]      ; HEX0[6]     ; 10.619 ; 10.619 ; 10.619 ; 10.619 ;
; SW[1]      ; HEX1[0]     ; 9.785  ; 9.586  ; 9.586  ; 9.785  ;
; SW[1]      ; HEX1[3]     ; 10.096 ; 9.897  ; 9.897  ; 10.096 ;
; SW[1]      ; HEX1[4]     ; 10.106 ; 9.907  ; 9.907  ; 10.106 ;
; SW[1]      ; HEX1[5]     ; 10.139 ; 9.940  ; 9.940  ; 10.139 ;
; SW[1]      ; HEX2[0]     ;        ; 7.879  ; 7.879  ;        ;
; SW[1]      ; HEX2[1]     ; 7.876  ; 7.876  ; 7.876  ; 7.876  ;
; SW[1]      ; HEX2[2]     ; 7.905  ;        ;        ; 7.905  ;
; SW[1]      ; HEX2[3]     ; 7.915  ; 7.915  ; 7.915  ; 7.915  ;
; SW[1]      ; HEX2[4]     ;        ; 8.221  ; 8.221  ;        ;
; SW[1]      ; HEX2[5]     ; 8.206  ;        ;        ; 8.206  ;
; SW[1]      ; HEX2[6]     ; 8.496  ; 8.496  ; 8.496  ; 8.496  ;
; SW[1]      ; LEDG[1]     ; 9.614  ; 9.614  ; 9.614  ; 9.614  ;
; SW[1]      ; LEDG[2]     ; 12.171 ; 12.171 ; 12.171 ; 12.171 ;
; SW[1]      ; LEDG[3]     ; 13.246 ; 13.246 ; 13.246 ; 13.246 ;
; SW[1]      ; LEDG[4]     ; 10.848 ;        ;        ; 10.848 ;
; SW[1]      ; LEDG[7]     ; 12.638 ;        ;        ; 12.638 ;
; SW[2]      ; HEX0[0]     ; 11.648 ; 11.648 ; 11.648 ; 11.648 ;
; SW[2]      ; HEX0[1]     ; 11.680 ; 11.680 ; 11.680 ; 11.680 ;
; SW[2]      ; HEX0[2]     ; 11.666 ; 11.666 ; 11.666 ; 11.666 ;
; SW[2]      ; HEX0[3]     ; 11.526 ; 11.526 ; 11.526 ; 11.526 ;
; SW[2]      ; HEX0[4]     ; 11.210 ; 11.056 ; 11.056 ; 11.210 ;
; SW[2]      ; HEX0[5]     ; 11.343 ; 11.343 ; 11.343 ; 11.343 ;
; SW[2]      ; HEX0[6]     ; 11.403 ; 11.403 ; 11.403 ; 11.403 ;
; SW[2]      ; HEX1[0]     ; 10.569 ; 10.370 ; 10.370 ; 10.569 ;
; SW[2]      ; HEX1[3]     ; 10.880 ; 10.681 ; 10.681 ; 10.880 ;
; SW[2]      ; HEX1[4]     ; 10.890 ; 10.691 ; 10.691 ; 10.890 ;
; SW[2]      ; HEX1[5]     ; 10.923 ; 10.724 ; 10.724 ; 10.923 ;
; SW[2]      ; HEX2[0]     ; 7.791  ; 7.791  ; 7.791  ; 7.791  ;
; SW[2]      ; HEX2[1]     ; 7.785  ;        ;        ; 7.785  ;
; SW[2]      ; HEX2[2]     ;        ; 7.828  ; 7.828  ;        ;
; SW[2]      ; HEX2[3]     ; 7.818  ; 7.818  ; 7.818  ; 7.818  ;
; SW[2]      ; HEX2[4]     ; 8.122  ;        ;        ; 8.122  ;
; SW[2]      ; HEX2[5]     ;        ; 8.127  ; 8.127  ;        ;
; SW[2]      ; HEX2[6]     ; 8.402  ; 8.402  ; 8.402  ; 8.402  ;
; SW[2]      ; LEDG[2]     ; 12.934 ; 12.934 ; 12.934 ; 12.934 ;
; SW[2]      ; LEDG[3]     ; 14.030 ; 14.030 ; 14.030 ; 14.030 ;
; SW[2]      ; LEDG[4]     ; 11.632 ;        ;        ; 11.632 ;
; SW[2]      ; LEDG[7]     ; 12.558 ;        ;        ; 12.558 ;
; SW[3]      ; HEX0[0]     ; 9.373  ; 9.373  ; 9.373  ; 9.373  ;
; SW[3]      ; HEX0[1]     ; 9.405  ; 9.405  ; 9.405  ; 9.405  ;
; SW[3]      ; HEX0[2]     ; 9.391  ; 9.391  ; 9.391  ; 9.391  ;
; SW[3]      ; HEX0[3]     ; 9.251  ; 9.251  ; 9.251  ; 9.251  ;
; SW[3]      ; HEX0[4]     ; 8.935  ; 8.781  ; 8.781  ; 8.935  ;
; SW[3]      ; HEX0[5]     ; 9.068  ; 9.068  ; 9.068  ; 9.068  ;
; SW[3]      ; HEX0[6]     ; 9.128  ; 9.128  ; 9.128  ; 9.128  ;
; SW[3]      ; HEX1[0]     ; 8.294  ; 8.095  ; 8.095  ; 8.294  ;
; SW[3]      ; HEX1[3]     ; 8.605  ; 8.406  ; 8.406  ; 8.605  ;
; SW[3]      ; HEX1[4]     ; 8.615  ; 8.416  ; 8.416  ; 8.615  ;
; SW[3]      ; HEX1[5]     ; 8.648  ; 8.449  ; 8.449  ; 8.648  ;
; SW[3]      ; HEX2[0]     ;        ; 7.497  ; 7.497  ;        ;
; SW[3]      ; HEX2[1]     ;        ; 7.489  ; 7.489  ;        ;
; SW[3]      ; HEX2[2]     ;        ; 7.526  ; 7.526  ;        ;
; SW[3]      ; HEX2[5]     ;        ; 7.828  ; 7.828  ;        ;
; SW[3]      ; HEX2[6]     ;        ; 8.172  ; 8.172  ;        ;
; SW[3]      ; LEDG[3]     ; 11.755 ; 11.755 ; 11.755 ; 11.755 ;
; SW[3]      ; LEDG[4]     ; 9.357  ;        ;        ; 9.357  ;
; SW[3]      ; LEDG[7]     ; 12.348 ;        ;        ; 12.348 ;
; SW[4]      ; HEX0[0]     ; 12.098 ; 12.098 ; 12.098 ; 12.098 ;
; SW[4]      ; HEX0[1]     ; 12.130 ; 12.130 ; 12.130 ; 12.130 ;
; SW[4]      ; HEX0[2]     ; 12.116 ; 12.116 ; 12.116 ; 12.116 ;
; SW[4]      ; HEX0[3]     ; 11.976 ; 11.976 ; 11.976 ; 11.976 ;
; SW[4]      ; HEX0[4]     ; 11.660 ; 11.506 ; 11.506 ; 11.660 ;
; SW[4]      ; HEX0[5]     ; 11.793 ; 11.793 ; 11.793 ; 11.793 ;
; SW[4]      ; HEX0[6]     ; 11.853 ; 11.853 ; 11.853 ; 11.853 ;
; SW[4]      ; HEX1[0]     ; 11.019 ; 10.820 ; 10.820 ; 11.019 ;
; SW[4]      ; HEX1[3]     ; 11.330 ; 11.131 ; 11.131 ; 11.330 ;
; SW[4]      ; HEX1[4]     ; 11.340 ; 11.141 ; 11.141 ; 11.340 ;
; SW[4]      ; HEX1[5]     ; 11.373 ; 11.174 ; 11.174 ; 11.373 ;
; SW[4]      ; HEX3[0]     ; 8.049  ; 8.049  ; 8.049  ; 8.049  ;
; SW[4]      ; HEX3[1]     ; 8.215  ; 8.215  ; 8.215  ; 8.215  ;
; SW[4]      ; HEX3[2]     ;        ; 8.166  ; 8.166  ;        ;
; SW[4]      ; HEX3[3]     ; 7.355  ; 7.355  ; 7.355  ; 7.355  ;
; SW[4]      ; HEX3[4]     ; 7.691  ;        ;        ; 7.691  ;
; SW[4]      ; HEX3[5]     ; 7.728  ;        ;        ; 7.728  ;
; SW[4]      ; HEX3[6]     ; 8.082  ;        ;        ; 8.082  ;
; SW[4]      ; LEDG[0]     ; 11.365 ; 11.365 ; 11.365 ; 11.365 ;
; SW[4]      ; LEDG[1]     ; 10.511 ; 10.511 ; 10.511 ; 10.511 ;
; SW[4]      ; LEDG[2]     ; 13.399 ; 13.399 ; 13.399 ; 13.399 ;
; SW[4]      ; LEDG[3]     ; 14.480 ; 14.480 ; 14.480 ; 14.480 ;
; SW[4]      ; LEDG[4]     ; 12.082 ;        ;        ; 12.082 ;
; SW[5]      ; HEX0[0]     ; 10.465 ; 10.465 ; 10.465 ; 10.465 ;
; SW[5]      ; HEX0[1]     ; 10.497 ; 10.497 ; 10.497 ; 10.497 ;
; SW[5]      ; HEX0[2]     ; 10.483 ; 10.483 ; 10.483 ; 10.483 ;
; SW[5]      ; HEX0[3]     ; 10.343 ; 10.343 ; 10.343 ; 10.343 ;
; SW[5]      ; HEX0[4]     ; 10.027 ; 9.873  ; 9.873  ; 10.027 ;
; SW[5]      ; HEX0[5]     ; 10.160 ; 10.160 ; 10.160 ; 10.160 ;
; SW[5]      ; HEX0[6]     ; 10.220 ; 10.220 ; 10.220 ; 10.220 ;
; SW[5]      ; HEX1[0]     ; 9.386  ; 9.187  ; 9.187  ; 9.386  ;
; SW[5]      ; HEX1[3]     ; 9.697  ; 9.498  ; 9.498  ; 9.697  ;
; SW[5]      ; HEX1[4]     ; 9.707  ; 9.508  ; 9.508  ; 9.707  ;
; SW[5]      ; HEX1[5]     ; 9.740  ; 9.541  ; 9.541  ; 9.740  ;
; SW[5]      ; HEX3[0]     ;        ; 7.802  ; 7.802  ;        ;
; SW[5]      ; HEX3[1]     ; 7.994  ; 7.994  ; 7.994  ; 7.994  ;
; SW[5]      ; HEX3[2]     ; 7.996  ;        ;        ; 7.996  ;
; SW[5]      ; HEX3[3]     ; 7.107  ; 7.107  ; 7.107  ; 7.107  ;
; SW[5]      ; HEX3[4]     ;        ; 7.434  ; 7.434  ;        ;
; SW[5]      ; HEX3[5]     ; 7.480  ;        ;        ; 7.480  ;
; SW[5]      ; HEX3[6]     ; 7.839  ; 7.839  ; 7.839  ; 7.839  ;
; SW[5]      ; LEDG[1]     ; 9.436  ; 9.436  ; 9.436  ; 9.436  ;
; SW[5]      ; LEDG[2]     ; 11.766 ; 11.766 ; 11.766 ; 11.766 ;
; SW[5]      ; LEDG[3]     ; 12.847 ; 12.847 ; 12.847 ; 12.847 ;
; SW[5]      ; LEDG[4]     ; 10.449 ;        ;        ; 10.449 ;
; SW[5]      ; LEDG[7]     ; 13.039 ;        ;        ; 13.039 ;
; SW[6]      ; HEX0[0]     ; 11.167 ; 11.167 ; 11.167 ; 11.167 ;
; SW[6]      ; HEX0[1]     ; 11.199 ; 11.199 ; 11.199 ; 11.199 ;
; SW[6]      ; HEX0[2]     ; 11.185 ; 11.185 ; 11.185 ; 11.185 ;
; SW[6]      ; HEX0[3]     ; 11.045 ; 11.045 ; 11.045 ; 11.045 ;
; SW[6]      ; HEX0[4]     ; 10.729 ; 10.575 ; 10.575 ; 10.729 ;
; SW[6]      ; HEX0[5]     ; 10.862 ; 10.862 ; 10.862 ; 10.862 ;
; SW[6]      ; HEX0[6]     ; 10.922 ; 10.922 ; 10.922 ; 10.922 ;
; SW[6]      ; HEX1[0]     ; 10.088 ; 9.889  ; 9.889  ; 10.088 ;
; SW[6]      ; HEX1[3]     ; 10.399 ; 10.200 ; 10.200 ; 10.399 ;
; SW[6]      ; HEX1[4]     ; 10.409 ; 10.210 ; 10.210 ; 10.409 ;
; SW[6]      ; HEX1[5]     ; 10.442 ; 10.243 ; 10.243 ; 10.442 ;
; SW[6]      ; HEX3[0]     ; 7.486  ; 7.486  ; 7.486  ; 7.486  ;
; SW[6]      ; HEX3[1]     ; 7.680  ;        ;        ; 7.680  ;
; SW[6]      ; HEX3[2]     ;        ; 7.681  ; 7.681  ;        ;
; SW[6]      ; HEX3[3]     ; 6.792  ; 6.792  ; 6.792  ; 6.792  ;
; SW[6]      ; HEX3[4]     ; 7.120  ;        ;        ; 7.120  ;
; SW[6]      ; HEX3[5]     ;        ; 7.164  ; 7.164  ;        ;
; SW[6]      ; HEX3[6]     ; 7.524  ; 7.524  ; 7.524  ; 7.524  ;
; SW[6]      ; LEDG[2]     ; 12.512 ; 12.512 ; 12.512 ; 12.512 ;
; SW[6]      ; LEDG[3]     ; 13.549 ; 13.549 ; 13.549 ; 13.549 ;
; SW[6]      ; LEDG[4]     ; 11.151 ;        ;        ; 11.151 ;
; SW[6]      ; LEDG[7]     ; 12.935 ;        ;        ; 12.935 ;
; SW[7]      ; HEX0[0]     ; 8.400  ; 8.400  ; 8.400  ; 8.400  ;
; SW[7]      ; HEX0[1]     ; 8.432  ; 8.432  ; 8.432  ; 8.432  ;
; SW[7]      ; HEX0[2]     ; 8.418  ; 8.418  ; 8.418  ; 8.418  ;
; SW[7]      ; HEX0[3]     ; 8.278  ; 8.278  ; 8.278  ; 8.278  ;
; SW[7]      ; HEX0[4]     ; 7.962  ; 7.808  ; 7.808  ; 7.962  ;
; SW[7]      ; HEX0[5]     ; 8.095  ; 8.095  ; 8.095  ; 8.095  ;
; SW[7]      ; HEX0[6]     ; 8.155  ; 8.155  ; 8.155  ; 8.155  ;
; SW[7]      ; HEX1[0]     ; 7.321  ; 7.125  ; 7.125  ; 7.321  ;
; SW[7]      ; HEX1[3]     ; 7.632  ; 7.436  ; 7.436  ; 7.632  ;
; SW[7]      ; HEX1[4]     ; 7.642  ; 7.446  ; 7.446  ; 7.642  ;
; SW[7]      ; HEX1[5]     ; 7.675  ; 7.479  ; 7.479  ; 7.675  ;
; SW[7]      ; HEX3[0]     ;        ; 6.668  ; 6.668  ;        ;
; SW[7]      ; HEX3[1]     ;        ; 6.827  ; 6.827  ;        ;
; SW[7]      ; HEX3[2]     ;        ; 6.859  ; 6.859  ;        ;
; SW[7]      ; HEX3[5]     ;        ; 6.349  ; 6.349  ;        ;
; SW[7]      ; HEX3[6]     ;        ; 6.737  ; 6.737  ;        ;
; SW[7]      ; LEDG[3]     ; 10.785 ; 10.785 ; 10.785 ; 10.785 ;
; SW[7]      ; LEDG[4]     ; 8.384  ;        ;        ; 8.384  ;
; SW[7]      ; LEDG[7]     ; 12.000 ;        ;        ; 12.000 ;
; SW[8]      ; HEX0[0]     ; 10.731 ; 10.731 ; 10.731 ; 10.731 ;
; SW[8]      ; HEX0[1]     ; 10.763 ; 10.763 ; 10.763 ; 10.763 ;
; SW[8]      ; HEX0[2]     ; 10.749 ; 10.749 ; 10.749 ; 10.749 ;
; SW[8]      ; HEX0[3]     ; 10.609 ; 10.609 ; 10.609 ; 10.609 ;
; SW[8]      ; HEX0[4]     ; 10.293 ; 10.139 ; 10.139 ; 10.293 ;
; SW[8]      ; HEX0[5]     ; 10.426 ; 10.426 ; 10.426 ; 10.426 ;
; SW[8]      ; HEX0[6]     ; 10.486 ; 10.486 ; 10.486 ; 10.486 ;
; SW[8]      ; HEX1[0]     ; 9.652  ; 9.453  ; 9.453  ; 9.652  ;
; SW[8]      ; HEX1[3]     ; 9.963  ; 9.764  ; 9.764  ; 9.963  ;
; SW[8]      ; HEX1[4]     ; 9.973  ; 9.774  ; 9.774  ; 9.973  ;
; SW[8]      ; HEX1[5]     ; 10.006 ; 9.807  ; 9.807  ; 10.006 ;
; SW[8]      ; LEDG[0]     ; 9.992  ; 9.992  ; 9.992  ; 9.992  ;
; SW[8]      ; LEDG[1]     ; 9.144  ; 9.144  ; 9.144  ; 9.144  ;
; SW[8]      ; LEDG[2]     ; 12.032 ; 12.032 ; 12.032 ; 12.032 ;
; SW[8]      ; LEDG[3]     ; 13.113 ; 13.113 ; 13.113 ; 13.113 ;
; SW[8]      ; LEDG[4]     ; 10.715 ;        ;        ; 10.715 ;
+------------+-------------+--------+--------+--------+--------+


+----------------------------------------------------------+
; Minimum Progagation Delay                                ;
+------------+-------------+-------+-------+-------+-------+
; Input Port ; Output Port ; RR    ; RF    ; FR    ; FF    ;
+------------+-------------+-------+-------+-------+-------+
; SW[0]      ; HEX0[0]     ; 4.082 ; 4.082 ; 4.082 ; 4.082 ;
; SW[0]      ; HEX0[1]     ; 4.114 ; 4.114 ; 4.114 ; 4.114 ;
; SW[0]      ; HEX0[2]     ; 4.103 ; 4.103 ; 4.103 ; 4.103 ;
; SW[0]      ; HEX0[3]     ; 4.105 ; 4.105 ; 4.105 ; 4.105 ;
; SW[0]      ; HEX0[4]     ; 3.994 ; 3.994 ; 3.994 ; 3.994 ;
; SW[0]      ; HEX0[5]     ; 3.991 ; 3.991 ; 3.991 ; 3.991 ;
; SW[0]      ; HEX0[6]     ; 3.997 ; 3.997 ; 3.997 ; 3.997 ;
; SW[0]      ; HEX1[0]     ; 4.293 ; 4.293 ; 4.293 ; 4.293 ;
; SW[0]      ; HEX1[3]     ; 4.392 ; 4.392 ; 4.392 ; 4.392 ;
; SW[0]      ; HEX1[4]     ; 4.402 ; 4.402 ; 4.402 ; 4.402 ;
; SW[0]      ; HEX1[5]     ; 4.434 ; 4.434 ; 4.434 ; 4.434 ;
; SW[0]      ; HEX2[0]     ; 3.722 ; 3.722 ; 3.722 ; 3.722 ;
; SW[0]      ; HEX2[1]     ; 3.718 ; 3.718 ; 3.718 ; 3.718 ;
; SW[0]      ; HEX2[2]     ;       ; 3.765 ; 3.765 ;       ;
; SW[0]      ; HEX2[3]     ; 3.754 ; 3.754 ; 3.754 ; 3.754 ;
; SW[0]      ; HEX2[4]     ; 3.855 ;       ;       ; 3.855 ;
; SW[0]      ; HEX2[5]     ; 3.858 ;       ;       ; 3.858 ;
; SW[0]      ; HEX2[6]     ; 3.970 ;       ;       ; 3.970 ;
; SW[0]      ; LEDG[0]     ; 5.072 ; 5.072 ; 5.072 ; 5.072 ;
; SW[0]      ; LEDG[1]     ; 4.795 ; 4.795 ; 4.795 ; 4.795 ;
; SW[0]      ; LEDG[2]     ; 5.712 ; 5.712 ; 5.712 ; 5.712 ;
; SW[0]      ; LEDG[3]     ; 6.152 ; 6.152 ; 6.152 ; 6.152 ;
; SW[0]      ; LEDG[4]     ; 5.395 ;       ;       ; 5.395 ;
; SW[1]      ; HEX0[0]     ; 4.219 ; 4.219 ; 4.219 ; 4.219 ;
; SW[1]      ; HEX0[1]     ; 4.245 ; 4.245 ; 4.245 ; 4.245 ;
; SW[1]      ; HEX0[2]     ; 4.241 ; 4.241 ; 4.241 ; 4.241 ;
; SW[1]      ; HEX0[3]     ; 4.237 ; 4.237 ; 4.237 ; 4.237 ;
; SW[1]      ; HEX0[4]     ; 4.121 ; 4.121 ; 4.121 ; 4.121 ;
; SW[1]      ; HEX0[5]     ; 4.116 ; 4.116 ; 4.116 ; 4.116 ;
; SW[1]      ; HEX0[6]     ; 4.121 ; 4.121 ; 4.121 ; 4.121 ;
; SW[1]      ; HEX1[0]     ; 3.948 ; 3.948 ; 3.948 ; 3.948 ;
; SW[1]      ; HEX1[3]     ; 4.047 ; 4.047 ; 4.047 ; 4.047 ;
; SW[1]      ; HEX1[4]     ; 4.057 ; 4.057 ; 4.057 ; 4.057 ;
; SW[1]      ; HEX1[5]     ; 4.089 ; 4.089 ; 4.089 ; 4.089 ;
; SW[1]      ; HEX2[0]     ;       ; 3.663 ; 3.663 ;       ;
; SW[1]      ; HEX2[1]     ; 3.664 ; 3.664 ; 3.664 ; 3.664 ;
; SW[1]      ; HEX2[2]     ; 3.719 ;       ;       ; 3.719 ;
; SW[1]      ; HEX2[3]     ; 3.703 ; 3.703 ; 3.703 ; 3.703 ;
; SW[1]      ; HEX2[4]     ;       ; 3.805 ; 3.805 ;       ;
; SW[1]      ; HEX2[5]     ; 3.789 ;       ;       ; 3.789 ;
; SW[1]      ; HEX2[6]     ; 3.916 ; 3.916 ; 3.916 ; 3.916 ;
; SW[1]      ; LEDG[1]     ; 4.487 ; 4.487 ; 4.487 ; 4.487 ;
; SW[1]      ; LEDG[2]     ; 5.302 ; 5.302 ; 5.302 ; 5.302 ;
; SW[1]      ; LEDG[3]     ; 5.732 ; 5.732 ; 5.732 ; 5.732 ;
; SW[1]      ; LEDG[4]     ; 4.975 ;       ;       ; 4.975 ;
; SW[1]      ; LEDG[7]     ; 5.572 ;       ;       ; 5.572 ;
; SW[2]      ; HEX0[0]     ; 4.478 ; 4.478 ; 4.478 ; 4.478 ;
; SW[2]      ; HEX0[1]     ; 4.504 ; 4.504 ; 4.504 ; 4.504 ;
; SW[2]      ; HEX0[2]     ; 4.500 ; 4.500 ; 4.500 ; 4.500 ;
; SW[2]      ; HEX0[3]     ; 4.496 ; 4.496 ; 4.496 ; 4.496 ;
; SW[2]      ; HEX0[4]     ; 4.380 ; 4.380 ; 4.380 ; 4.380 ;
; SW[2]      ; HEX0[5]     ; 4.375 ; 4.375 ; 4.375 ; 4.375 ;
; SW[2]      ; HEX0[6]     ; 4.380 ; 4.380 ; 4.380 ; 4.380 ;
; SW[2]      ; HEX1[0]     ; 4.207 ; 4.207 ; 4.207 ; 4.207 ;
; SW[2]      ; HEX1[3]     ; 4.306 ; 4.306 ; 4.306 ; 4.306 ;
; SW[2]      ; HEX1[4]     ; 4.316 ; 4.316 ; 4.316 ; 4.316 ;
; SW[2]      ; HEX1[5]     ; 4.348 ; 4.348 ; 4.348 ; 4.348 ;
; SW[2]      ; HEX2[0]     ; 3.634 ; 3.634 ; 3.634 ; 3.634 ;
; SW[2]      ; HEX2[1]     ; 3.631 ;       ;       ; 3.631 ;
; SW[2]      ; HEX2[2]     ;       ; 3.673 ; 3.673 ;       ;
; SW[2]      ; HEX2[3]     ; 3.664 ; 3.664 ; 3.664 ; 3.664 ;
; SW[2]      ; HEX2[4]     ; 3.764 ;       ;       ; 3.764 ;
; SW[2]      ; HEX2[5]     ;       ; 3.766 ; 3.766 ;       ;
; SW[2]      ; HEX2[6]     ; 3.876 ; 3.876 ; 3.876 ; 3.876 ;
; SW[2]      ; LEDG[2]     ; 5.561 ; 5.561 ; 5.561 ; 5.561 ;
; SW[2]      ; LEDG[3]     ; 5.724 ; 5.724 ; 5.724 ; 5.724 ;
; SW[2]      ; LEDG[4]     ; 4.967 ;       ;       ; 4.967 ;
; SW[2]      ; LEDG[7]     ; 5.550 ;       ;       ; 5.550 ;
; SW[3]      ; HEX0[0]     ; 3.974 ; 3.974 ; 3.974 ; 3.974 ;
; SW[3]      ; HEX0[1]     ; 4.000 ; 4.000 ; 4.000 ; 4.000 ;
; SW[3]      ; HEX0[2]     ; 3.996 ; 3.996 ; 3.996 ; 3.996 ;
; SW[3]      ; HEX0[3]     ; 3.992 ; 3.992 ; 3.992 ; 3.992 ;
; SW[3]      ; HEX0[4]     ; 3.876 ; 3.876 ; 3.876 ; 3.876 ;
; SW[3]      ; HEX0[5]     ; 3.871 ; 3.871 ; 3.871 ; 3.871 ;
; SW[3]      ; HEX0[6]     ; 3.876 ; 3.876 ; 3.876 ; 3.876 ;
; SW[3]      ; HEX1[0]     ; 3.703 ; 3.703 ; 3.703 ; 3.703 ;
; SW[3]      ; HEX1[3]     ; 3.802 ; 3.802 ; 3.802 ; 3.802 ;
; SW[3]      ; HEX1[4]     ; 3.812 ; 3.812 ; 3.812 ; 3.812 ;
; SW[3]      ; HEX1[5]     ; 3.844 ; 3.844 ; 3.844 ; 3.844 ;
; SW[3]      ; HEX2[0]     ;       ; 3.496 ; 3.496 ;       ;
; SW[3]      ; HEX2[1]     ;       ; 3.497 ; 3.497 ;       ;
; SW[3]      ; HEX2[2]     ;       ; 3.535 ; 3.535 ;       ;
; SW[3]      ; HEX2[5]     ;       ; 3.621 ; 3.621 ;       ;
; SW[3]      ; HEX2[6]     ;       ; 3.744 ; 3.744 ;       ;
; SW[3]      ; LEDG[3]     ; 5.163 ; 5.163 ; 5.163 ; 5.163 ;
; SW[3]      ; LEDG[4]     ; 4.406 ;       ;       ; 4.406 ;
; SW[3]      ; LEDG[7]     ; 5.407 ;       ;       ; 5.407 ;
; SW[4]      ; HEX0[0]     ; 4.071 ; 4.071 ; 4.071 ; 4.071 ;
; SW[4]      ; HEX0[1]     ; 4.103 ; 4.103 ; 4.103 ; 4.103 ;
; SW[4]      ; HEX0[2]     ; 4.092 ; 4.092 ; 4.092 ; 4.092 ;
; SW[4]      ; HEX0[3]     ; 4.094 ; 4.094 ; 4.094 ; 4.094 ;
; SW[4]      ; HEX0[4]     ; 3.983 ; 3.983 ; 3.983 ; 3.983 ;
; SW[4]      ; HEX0[5]     ; 3.980 ; 3.980 ; 3.980 ; 3.980 ;
; SW[4]      ; HEX0[6]     ; 3.986 ; 3.986 ; 3.986 ; 3.986 ;
; SW[4]      ; HEX1[0]     ; 4.282 ; 4.282 ; 4.282 ; 4.282 ;
; SW[4]      ; HEX1[3]     ; 4.381 ; 4.381 ; 4.381 ; 4.381 ;
; SW[4]      ; HEX1[4]     ; 4.391 ; 4.391 ; 4.391 ; 4.391 ;
; SW[4]      ; HEX1[5]     ; 4.423 ; 4.423 ; 4.423 ; 4.423 ;
; SW[4]      ; HEX3[0]     ; 3.701 ; 3.701 ; 3.701 ; 3.701 ;
; SW[4]      ; HEX3[1]     ; 3.856 ; 3.856 ; 3.856 ; 3.856 ;
; SW[4]      ; HEX3[2]     ;       ; 3.868 ; 3.868 ;       ;
; SW[4]      ; HEX3[3]     ; 3.429 ; 3.429 ; 3.429 ; 3.429 ;
; SW[4]      ; HEX3[4]     ; 3.548 ;       ;       ; 3.548 ;
; SW[4]      ; HEX3[5]     ; 3.592 ;       ;       ; 3.592 ;
; SW[4]      ; HEX3[6]     ; 3.740 ;       ;       ; 3.740 ;
; SW[4]      ; LEDG[0]     ; 5.061 ; 5.061 ; 5.061 ; 5.061 ;
; SW[4]      ; LEDG[1]     ; 4.784 ; 4.784 ; 4.784 ; 4.784 ;
; SW[4]      ; LEDG[2]     ; 5.701 ; 5.701 ; 5.701 ; 5.701 ;
; SW[4]      ; LEDG[3]     ; 6.141 ; 6.141 ; 6.141 ; 6.141 ;
; SW[4]      ; LEDG[4]     ; 5.384 ;       ;       ; 5.384 ;
; SW[5]      ; HEX0[0]     ; 4.103 ; 4.103 ; 4.103 ; 4.103 ;
; SW[5]      ; HEX0[1]     ; 4.129 ; 4.129 ; 4.129 ; 4.129 ;
; SW[5]      ; HEX0[2]     ; 4.125 ; 4.125 ; 4.125 ; 4.125 ;
; SW[5]      ; HEX0[3]     ; 4.121 ; 4.121 ; 4.121 ; 4.121 ;
; SW[5]      ; HEX0[4]     ; 4.005 ; 4.005 ; 4.005 ; 4.005 ;
; SW[5]      ; HEX0[5]     ; 4.000 ; 4.000 ; 4.000 ; 4.000 ;
; SW[5]      ; HEX0[6]     ; 4.005 ; 4.005 ; 4.005 ; 4.005 ;
; SW[5]      ; HEX1[0]     ; 3.832 ; 3.832 ; 3.832 ; 3.832 ;
; SW[5]      ; HEX1[3]     ; 3.931 ; 3.931 ; 3.931 ; 3.931 ;
; SW[5]      ; HEX1[4]     ; 3.941 ; 3.941 ; 3.941 ; 3.941 ;
; SW[5]      ; HEX1[5]     ; 3.973 ; 3.973 ; 3.973 ; 3.973 ;
; SW[5]      ; HEX3[0]     ;       ; 3.640 ; 3.640 ;       ;
; SW[5]      ; HEX3[1]     ; 3.786 ; 3.786 ; 3.786 ; 3.786 ;
; SW[5]      ; HEX3[2]     ; 3.817 ;       ;       ; 3.817 ;
; SW[5]      ; HEX3[3]     ; 3.366 ; 3.366 ; 3.366 ; 3.366 ;
; SW[5]      ; HEX3[4]     ;       ; 3.479 ; 3.479 ;       ;
; SW[5]      ; HEX3[5]     ; 3.528 ;       ;       ; 3.528 ;
; SW[5]      ; HEX3[6]     ; 3.676 ; 3.676 ; 3.676 ; 3.676 ;
; SW[5]      ; LEDG[1]     ; 4.434 ; 4.434 ; 4.434 ; 4.434 ;
; SW[5]      ; LEDG[2]     ; 5.186 ; 5.186 ; 5.186 ; 5.186 ;
; SW[5]      ; LEDG[3]     ; 5.624 ; 5.624 ; 5.624 ; 5.624 ;
; SW[5]      ; LEDG[4]     ; 4.867 ;       ;       ; 4.867 ;
; SW[5]      ; LEDG[7]     ; 5.736 ;       ;       ; 5.736 ;
; SW[6]      ; HEX0[0]     ; 4.273 ; 4.273 ; 4.273 ; 4.273 ;
; SW[6]      ; HEX0[1]     ; 4.299 ; 4.299 ; 4.299 ; 4.299 ;
; SW[6]      ; HEX0[2]     ; 4.295 ; 4.295 ; 4.295 ; 4.295 ;
; SW[6]      ; HEX0[3]     ; 4.291 ; 4.291 ; 4.291 ; 4.291 ;
; SW[6]      ; HEX0[4]     ; 4.175 ; 4.175 ; 4.175 ; 4.175 ;
; SW[6]      ; HEX0[5]     ; 4.170 ; 4.170 ; 4.170 ; 4.170 ;
; SW[6]      ; HEX0[6]     ; 4.175 ; 4.175 ; 4.175 ; 4.175 ;
; SW[6]      ; HEX1[0]     ; 4.002 ; 4.002 ; 4.002 ; 4.002 ;
; SW[6]      ; HEX1[3]     ; 4.101 ; 4.101 ; 4.101 ; 4.101 ;
; SW[6]      ; HEX1[4]     ; 4.111 ; 4.111 ; 4.111 ; 4.111 ;
; SW[6]      ; HEX1[5]     ; 4.143 ; 4.143 ; 4.143 ; 4.143 ;
; SW[6]      ; HEX3[0]     ; 3.473 ; 3.473 ; 3.473 ; 3.473 ;
; SW[6]      ; HEX3[1]     ; 3.620 ;       ;       ; 3.620 ;
; SW[6]      ; HEX3[2]     ;       ; 3.624 ; 3.624 ;       ;
; SW[6]      ; HEX3[3]     ; 3.200 ; 3.200 ; 3.200 ; 3.200 ;
; SW[6]      ; HEX3[4]     ; 3.313 ;       ;       ; 3.313 ;
; SW[6]      ; HEX3[5]     ;       ; 3.358 ; 3.358 ;       ;
; SW[6]      ; HEX3[6]     ; 3.508 ; 3.508 ; 3.508 ; 3.508 ;
; SW[6]      ; LEDG[2]     ; 5.356 ; 5.356 ; 5.356 ; 5.356 ;
; SW[6]      ; LEDG[3]     ; 5.534 ; 5.534 ; 5.534 ; 5.534 ;
; SW[6]      ; LEDG[4]     ; 4.777 ;       ;       ; 4.777 ;
; SW[6]      ; LEDG[7]     ; 5.616 ;       ;       ; 5.616 ;
; SW[7]      ; HEX0[0]     ; 3.556 ; 3.556 ; 3.556 ; 3.556 ;
; SW[7]      ; HEX0[1]     ; 3.582 ; 3.582 ; 3.582 ; 3.582 ;
; SW[7]      ; HEX0[2]     ; 3.578 ; 3.578 ; 3.578 ; 3.578 ;
; SW[7]      ; HEX0[3]     ; 3.574 ; 3.574 ; 3.574 ; 3.574 ;
; SW[7]      ; HEX0[4]     ; 3.458 ; 3.458 ; 3.458 ; 3.458 ;
; SW[7]      ; HEX0[5]     ; 3.453 ; 3.453 ; 3.453 ; 3.453 ;
; SW[7]      ; HEX0[6]     ; 3.458 ; 3.458 ; 3.458 ; 3.458 ;
; SW[7]      ; HEX1[0]     ; 3.285 ; 3.285 ; 3.285 ; 3.285 ;
; SW[7]      ; HEX1[3]     ; 3.384 ; 3.384 ; 3.384 ; 3.384 ;
; SW[7]      ; HEX1[4]     ; 3.394 ; 3.394 ; 3.394 ; 3.394 ;
; SW[7]      ; HEX1[5]     ; 3.426 ; 3.426 ; 3.426 ; 3.426 ;
; SW[7]      ; HEX3[0]     ;       ; 3.125 ; 3.125 ;       ;
; SW[7]      ; HEX3[1]     ;       ; 3.274 ; 3.274 ;       ;
; SW[7]      ; HEX3[2]     ;       ; 3.284 ; 3.284 ;       ;
; SW[7]      ; HEX3[5]     ;       ; 3.013 ; 3.013 ;       ;
; SW[7]      ; HEX3[6]     ;       ; 3.162 ; 3.162 ;       ;
; SW[7]      ; LEDG[3]     ; 4.745 ; 4.745 ; 4.745 ; 4.745 ;
; SW[7]      ; LEDG[4]     ; 3.988 ;       ;       ; 3.988 ;
; SW[7]      ; LEDG[7]     ; 5.220 ;       ;       ; 5.220 ;
; SW[8]      ; HEX0[0]     ; 3.468 ; 3.468 ; 3.468 ; 3.468 ;
; SW[8]      ; HEX0[1]     ; 3.500 ; 3.500 ; 3.500 ; 3.500 ;
; SW[8]      ; HEX0[2]     ; 3.489 ; 3.489 ; 3.489 ; 3.489 ;
; SW[8]      ; HEX0[3]     ; 3.491 ; 3.491 ; 3.491 ; 3.491 ;
; SW[8]      ; HEX0[4]     ; 3.380 ; 3.380 ; 3.380 ; 3.380 ;
; SW[8]      ; HEX0[5]     ; 3.377 ; 3.377 ; 3.377 ; 3.377 ;
; SW[8]      ; HEX0[6]     ; 3.383 ; 3.383 ; 3.383 ; 3.383 ;
; SW[8]      ; HEX1[0]     ; 3.682 ; 3.682 ; 3.682 ; 3.682 ;
; SW[8]      ; HEX1[3]     ; 3.781 ; 3.781 ; 3.781 ; 3.781 ;
; SW[8]      ; HEX1[4]     ; 3.791 ; 3.791 ; 3.791 ; 3.791 ;
; SW[8]      ; HEX1[5]     ; 3.823 ; 3.823 ; 3.823 ; 3.823 ;
; SW[8]      ; LEDG[0]     ; 4.458 ; 4.458 ; 4.458 ; 4.458 ;
; SW[8]      ; LEDG[1]     ; 4.184 ; 4.184 ; 4.184 ; 4.184 ;
; SW[8]      ; LEDG[2]     ; 5.101 ; 5.101 ; 5.101 ; 5.101 ;
; SW[8]      ; LEDG[3]     ; 5.541 ; 5.541 ; 5.541 ; 5.541 ;
; SW[8]      ; LEDG[4]     ; 4.784 ;       ;       ; 4.784 ;
+------------+-------------+-------+-------+-------+-------+


-------------------
; Clock Transfers ;
-------------------
Nothing to report.


---------------
; Report TCCS ;
---------------
No dedicated SERDES Transmitter circuitry present in device or used in design


---------------
; Report RSKM ;
---------------
No dedicated SERDES Receiver circuitry present in device or used in design


+------------------------------------------------+
; Unconstrained Paths                            ;
+---------------------------------+-------+------+
; Property                        ; Setup ; Hold ;
+---------------------------------+-------+------+
; Illegal Clocks                  ; 0     ; 0    ;
; Unconstrained Clocks            ; 0     ; 0    ;
; Unconstrained Input Ports       ; 9     ; 9    ;
; Unconstrained Input Port Paths  ; 190   ; 190  ;
; Unconstrained Output Ports      ; 31    ; 31   ;
; Unconstrained Output Port Paths ; 190   ; 190  ;
+---------------------------------+-------+------+


+------------------------------------+
; TimeQuest Timing Analyzer Messages ;
+------------------------------------+
Info: *******************************************************************
Info: Running Quartus II 64-Bit TimeQuest Timing Analyzer
    Info: Version 13.0.1 Build 232 06/12/2013 Service Pack 1 SJ Web Edition
    Info: Processing started: Mon Oct 05 22:09:02 2020
Info: Command: quartus_sta L2P4 -c L2P4
Info: qsta_default_script.tcl version: #1
Warning (20028): Parallel compilation is not licensed and has been disabled
Info (21077): Low junction temperature is 0 degrees C
Info (21077): High junction temperature is 85 degrees C
Critical Warning (332012): Synopsys Design Constraints File file not found: 'L2P4.sdc'. A Synopsys Design Constraints File is required by the TimeQuest Timing Analyzer to get proper timing constraints. Without it, the Compiler will not properly optimize the design.
Info (332142): No user constrained base clocks found in the design. Calling "derive_clocks -period 1.0"
Info (332096): The command derive_clocks did not find any clocks to derive.  No clocks were created or changed.
Warning (332068): No clocks defined in design.
Info: Found TIMEQUEST_REPORT_SCRIPT_INCLUDE_DEFAULT_ANALYSIS = ON
Info (332159): No clocks to report
Info: Analyzing Slow Model
Info (332140): No fmax paths to report
Info (332140): No Setup paths to report
Info (332140): No Hold paths to report
Info (332140): No Recovery paths to report
Info (332140): No Removal paths to report
Info (332140): No Minimum Pulse Width paths to report
Info (332001): The selected device family is not supported by the report_metastability command.
Info: Analyzing Fast Model
Info (332142): No user constrained base clocks found in the design. Calling "derive_clocks -period 1.0"
Info (332096): The command derive_clocks did not find any clocks to derive.  No clocks were created or changed.
Warning (332068): No clocks defined in design.
Info (332140): No Setup paths to report
Info (332140): No Hold paths to report
Info (332140): No Recovery paths to report
Info (332140): No Removal paths to report
Info (332140): No Minimum Pulse Width paths to report
Info (332001): The selected device family is not supported by the report_metastability command.
Info (332102): Design is not fully constrained for setup requirements
Info (332102): Design is not fully constrained for hold requirements
Info: Quartus II 64-Bit TimeQuest Timing Analyzer was successful. 0 errors, 4 warnings
    Info: Peak virtual memory: 4526 megabytes
    Info: Processing ended: Mon Oct 05 22:09:03 2020
    Info: Elapsed time: 00:00:01
    Info: Total CPU time (on all processors): 00:00:01


