Analysis & Synthesis report for L11P2
Mon Nov 23 21:46:56 2020
Quartus II 64-Bit Version 13.0.1 Build 232 06/12/2013 Service Pack 1 SJ Web Edition


---------------------
; Table of Contents ;
---------------------
  1. Legal Notice
  2. Analysis & Synthesis Summary
  3. Analysis & Synthesis Settings
  4. Parallel Compilation
  5. Analysis & Synthesis Source Files Read
  6. Analysis & Synthesis Resource Usage Summary
  7. Analysis & Synthesis Resource Utilization by Entity
  8. Analysis & Synthesis RAM Summary
  9. Analysis & Synthesis IP Cores Summary
 10. State Machine - |L11P2|y
 11. Registers Protected by Synthesis
 12. User-Specified and Inferred Latches
 13. General Register Statistics
 14. Multiplexer Restructuring Statistics (Restructuring Performed)
 15. Source assignments for memory_block:mem_blk|altsyncram:altsyncram_component|altsyncram_2cc1:auto_generated
 16. Parameter Settings for User Entity Instance: regne:loaddata
 17. Parameter Settings for User Entity Instance: memory_block:mem_blk|altsyncram:altsyncram_component
 18. altsyncram Parameter Settings by Entity Instance
 19. Port Connectivity Checks: "memory_block:mem_blk"
 20. Elapsed Time Per Partition
 21. Analysis & Synthesis Messages



----------------
; Legal Notice ;
----------------
Copyright (C) 1991-2013 Altera Corporation
Your use of Altera Corporation's design tools, logic functions 
and other software and tools, and its AMPP partner logic 
functions, and any output files from any of the foregoing 
(including device programming or simulation files), and any 
associated documentation or information are expressly subject 
to the terms and conditions of the Altera Program License 
Subscription Agreement, Altera MegaCore Function License 
Agreement, or other applicable license agreement, including, 
without limitation, that your use is for the sole purpose of 
programming logic devices manufactured by Altera and sold by 
Altera or its authorized distributors.  Please refer to the 
applicable agreement for further details.



+--------------------------------------------------------------------------------------+
; Analysis & Synthesis Summary                                                         ;
+------------------------------------+-------------------------------------------------+
; Analysis & Synthesis Status        ; Successful - Mon Nov 23 21:46:56 2020           ;
; Quartus II 64-Bit Version          ; 13.0.1 Build 232 06/12/2013 SP 1 SJ Web Edition ;
; Revision Name                      ; L11P2                                           ;
; Top-level Entity Name              ; L11P2                                           ;
; Family                             ; Cyclone II                                      ;
; Total logic elements               ; 104                                             ;
;     Total combinational functions  ; 104                                             ;
;     Dedicated logic registers      ; 16                                              ;
; Total registers                    ; 16                                              ;
; Total pins                         ; 18                                              ;
; Total virtual pins                 ; 0                                               ;
; Total memory bits                  ; 256                                             ;
; Embedded Multiplier 9-bit elements ; 0                                               ;
; Total PLLs                         ; 0                                               ;
+------------------------------------+-------------------------------------------------+


+----------------------------------------------------------------------------------------------------------------------+
; Analysis & Synthesis Settings                                                                                        ;
+----------------------------------------------------------------------------+--------------------+--------------------+
; Option                                                                     ; Setting            ; Default Value      ;
+----------------------------------------------------------------------------+--------------------+--------------------+
; Device                                                                     ; EP2C20F484C7       ;                    ;
; Top-level entity name                                                      ; L11P2              ; L11P2              ;
; Family name                                                                ; Cyclone II         ; Cyclone IV GX      ;
; Safe State Machine                                                         ; On                 ; Off                ;
; Use smart compilation                                                      ; Off                ; Off                ;
; Enable parallel Assembler and TimeQuest Timing Analyzer during compilation ; On                 ; On                 ;
; Enable compact report table                                                ; Off                ; Off                ;
; Restructure Multiplexers                                                   ; Auto               ; Auto               ;
; Create Debugging Nodes for IP Cores                                        ; Off                ; Off                ;
; Preserve fewer node names                                                  ; On                 ; On                 ;
; Disable OpenCore Plus hardware evaluation                                  ; Off                ; Off                ;
; Verilog Version                                                            ; Verilog_2001       ; Verilog_2001       ;
; VHDL Version                                                               ; VHDL_1993          ; VHDL_1993          ;
; State Machine Processing                                                   ; Auto               ; Auto               ;
; Extract Verilog State Machines                                             ; On                 ; On                 ;
; Extract VHDL State Machines                                                ; On                 ; On                 ;
; Ignore Verilog initial constructs                                          ; Off                ; Off                ;
; Iteration limit for constant Verilog loops                                 ; 5000               ; 5000               ;
; Iteration limit for non-constant Verilog loops                             ; 250                ; 250                ;
; Add Pass-Through Logic to Inferred RAMs                                    ; On                 ; On                 ;
; Infer RAMs from Raw Logic                                                  ; On                 ; On                 ;
; Parallel Synthesis                                                         ; On                 ; On                 ;
; DSP Block Balancing                                                        ; Auto               ; Auto               ;
; NOT Gate Push-Back                                                         ; On                 ; On                 ;
; Power-Up Don't Care                                                        ; On                 ; On                 ;
; Remove Redundant Logic Cells                                               ; Off                ; Off                ;
; Remove Duplicate Registers                                                 ; On                 ; On                 ;
; Ignore CARRY Buffers                                                       ; Off                ; Off                ;
; Ignore CASCADE Buffers                                                     ; Off                ; Off                ;
; Ignore GLOBAL Buffers                                                      ; Off                ; Off                ;
; Ignore ROW GLOBAL Buffers                                                  ; Off                ; Off                ;
; Ignore LCELL Buffers                                                       ; Off                ; Off                ;
; Ignore SOFT Buffers                                                        ; On                 ; On                 ;
; Limit AHDL Integers to 32 Bits                                             ; Off                ; Off                ;
; Optimization Technique                                                     ; Balanced           ; Balanced           ;
; Carry Chain Length                                                         ; 70                 ; 70                 ;
; Auto Carry Chains                                                          ; On                 ; On                 ;
; Auto Open-Drain Pins                                                       ; On                 ; On                 ;
; Perform WYSIWYG Primitive Resynthesis                                      ; Off                ; Off                ;
; Auto ROM Replacement                                                       ; On                 ; On                 ;
; Auto RAM Replacement                                                       ; On                 ; On                 ;
; Auto Shift Register Replacement                                            ; Auto               ; Auto               ;
; Allow Shift Register Merging across Hierarchies                            ; Auto               ; Auto               ;
; Auto Clock Enable Replacement                                              ; On                 ; On                 ;
; Strict RAM Replacement                                                     ; Off                ; Off                ;
; Allow Synchronous Control Signals                                          ; On                 ; On                 ;
; Force Use of Synchronous Clear Signals                                     ; Off                ; Off                ;
; Auto RAM to Logic Cell Conversion                                          ; Off                ; Off                ;
; Auto Resource Sharing                                                      ; Off                ; Off                ;
; Allow Any RAM Size For Recognition                                         ; Off                ; Off                ;
; Allow Any ROM Size For Recognition                                         ; Off                ; Off                ;
; Allow Any Shift Register Size For Recognition                              ; Off                ; Off                ;
; Use LogicLock Constraints during Resource Balancing                        ; On                 ; On                 ;
; Ignore translate_off and synthesis_off directives                          ; Off                ; Off                ;
; Timing-Driven Synthesis                                                    ; Off                ; Off                ;
; Report Parameter Settings                                                  ; On                 ; On                 ;
; Report Source Assignments                                                  ; On                 ; On                 ;
; Report Connectivity Checks                                                 ; On                 ; On                 ;
; Ignore Maximum Fan-Out Assignments                                         ; Off                ; Off                ;
; Synchronization Register Chain Length                                      ; 2                  ; 2                  ;
; PowerPlay Power Optimization                                               ; Normal compilation ; Normal compilation ;
; HDL message level                                                          ; Level2             ; Level2             ;
; Suppress Register Optimization Related Messages                            ; Off                ; Off                ;
; Number of Removed Registers Reported in Synthesis Report                   ; 5000               ; 5000               ;
; Number of Swept Nodes Reported in Synthesis Report                         ; 5000               ; 5000               ;
; Number of Inverted Registers Reported in Synthesis Report                  ; 100                ; 100                ;
; Clock MUX Protection                                                       ; On                 ; On                 ;
; Auto Gated Clock Conversion                                                ; Off                ; Off                ;
; Block Design Naming                                                        ; Auto               ; Auto               ;
; SDC constraint protection                                                  ; Off                ; Off                ;
; Synthesis Effort                                                           ; Auto               ; Auto               ;
; Shift Register Replacement - Allow Asynchronous Clear Signal               ; On                 ; On                 ;
; Pre-Mapping Resynthesis Optimization                                       ; Off                ; Off                ;
; Analysis & Synthesis Message Level                                         ; Medium             ; Medium             ;
; Disable Register Merging Across Hierarchies                                ; Auto               ; Auto               ;
; Resource Aware Inference For Block RAM                                     ; On                 ; On                 ;
; Synthesis Seed                                                             ; 1                  ; 1                  ;
+----------------------------------------------------------------------------+--------------------+--------------------+


Parallel compilation was disabled, but you have multiple processors available. Enable parallel compilation to reduce compilation time.
+-------------------------------------+
; Parallel Compilation                ;
+----------------------------+--------+
; Processors                 ; Number ;
+----------------------------+--------+
; Number detected on machine ; 3      ;
; Maximum allowed            ; 1      ;
+----------------------------+--------+


+---------------------------------------------------------------------------------------------------------------------------------------------------------------------------+
; Analysis & Synthesis Source Files Read                                                                                                                                    ;
+----------------------------------+-----------------+----------------------------------+-------------------------------------------------------------------------+---------+
; File Name with User-Entered Path ; Used in Netlist ; File Type                        ; File Name with Absolute Path                                            ; Library ;
+----------------------------------+-----------------+----------------------------------+-------------------------------------------------------------------------+---------+
; memory_block.vhd                 ; yes             ; User Wizard-Generated File       ; C:/Labs/Week 10/L11P2/L11P2/memory_block.vhd                            ;         ;
; my_array.mif                     ; yes             ; User Memory Initialization File  ; C:/Labs/Week 10/L11P2/L11P2/my_array.mif                                ;         ;
; L11P2.vhd                        ; yes             ; User VHDL File                   ; C:/Labs/Week 10/L11P2/L11P2/L11P2.vhd                                   ;         ;
; altsyncram.tdf                   ; yes             ; Megafunction                     ; c:/altera/13.0sp1/quartus/libraries/megafunctions/altsyncram.tdf        ;         ;
; stratix_ram_block.inc            ; yes             ; Megafunction                     ; c:/altera/13.0sp1/quartus/libraries/megafunctions/stratix_ram_block.inc ;         ;
; lpm_mux.inc                      ; yes             ; Megafunction                     ; c:/altera/13.0sp1/quartus/libraries/megafunctions/lpm_mux.inc           ;         ;
; lpm_decode.inc                   ; yes             ; Megafunction                     ; c:/altera/13.0sp1/quartus/libraries/megafunctions/lpm_decode.inc        ;         ;
; aglobal130.inc                   ; yes             ; Megafunction                     ; c:/altera/13.0sp1/quartus/libraries/megafunctions/aglobal130.inc        ;         ;
; a_rdenreg.inc                    ; yes             ; Megafunction                     ; c:/altera/13.0sp1/quartus/libraries/megafunctions/a_rdenreg.inc         ;         ;
; altrom.inc                       ; yes             ; Megafunction                     ; c:/altera/13.0sp1/quartus/libraries/megafunctions/altrom.inc            ;         ;
; altram.inc                       ; yes             ; Megafunction                     ; c:/altera/13.0sp1/quartus/libraries/megafunctions/altram.inc            ;         ;
; altdpram.inc                     ; yes             ; Megafunction                     ; c:/altera/13.0sp1/quartus/libraries/megafunctions/altdpram.inc          ;         ;
; db/altsyncram_2cc1.tdf           ; yes             ; Auto-Generated Megafunction      ; C:/Labs/Week 10/L11P2/L11P2/db/altsyncram_2cc1.tdf                      ;         ;
+----------------------------------+-----------------+----------------------------------+-------------------------------------------------------------------------+---------+


+-----------------------------------------------------+
; Analysis & Synthesis Resource Usage Summary         ;
+---------------------------------------------+-------+
; Resource                                    ; Usage ;
+---------------------------------------------+-------+
; Estimated Total logic elements              ; 104   ;
;                                             ;       ;
; Total combinational functions               ; 104   ;
; Logic element usage by number of LUT inputs ;       ;
;     -- 4 input functions                    ; 21    ;
;     -- 3 input functions                    ; 46    ;
;     -- <=2 input functions                  ; 37    ;
;                                             ;       ;
; Logic elements by mode                      ;       ;
;     -- normal mode                          ; 77    ;
;     -- arithmetic mode                      ; 27    ;
;                                             ;       ;
; Total registers                             ; 16    ;
;     -- Dedicated logic registers            ; 16    ;
;     -- I/O registers                        ; 0     ;
;                                             ;       ;
; I/O pins                                    ; 18    ;
; Total memory bits                           ; 256   ;
; Embedded Multiplier 9-bit elements          ; 0     ;
; Maximum fan-out node                        ; Clock ;
; Maximum fan-out                             ; 24    ;
; Total fan-out                               ; 401   ;
; Average fan-out                             ; 2.75  ;
+---------------------------------------------+-------+


+-------------------------------------------------------------------------------------------------------------------------------------------------------------------------------------------------------------------------------------------------------------------+
; Analysis & Synthesis Resource Utilization by Entity                                                                                                                                                                                                               ;
+-------------------------------------------+-------------------+--------------+-------------+--------------+---------+-----------+------+--------------+--------------------------------------------------------------------------------------------+--------------+
; Compilation Hierarchy Node                ; LC Combinationals ; LC Registers ; Memory Bits ; DSP Elements ; DSP 9x9 ; DSP 18x18 ; Pins ; Virtual Pins ; Full Hierarchy Name                                                                        ; Library Name ;
+-------------------------------------------+-------------------+--------------+-------------+--------------+---------+-----------+------+--------------+--------------------------------------------------------------------------------------------+--------------+
; |L11P2                                    ; 104 (95)          ; 16 (8)       ; 256         ; 0            ; 0       ; 0         ; 18   ; 0            ; |L11P2                                                                                     ; work         ;
;    |memory_block:mem_blk|                 ; 0 (0)             ; 0 (0)        ; 256         ; 0            ; 0       ; 0         ; 0    ; 0            ; |L11P2|memory_block:mem_blk                                                                ; work         ;
;       |altsyncram:altsyncram_component|   ; 0 (0)             ; 0 (0)        ; 256         ; 0            ; 0       ; 0         ; 0    ; 0            ; |L11P2|memory_block:mem_blk|altsyncram:altsyncram_component                                ; work         ;
;          |altsyncram_2cc1:auto_generated| ; 0 (0)             ; 0 (0)        ; 256         ; 0            ; 0       ; 0         ; 0    ; 0            ; |L11P2|memory_block:mem_blk|altsyncram:altsyncram_component|altsyncram_2cc1:auto_generated ; work         ;
;    |regne:loaddata|                       ; 9 (9)             ; 8 (8)        ; 0           ; 0            ; 0       ; 0         ; 0    ; 0            ; |L11P2|regne:loaddata                                                                      ; work         ;
+-------------------------------------------+-------------------+--------------+-------------+--------------+---------+-----------+------+--------------+--------------------------------------------------------------------------------------------+--------------+
Note: For table entries with two numbers listed, the numbers in parentheses indicate the number of resources of the given type used by the specific entity alone. The numbers listed outside of parentheses indicate the total resources of the given type used by the specific entity and all of its sub-entities in the hierarchy.


+-------------------------------------------------------------------------------------------------------------------------------------------------------------------------------------------------------+
; Analysis & Synthesis RAM Summary                                                                                                                                                                      ;
+------------------------------------------------------------------------------------------------+------+-------------+--------------+--------------+--------------+--------------+------+--------------+
; Name                                                                                           ; Type ; Mode        ; Port A Depth ; Port A Width ; Port B Depth ; Port B Width ; Size ; MIF          ;
+------------------------------------------------------------------------------------------------+------+-------------+--------------+--------------+--------------+--------------+------+--------------+
; memory_block:mem_blk|altsyncram:altsyncram_component|altsyncram_2cc1:auto_generated|ALTSYNCRAM ; AUTO ; Single Port ; 32           ; 8            ; --           ; --           ; 256  ; my_array.mif ;
+------------------------------------------------------------------------------------------------+------+-------------+--------------+--------------+--------------+--------------+------+--------------+


+--------------------------------------------------------------------------------------------------------------------------------------------+
; Analysis & Synthesis IP Cores Summary                                                                                                      ;
+--------+--------------+---------+--------------+--------------+-----------------------------+----------------------------------------------+
; Vendor ; IP Core Name ; Version ; Release Date ; License Type ; Entity Instance             ; IP Include File                              ;
+--------+--------------+---------+--------------+--------------+-----------------------------+----------------------------------------------+
; Altera ; RAM: 1-PORT  ; 13.0    ; N/A          ; N/A          ; |L11P2|memory_block:mem_blk ; C:/Labs/Week 10/L11P2/L11P2/memory_block.vhd ;
+--------+--------------+---------+--------------+--------------+-----------------------------+----------------------------------------------+


Encoding Type: Safe One-Hot
+----------------------------------------------------------------------+
; State Machine - |L11P2|y                                             ;
+--------+------+------+------+--------+--------+--------+------+------+
; Name   ; y.s6 ; y.s5 ; y.s4 ; y.s3_3 ; y.s3_2 ; y.s3_1 ; y.s2 ; y.s1 ;
+--------+------+------+------+--------+--------+--------+------+------+
; y.s1   ; 0    ; 0    ; 0    ; 0      ; 0      ; 0      ; 0    ; 0    ;
; y.s2   ; 0    ; 0    ; 0    ; 0      ; 0      ; 0      ; 1    ; 1    ;
; y.s3_1 ; 0    ; 0    ; 0    ; 0      ; 0      ; 1      ; 0    ; 1    ;
; y.s3_2 ; 0    ; 0    ; 0    ; 0      ; 1      ; 0      ; 0    ; 1    ;
; y.s3_3 ; 0    ; 0    ; 0    ; 1      ; 0      ; 0      ; 0    ; 1    ;
; y.s4   ; 0    ; 0    ; 1    ; 0      ; 0      ; 0      ; 0    ; 1    ;
; y.s5   ; 0    ; 1    ; 0    ; 0      ; 0      ; 0      ; 0    ; 1    ;
; y.s6   ; 1    ; 0    ; 0    ; 0      ; 0      ; 0      ; 0    ; 1    ;
+--------+------+------+------+--------+--------+--------+------+------+


+-------------------------------------------------------------------------------------------------------------------------------+
; Registers Protected by Synthesis                                                                                              ;
+---------------+------------------------------------------------------------------+--------------------------------------------+
; Register Name ; Protected by Synthesis Attribute or Preserve Register Assignment ; Not to be Touched by Netlist Optimizations ;
+---------------+------------------------------------------------------------------+--------------------------------------------+
; y.s4          ; no                                                               ; yes                                        ;
; y.s6          ; no                                                               ; yes                                        ;
; y.s3_1        ; no                                                               ; yes                                        ;
; y.s3_3        ; no                                                               ; yes                                        ;
; y.s1          ; no                                                               ; yes                                        ;
; y.s2          ; no                                                               ; yes                                        ;
; y.s3_2        ; no                                                               ; yes                                        ;
; y.s5          ; no                                                               ; yes                                        ;
+---------------+------------------------------------------------------------------+--------------------------------------------+


+----------------------------------------------------------------------------------------------------+
; User-Specified and Inferred Latches                                                                ;
+-----------------------------------------------------+---------------------+------------------------+
; Latch Name                                          ; Latch Enable Signal ; Free of Timing Hazards ;
+-----------------------------------------------------+---------------------+------------------------+
; guess[0]                                            ; y.s3_1              ; yes                    ;
; guess[1]                                            ; y.s3_1              ; yes                    ;
; guess[2]                                            ; y.s3_1              ; yes                    ;
; guess[3]                                            ; y.s3_1              ; yes                    ;
; guess[4]                                            ; y.s3_1              ; yes                    ;
; sum[1]                                              ; y.s3_1              ; yes                    ;
; sum[2]                                              ; y.s3_1              ; yes                    ;
; sum[3]                                              ; y.s3_1              ; yes                    ;
; sum[4]                                              ; y.s3_1              ; yes                    ;
; sum[5]                                              ; y.s3_1              ; yes                    ;
; min[0]                                              ; Selector13          ; yes                    ;
; min[1]                                              ; Selector13          ; yes                    ;
; min[2]                                              ; Selector13          ; yes                    ;
; min[3]                                              ; Selector13          ; yes                    ;
; min[4]                                              ; Selector13          ; yes                    ;
; min[5]                                              ; Selector13          ; yes                    ;
; max[0]                                              ; Selector1           ; yes                    ;
; max[2]                                              ; Selector1           ; yes                    ;
; max[3]                                              ; Selector1           ; yes                    ;
; max[4]                                              ; Selector1           ; yes                    ;
; max[5]                                              ; Selector11          ; yes                    ;
; max[1]                                              ; Selector1           ; yes                    ;
; Number of user-specified and inferred latches = 22  ;                     ;                        ;
+-----------------------------------------------------+---------------------+------------------------+
Note: All latches listed above may not be present at the end of synthesis due to various synthesis optimizations.


+------------------------------------------------------+
; General Register Statistics                          ;
+----------------------------------------------+-------+
; Statistic                                    ; Value ;
+----------------------------------------------+-------+
; Total registers                              ; 16    ;
; Number of registers using Synchronous Clear  ; 0     ;
; Number of registers using Synchronous Load   ; 0     ;
; Number of registers using Asynchronous Clear ; 8     ;
; Number of registers using Asynchronous Load  ; 0     ;
; Number of registers using Clock Enable       ; 8     ;
; Number of registers using Preset             ; 0     ;
+----------------------------------------------+-------+


+------------------------------------------------------------------------------------------------------------------------------------------+
; Multiplexer Restructuring Statistics (Restructuring Performed)                                                                           ;
+--------------------+-----------+---------------+----------------------+------------------------+------------+----------------------------+
; Multiplexer Inputs ; Bus Width ; Baseline Area ; Area if Restructured ; Saving if Restructured ; Registered ; Example Multiplexer Output ;
+--------------------+-----------+---------------+----------------------+------------------------+------------+----------------------------+
; 3:1                ; 8 bits    ; 16 LEs        ; 8 LEs                ; 8 LEs                  ; Yes        ; |L11P2|regne:loaddata|Q[7] ;
; 3:1                ; 5 bits    ; 10 LEs        ; 10 LEs               ; 0 LEs                  ; No         ; |L11P2|Selector9           ;
+--------------------+-----------+---------------+----------------------+------------------------+------------+----------------------------+


+------------------------------------------------------------------------------------------------------------+
; Source assignments for memory_block:mem_blk|altsyncram:altsyncram_component|altsyncram_2cc1:auto_generated ;
+---------------------------------+--------------------+------+----------------------------------------------+
; Assignment                      ; Value              ; From ; To                                           ;
+---------------------------------+--------------------+------+----------------------------------------------+
; OPTIMIZE_POWER_DURING_SYNTHESIS ; NORMAL_COMPILATION ; -    ; -                                            ;
+---------------------------------+--------------------+------+----------------------------------------------+


+-------------------------------------------------------------+
; Parameter Settings for User Entity Instance: regne:loaddata ;
+----------------+-------+------------------------------------+
; Parameter Name ; Value ; Type                               ;
+----------------+-------+------------------------------------+
; n              ; 8     ; Signed Integer                     ;
+----------------+-------+------------------------------------+
Note: In order to hide this table in the UI and the text report file, please set the "Show Parameter Settings in Synthesis Report" option in "Analysis and Synthesis Settings -> More Settings" to "Off".


+---------------------------------------------------------------------------------------------------+
; Parameter Settings for User Entity Instance: memory_block:mem_blk|altsyncram:altsyncram_component ;
+------------------------------------+----------------------+---------------------------------------+
; Parameter Name                     ; Value                ; Type                                  ;
+------------------------------------+----------------------+---------------------------------------+
; BYTE_SIZE_BLOCK                    ; 8                    ; Untyped                               ;
; AUTO_CARRY_CHAINS                  ; ON                   ; AUTO_CARRY                            ;
; IGNORE_CARRY_BUFFERS               ; OFF                  ; IGNORE_CARRY                          ;
; AUTO_CASCADE_CHAINS                ; ON                   ; AUTO_CASCADE                          ;
; IGNORE_CASCADE_BUFFERS             ; OFF                  ; IGNORE_CASCADE                        ;
; WIDTH_BYTEENA                      ; 1                    ; Untyped                               ;
; OPERATION_MODE                     ; SINGLE_PORT          ; Untyped                               ;
; WIDTH_A                            ; 8                    ; Signed Integer                        ;
; WIDTHAD_A                          ; 5                    ; Signed Integer                        ;
; NUMWORDS_A                         ; 32                   ; Signed Integer                        ;
; OUTDATA_REG_A                      ; CLOCK0               ; Untyped                               ;
; ADDRESS_ACLR_A                     ; NONE                 ; Untyped                               ;
; OUTDATA_ACLR_A                     ; NONE                 ; Untyped                               ;
; WRCONTROL_ACLR_A                   ; NONE                 ; Untyped                               ;
; INDATA_ACLR_A                      ; NONE                 ; Untyped                               ;
; BYTEENA_ACLR_A                     ; NONE                 ; Untyped                               ;
; WIDTH_B                            ; 1                    ; Untyped                               ;
; WIDTHAD_B                          ; 1                    ; Untyped                               ;
; NUMWORDS_B                         ; 1                    ; Untyped                               ;
; INDATA_REG_B                       ; CLOCK1               ; Untyped                               ;
; WRCONTROL_WRADDRESS_REG_B          ; CLOCK1               ; Untyped                               ;
; RDCONTROL_REG_B                    ; CLOCK1               ; Untyped                               ;
; ADDRESS_REG_B                      ; CLOCK1               ; Untyped                               ;
; OUTDATA_REG_B                      ; UNREGISTERED         ; Untyped                               ;
; BYTEENA_REG_B                      ; CLOCK1               ; Untyped                               ;
; INDATA_ACLR_B                      ; NONE                 ; Untyped                               ;
; WRCONTROL_ACLR_B                   ; NONE                 ; Untyped                               ;
; ADDRESS_ACLR_B                     ; NONE                 ; Untyped                               ;
; OUTDATA_ACLR_B                     ; NONE                 ; Untyped                               ;
; RDCONTROL_ACLR_B                   ; NONE                 ; Untyped                               ;
; BYTEENA_ACLR_B                     ; NONE                 ; Untyped                               ;
; WIDTH_BYTEENA_A                    ; 1                    ; Signed Integer                        ;
; WIDTH_BYTEENA_B                    ; 1                    ; Untyped                               ;
; RAM_BLOCK_TYPE                     ; AUTO                 ; Untyped                               ;
; BYTE_SIZE                          ; 8                    ; Untyped                               ;
; READ_DURING_WRITE_MODE_MIXED_PORTS ; DONT_CARE            ; Untyped                               ;
; READ_DURING_WRITE_MODE_PORT_A      ; NEW_DATA_NO_NBE_READ ; Untyped                               ;
; READ_DURING_WRITE_MODE_PORT_B      ; NEW_DATA_NO_NBE_READ ; Untyped                               ;
; INIT_FILE                          ; my_array.mif         ; Untyped                               ;
; INIT_FILE_LAYOUT                   ; PORT_A               ; Untyped                               ;
; MAXIMUM_DEPTH                      ; 0                    ; Untyped                               ;
; CLOCK_ENABLE_INPUT_A               ; BYPASS               ; Untyped                               ;
; CLOCK_ENABLE_INPUT_B               ; NORMAL               ; Untyped                               ;
; CLOCK_ENABLE_OUTPUT_A              ; BYPASS               ; Untyped                               ;
; CLOCK_ENABLE_OUTPUT_B              ; NORMAL               ; Untyped                               ;
; CLOCK_ENABLE_CORE_A                ; USE_INPUT_CLKEN      ; Untyped                               ;
; CLOCK_ENABLE_CORE_B                ; USE_INPUT_CLKEN      ; Untyped                               ;
; ENABLE_ECC                         ; FALSE                ; Untyped                               ;
; ECC_PIPELINE_STAGE_ENABLED         ; FALSE                ; Untyped                               ;
; WIDTH_ECCSTATUS                    ; 3                    ; Untyped                               ;
; DEVICE_FAMILY                      ; Cyclone II           ; Untyped                               ;
; CBXI_PARAMETER                     ; altsyncram_2cc1      ; Untyped                               ;
+------------------------------------+----------------------+---------------------------------------+
Note: In order to hide this table in the UI and the text report file, please set the "Show Parameter Settings in Synthesis Report" option in "Analysis and Synthesis Settings -> More Settings" to "Off".


+--------------------------------------------------------------------------------------------------+
; altsyncram Parameter Settings by Entity Instance                                                 ;
+-------------------------------------------+------------------------------------------------------+
; Name                                      ; Value                                                ;
+-------------------------------------------+------------------------------------------------------+
; Number of entity instances                ; 1                                                    ;
; Entity Instance                           ; memory_block:mem_blk|altsyncram:altsyncram_component ;
;     -- OPERATION_MODE                     ; SINGLE_PORT                                          ;
;     -- WIDTH_A                            ; 8                                                    ;
;     -- NUMWORDS_A                         ; 32                                                   ;
;     -- OUTDATA_REG_A                      ; CLOCK0                                               ;
;     -- WIDTH_B                            ; 1                                                    ;
;     -- NUMWORDS_B                         ; 1                                                    ;
;     -- ADDRESS_REG_B                      ; CLOCK1                                               ;
;     -- OUTDATA_REG_B                      ; UNREGISTERED                                         ;
;     -- RAM_BLOCK_TYPE                     ; AUTO                                                 ;
;     -- READ_DURING_WRITE_MODE_MIXED_PORTS ; DONT_CARE                                            ;
+-------------------------------------------+------------------------------------------------------+


+--------------------------------------------------+
; Port Connectivity Checks: "memory_block:mem_blk" ;
+------+-------+----------+------------------------+
; Port ; Type  ; Severity ; Details                ;
+------+-------+----------+------------------------+
; data ; Input ; Info     ; Stuck at GND           ;
; wren ; Input ; Info     ; Stuck at GND           ;
+------+-------+----------+------------------------+


+-------------------------------+
; Elapsed Time Per Partition    ;
+----------------+--------------+
; Partition Name ; Elapsed Time ;
+----------------+--------------+
; Top            ; 00:00:00     ;
+----------------+--------------+


+-------------------------------+
; Analysis & Synthesis Messages ;
+-------------------------------+
Info: *******************************************************************
Info: Running Quartus II 64-Bit Analysis & Synthesis
    Info: Version 13.0.1 Build 232 06/12/2013 Service Pack 1 SJ Web Edition
    Info: Processing started: Mon Nov 23 21:46:53 2020
Info: Command: quartus_map --read_settings_files=on --write_settings_files=off L11P2 -c L11P2
Warning (20028): Parallel compilation is not licensed and has been disabled
Info (12021): Found 2 design units, including 1 entities, in source file memory_block.vhd
    Info (12022): Found design unit 1: memory_block-SYN
    Info (12023): Found entity 1: memory_block
Info (12021): Found 6 design units, including 3 entities, in source file l11p2.vhd
    Info (12022): Found design unit 1: L11P2-Behavior
    Info (12022): Found design unit 2: regne-Behavior
    Info (12022): Found design unit 3: shiftrne-shift
    Info (12023): Found entity 1: L11P2
    Info (12023): Found entity 2: regne
    Info (12023): Found entity 3: shiftrne
Info (12127): Elaborating entity "L11P2" for the top level hierarchy
Warning (10492): VHDL Process Statement warning at L11P2.vhd(49): signal "s" is read inside the Process Statement but isn't in the Process Statement's sensitivity list
Warning (10492): VHDL Process Statement warning at L11P2.vhd(59): signal "guess_value" is read inside the Process Statement but isn't in the Process Statement's sensitivity list
Warning (10492): VHDL Process Statement warning at L11P2.vhd(59): signal "target" is read inside the Process Statement but isn't in the Process Statement's sensitivity list
Warning (10492): VHDL Process Statement warning at L11P2.vhd(65): signal "s" is read inside the Process Statement but isn't in the Process Statement's sensitivity list
Warning (10492): VHDL Process Statement warning at L11P2.vhd(77): signal "s" is read inside the Process Statement but isn't in the Process Statement's sensitivity list
Warning (10492): VHDL Process Statement warning at L11P2.vhd(107): signal "min" is read inside the Process Statement but isn't in the Process Statement's sensitivity list
Warning (10492): VHDL Process Statement warning at L11P2.vhd(107): signal "max" is read inside the Process Statement but isn't in the Process Statement's sensitivity list
Warning (10492): VHDL Process Statement warning at L11P2.vhd(108): signal "sum" is read inside the Process Statement but isn't in the Process Statement's sensitivity list
Warning (10492): VHDL Process Statement warning at L11P2.vhd(117): signal "guess_value" is read inside the Process Statement but isn't in the Process Statement's sensitivity list
Warning (10492): VHDL Process Statement warning at L11P2.vhd(117): signal "target" is read inside the Process Statement but isn't in the Process Statement's sensitivity list
Warning (10492): VHDL Process Statement warning at L11P2.vhd(118): signal "guess" is read inside the Process Statement but isn't in the Process Statement's sensitivity list
Warning (10492): VHDL Process Statement warning at L11P2.vhd(120): signal "guess" is read inside the Process Statement but isn't in the Process Statement's sensitivity list
Warning (10631): VHDL Process Statement warning at L11P2.vhd(94): inferring latch(es) for signal or variable "min", which holds its previous value in one or more paths through the process
Warning (10631): VHDL Process Statement warning at L11P2.vhd(94): inferring latch(es) for signal or variable "max", which holds its previous value in one or more paths through the process
Warning (10631): VHDL Process Statement warning at L11P2.vhd(94): inferring latch(es) for signal or variable "sum", which holds its previous value in one or more paths through the process
Warning (10631): VHDL Process Statement warning at L11P2.vhd(94): inferring latch(es) for signal or variable "guess", which holds its previous value in one or more paths through the process
Info (10041): Inferred latch for "guess[0]" at L11P2.vhd(94)
Info (10041): Inferred latch for "guess[1]" at L11P2.vhd(94)
Info (10041): Inferred latch for "guess[2]" at L11P2.vhd(94)
Info (10041): Inferred latch for "guess[3]" at L11P2.vhd(94)
Info (10041): Inferred latch for "guess[4]" at L11P2.vhd(94)
Info (10041): Inferred latch for "sum[1]" at L11P2.vhd(94)
Info (10041): Inferred latch for "sum[2]" at L11P2.vhd(94)
Info (10041): Inferred latch for "sum[3]" at L11P2.vhd(94)
Info (10041): Inferred latch for "sum[4]" at L11P2.vhd(94)
Info (10041): Inferred latch for "sum[5]" at L11P2.vhd(94)
Info (10041): Inferred latch for "max[0]" at L11P2.vhd(94)
Info (10041): Inferred latch for "max[1]" at L11P2.vhd(94)
Info (10041): Inferred latch for "max[2]" at L11P2.vhd(94)
Info (10041): Inferred latch for "max[3]" at L11P2.vhd(94)
Info (10041): Inferred latch for "max[4]" at L11P2.vhd(94)
Info (10041): Inferred latch for "max[5]" at L11P2.vhd(94)
Info (10041): Inferred latch for "min[0]" at L11P2.vhd(94)
Info (10041): Inferred latch for "min[1]" at L11P2.vhd(94)
Info (10041): Inferred latch for "min[2]" at L11P2.vhd(94)
Info (10041): Inferred latch for "min[3]" at L11P2.vhd(94)
Info (10041): Inferred latch for "min[4]" at L11P2.vhd(94)
Info (10041): Inferred latch for "min[5]" at L11P2.vhd(94)
Info (12128): Elaborating entity "regne" for hierarchy "regne:loaddata"
Info (12128): Elaborating entity "memory_block" for hierarchy "memory_block:mem_blk"
Info (12128): Elaborating entity "altsyncram" for hierarchy "memory_block:mem_blk|altsyncram:altsyncram_component"
Info (12130): Elaborated megafunction instantiation "memory_block:mem_blk|altsyncram:altsyncram_component"
Info (12133): Instantiated megafunction "memory_block:mem_blk|altsyncram:altsyncram_component" with the following parameter:
    Info (12134): Parameter "clock_enable_input_a" = "BYPASS"
    Info (12134): Parameter "clock_enable_output_a" = "BYPASS"
    Info (12134): Parameter "init_file" = "my_array.mif"
    Info (12134): Parameter "intended_device_family" = "Cyclone II"
    Info (12134): Parameter "lpm_hint" = "ENABLE_RUNTIME_MOD=NO"
    Info (12134): Parameter "lpm_type" = "altsyncram"
    Info (12134): Parameter "numwords_a" = "32"
    Info (12134): Parameter "operation_mode" = "SINGLE_PORT"
    Info (12134): Parameter "outdata_aclr_a" = "NONE"
    Info (12134): Parameter "outdata_reg_a" = "CLOCK0"
    Info (12134): Parameter "power_up_uninitialized" = "FALSE"
    Info (12134): Parameter "widthad_a" = "5"
    Info (12134): Parameter "width_a" = "8"
    Info (12134): Parameter "width_byteena_a" = "1"
Info (12021): Found 1 design units, including 1 entities, in source file db/altsyncram_2cc1.tdf
    Info (12023): Found entity 1: altsyncram_2cc1
Info (12128): Elaborating entity "altsyncram_2cc1" for hierarchy "memory_block:mem_blk|altsyncram:altsyncram_component|altsyncram_2cc1:auto_generated"
Info (284007): State machine "|L11P2|y" will be implemented as a safe state machine.
Warning (13012): Latch min[0] has unsafe behavior
    Warning (13013): Ports D and ENA on the latch are fed by the same signal y.s5
Warning (13012): Latch min[1] has unsafe behavior
    Warning (13013): Ports D and ENA on the latch are fed by the same signal y.s5
Warning (13012): Latch min[2] has unsafe behavior
    Warning (13013): Ports D and ENA on the latch are fed by the same signal y.s5
Warning (13012): Latch min[3] has unsafe behavior
    Warning (13013): Ports D and ENA on the latch are fed by the same signal y.s5
Warning (13012): Latch min[4] has unsafe behavior
    Warning (13013): Ports D and ENA on the latch are fed by the same signal y.s5
Warning (13012): Latch min[5] has unsafe behavior
    Warning (13013): Ports D and ENA on the latch are fed by the same signal y.s5
Warning (13012): Latch max[0] has unsafe behavior
    Warning (13013): Ports D and ENA on the latch are fed by the same signal y.s2
Warning (13012): Latch max[2] has unsafe behavior
    Warning (13013): Ports D and ENA on the latch are fed by the same signal y.s2
Warning (13012): Latch max[3] has unsafe behavior
    Warning (13013): Ports D and ENA on the latch are fed by the same signal y.s2
Warning (13012): Latch max[4] has unsafe behavior
    Warning (13013): Ports D and ENA on the latch are fed by the same signal y.s2
Warning (13012): Latch max[5] has unsafe behavior
    Warning (13013): Ports D and ENA on the latch are fed by the same signal y.s5
Warning (13012): Latch max[1] has unsafe behavior
    Warning (13013): Ports D and ENA on the latch are fed by the same signal y.s2
Info (16010): Generating hard_block partition "hard_block:auto_generated_inst"
    Info (16011): Adding 0 node(s), including 0 DDIO, 0 PLL, 0 transceiver and 0 LCELL
Info (21057): Implemented 130 device resources after synthesis - the final resource count might be different
    Info (21058): Implemented 11 input pins
    Info (21059): Implemented 7 output pins
    Info (21061): Implemented 104 logic cells
    Info (21064): Implemented 8 RAM segments
Info: Quartus II 64-Bit Analysis & Synthesis was successful. 0 errors, 41 warnings
    Info: Peak virtual memory: 4649 megabytes
    Info: Processing ended: Mon Nov 23 21:46:56 2020
    Info: Elapsed time: 00:00:03
    Info: Total CPU time (on all processors): 00:00:03


